16:14:04.602 [main] INFO       d.a.JournalApp.JournalAppApplication -----Starting JournalAppApplication using Java 21.0.5 with PID 6864 (C:\Users\shank\OneDrive\Desktop\PortfolioWebsite\JournalApp\target\classes started by shank in C:\Users\shank\OneDrive\Desktop\PortfolioWebsite\JournalApp)  
16:14:04.607 [main] INFO       d.a.JournalApp.JournalAppApplication -----The following 1 profile is active: "test"  
16:14:06.022 [main] INFO       o.s.d.r.c.RepositoryConfigurationDelegate -----Multiple Spring Data modules found, entering strict repository configuration mode  
16:14:06.024 [main] INFO       o.s.d.r.c.RepositoryConfigurationDelegate -----Bootstrapping Spring Data MongoDB repositories in DEFAULT mode.  
16:14:06.289 [main] INFO       o.s.d.r.c.RepositoryConfigurationDelegate -----Finished Spring Data repository scanning in 257 ms. Found 3 MongoDB repository interfaces.  
16:14:06.313 [main] INFO       o.s.d.r.c.RepositoryConfigurationDelegate -----Multiple Spring Data modules found, entering strict repository configuration mode  
16:14:06.315 [main] INFO       o.s.d.r.c.RepositoryConfigurationDelegate -----Bootstrapping Spring Data Redis repositories in DEFAULT mode.  
16:14:06.339 [main] INFO       o.s.d.r.c.RepositoryConfigurationExtensionSupport -----Spring Data Redis - Could not safely identify store assignment for repository candidate interface dev.anurag.JournalApp.repository.ConfigJournalRepository; If you want this repository to be a Redis repository, consider annotating your entities with one of these annotations: org.springframework.data.redis.core.RedisHash (preferred), or consider extending one of the following types with your repository: org.springframework.data.keyvalue.repository.KeyValueRepository  
16:14:06.340 [main] INFO       o.s.d.r.c.RepositoryConfigurationExtensionSupport -----Spring Data Redis - Could not safely identify store assignment for repository candidate interface dev.anurag.JournalApp.repository.JournalRepository; If you want this repository to be a Redis repository, consider annotating your entities with one of these annotations: org.springframework.data.redis.core.RedisHash (preferred), or consider extending one of the following types with your repository: org.springframework.data.keyvalue.repository.KeyValueRepository  
16:14:06.340 [main] INFO       o.s.d.r.c.RepositoryConfigurationExtensionSupport -----Spring Data Redis - Could not safely identify store assignment for repository candidate interface dev.anurag.JournalApp.repository.UserRepository; If you want this repository to be a Redis repository, consider annotating your entities with one of these annotations: org.springframework.data.redis.core.RedisHash (preferred), or consider extending one of the following types with your repository: org.springframework.data.keyvalue.repository.KeyValueRepository  
16:14:06.340 [main] INFO       o.s.d.r.c.RepositoryConfigurationDelegate -----Finished Spring Data repository scanning in 12 ms. Found 0 Redis repository interfaces.  
16:14:07.158 [main] INFO       o.s.b.w.e.tomcat.TomcatWebServer -----Tomcat initialized with port 8080 (http)  
16:14:07.177 [main] INFO       o.a.coyote.http11.Http11NioProtocol -----Initializing ProtocolHandler ["http-nio-8080"]  
16:14:07.182 [main] INFO       o.a.catalina.core.StandardService -----Starting service [Tomcat]  
16:14:07.182 [main] INFO       o.a.catalina.core.StandardEngine -----Starting Servlet engine: [Apache Tomcat/10.1.36]  
16:14:07.267 [main] INFO       o.a.c.c.C.[Tomcat].[localhost].[/] -----Initializing Spring embedded WebApplicationContext  
16:14:07.267 [main] INFO       o.s.b.w.s.c.ServletWebServerApplicationContext -----Root WebApplicationContext: initialization completed in 2592 ms  
16:14:07.572 [cluster-ClusterId{value='68a5a6f7babd0c7ac6f4eae0', description='Cluster0 '}-srv-cluster0.z7sib.mongodb.net] INFO       org.mongodb.driver.cluster -----Adding discovered server cluster0-shard-00-00.z7sib.mongodb.net:27017 to client view of cluster  
16:14:07.585 [main] INFO       org.mongodb.driver.client -----MongoClient with metadata {"application": {"name": "Cluster0 "}, "driver": {"name": "mongo-java-driver|sync|spring-boot", "version": "5.2.1"}, "os": {"type": "Windows", "name": "Windows 11", "architecture": "amd64", "version": "10.0"}, "platform": "Java/Oracle Corporation/21.0.5+9-LTS-jvmci-23.1-b48"} created with settings MongoClientSettings{readPreference=primary, writeConcern=WriteConcern{w=majority, wTimeout=null ms, journal=null}, retryWrites=true, retryReads=true, readConcern=ReadConcern{level=null}, credential=MongoCredential{mechanism=null, userName='jatanurag000', source='admin', password=<hidden>, mechanismProperties=<hidden>}, transportSettings=null, commandListeners=[], codecRegistry=ProvidersCodecRegistry{codecProviders=[ValueCodecProvider{}, BsonValueCodecProvider{}, DBRefCodecProvider{}, DBObjectCodecProvider{}, DocumentCodecProvider{}, CollectionCodecProvider{}, IterableCodecProvider{}, MapCodecProvider{}, GeoJsonCodecProvider{}, GridFSFileCodecProvider{}, Jsr310CodecProvider{}, JsonObjectCodecProvider{}, BsonCodecProvider{}, EnumCodecProvider{}, com.mongodb.client.model.mql.ExpressionCodecProvider@11f23038, com.mongodb.Jep395RecordCodecProvider@de77146, com.mongodb.KotlinCodecProvider@691567ea]}, loggerSettings=LoggerSettings{maxDocumentLength=1000}, clusterSettings={hosts=[127.0.0.1:27017], srvHost=cluster0.z7sib.mongodb.net, srvServiceName=mongodb, mode=MULTIPLE, requiredClusterType=REPLICA_SET, requiredReplicaSetName='atlas-3fnet9-shard-0', serverSelector='null', clusterListeners='[]', serverSelectionTimeout='30000 ms', localThreshold='15 ms'}, socketSettings=SocketSettings{connectTimeoutMS=10000, readTimeoutMS=0, receiveBufferSize=0, proxySettings=ProxySettings{host=null, port=null, username=null, password=null}}, heartbeatSocketSettings=SocketSettings{connectTimeoutMS=10000, readTimeoutMS=10000, receiveBufferSize=0, proxySettings=ProxySettings{host=null, port=null, username=null, password=null}}, connectionPoolSettings=ConnectionPoolSettings{maxSize=100, minSize=0, maxWaitTimeMS=120000, maxConnectionLifeTimeMS=0, maxConnectionIdleTimeMS=0, maintenanceInitialDelayMS=0, maintenanceFrequencyMS=60000, connectionPoolListeners=[], maxConnecting=2}, serverSettings=ServerSettings{heartbeatFrequencyMS=10000, minHeartbeatFrequencyMS=500, serverMonitoringMode=AUTO, serverListeners='[]', serverMonitorListeners='[]'}, sslSettings=SslSettings{enabled=true, invalidHostNameAllowed=false, context=null}, applicationName='Cluster0 ', compressorList=[], uuidRepresentation=JAVA_LEGACY, serverApi=null, autoEncryptionSettings=null, dnsClient=null, inetAddressResolver=null, contextProvider=null, timeoutMS=null}  
16:14:07.614 [cluster-ClusterId{value='68a5a6f7babd0c7ac6f4eae0', description='Cluster0 '}-srv-cluster0.z7sib.mongodb.net] INFO       org.mongodb.driver.cluster -----Adding discovered server cluster0-shard-00-01.z7sib.mongodb.net:27017 to client view of cluster  
16:14:07.618 [cluster-ClusterId{value='68a5a6f7babd0c7ac6f4eae0', description='Cluster0 '}-srv-cluster0.z7sib.mongodb.net] INFO       org.mongodb.driver.cluster -----Adding discovered server cluster0-shard-00-02.z7sib.mongodb.net:27017 to client view of cluster  
16:14:07.999 [main] INFO       org.mongodb.driver.cluster -----Waiting for server to become available for operation with ID 5. Remaining time: 29987 ms. Selector: WritableServerSelector, topology description: {type=REPLICA_SET, servers=[{address=cluster0-shard-00-01.z7sib.mongodb.net:27017, type=UNKNOWN, state=CONNECTING}, {address=cluster0-shard-00-02.z7sib.mongodb.net:27017, type=UNKNOWN, state=CONNECTING}, {address=cluster0-shard-00-00.z7sib.mongodb.net:27017, type=UNKNOWN, state=CONNECTING}].  
16:14:08.408 [cluster-ClusterId{value='68a5a6f7babd0c7ac6f4eae0', description='Cluster0 '}-cluster0-shard-00-00.z7sib.mongodb.net:27017] INFO       org.mongodb.driver.cluster -----Monitor thread successfully connected to server with description ServerDescription{address=cluster0-shard-00-00.z7sib.mongodb.net:27017, type=REPLICA_SET_SECONDARY, cryptd=false, state=CONNECTED, ok=true, minWireVersion=0, maxWireVersion=25, maxDocumentSize=16777216, logicalSessionTimeoutMinutes=30, roundTripTimeNanos=425309700, minRoundTripTimeNanos=0, setName='atlas-3fnet9-shard-0', canonicalAddress=cluster0-shard-00-00.z7sib.mongodb.net:27017, hosts=[cluster0-shard-00-01.z7sib.mongodb.net:27017, cluster0-shard-00-02.z7sib.mongodb.net:27017, cluster0-shard-00-00.z7sib.mongodb.net:27017], passives=[], arbiters=[], primary='cluster0-shard-00-02.z7sib.mongodb.net:27017', tagSet=TagSet{[Tag{name='availabilityZone', value='aps1-az1'}, Tag{name='diskState', value='READY'}, Tag{name='nodeType', value='ELECTABLE'}, Tag{name='provider', value='AWS'}, Tag{name='region', value='AP_SOUTH_1'}, Tag{name='workloadType', value='OPERATIONAL'}]}, electionId=null, setVersion=19, topologyVersion=TopologyVersion{processId=68a09c49c9f6e11cba7e6b05, counter=4}, lastWriteDate=Wed Aug 20 16:14:08 IST 2025, lastUpdateTimeNanos=816368341000}  
16:14:08.408 [cluster-ClusterId{value='68a5a6f7babd0c7ac6f4eae0', description='Cluster0 '}-cluster0-shard-00-01.z7sib.mongodb.net:27017] INFO       org.mongodb.driver.cluster -----Monitor thread successfully connected to server with description ServerDescription{address=cluster0-shard-00-01.z7sib.mongodb.net:27017, type=REPLICA_SET_SECONDARY, cryptd=false, state=CONNECTED, ok=true, minWireVersion=0, maxWireVersion=25, maxDocumentSize=16777216, logicalSessionTimeoutMinutes=30, roundTripTimeNanos=426599000, minRoundTripTimeNanos=0, setName='atlas-3fnet9-shard-0', canonicalAddress=cluster0-shard-00-01.z7sib.mongodb.net:27017, hosts=[cluster0-shard-00-01.z7sib.mongodb.net:27017, cluster0-shard-00-02.z7sib.mongodb.net:27017, cluster0-shard-00-00.z7sib.mongodb.net:27017], passives=[], arbiters=[], primary='cluster0-shard-00-02.z7sib.mongodb.net:27017', tagSet=TagSet{[Tag{name='availabilityZone', value='aps1-az3'}, Tag{name='diskState', value='READY'}, Tag{name='nodeType', value='ELECTABLE'}, Tag{name='provider', value='AWS'}, Tag{name='region', value='AP_SOUTH_1'}, Tag{name='workloadType', value='OPERATIONAL'}]}, electionId=null, setVersion=19, topologyVersion=TopologyVersion{processId=68a0a22d1519cd8301349aaa, counter=3}, lastWriteDate=Wed Aug 20 16:14:08 IST 2025, lastUpdateTimeNanos=816368341000}  
16:14:08.408 [cluster-ClusterId{value='68a5a6f7babd0c7ac6f4eae0', description='Cluster0 '}-cluster0-shard-00-02.z7sib.mongodb.net:27017] INFO       org.mongodb.driver.cluster -----Monitor thread successfully connected to server with description ServerDescription{address=cluster0-shard-00-02.z7sib.mongodb.net:27017, type=REPLICA_SET_PRIMARY, cryptd=false, state=CONNECTED, ok=true, minWireVersion=0, maxWireVersion=25, maxDocumentSize=16777216, logicalSessionTimeoutMinutes=30, roundTripTimeNanos=426599100, minRoundTripTimeNanos=0, setName='atlas-3fnet9-shard-0', canonicalAddress=cluster0-shard-00-02.z7sib.mongodb.net:27017, hosts=[cluster0-shard-00-01.z7sib.mongodb.net:27017, cluster0-shard-00-02.z7sib.mongodb.net:27017, cluster0-shard-00-00.z7sib.mongodb.net:27017], passives=[], arbiters=[], primary='cluster0-shard-00-02.z7sib.mongodb.net:27017', tagSet=TagSet{[Tag{name='availabilityZone', value='aps1-az2'}, Tag{name='diskState', value='READY'}, Tag{name='nodeType', value='ELECTABLE'}, Tag{name='provider', value='AWS'}, Tag{name='region', value='AP_SOUTH_1'}, Tag{name='workloadType', value='OPERATIONAL'}]}, electionId=7fffffff00000000000000b7, setVersion=19, topologyVersion=TopologyVersion{processId=68a09f4bbe7f39732b8cdec4, counter=6}, lastWriteDate=Wed Aug 20 16:14:08 IST 2025, lastUpdateTimeNanos=816368341000}  
16:14:08.413 [cluster-ClusterId{value='68a5a6f7babd0c7ac6f4eae0', description='Cluster0 '}-cluster0-shard-00-02.z7sib.mongodb.net:27017] INFO       org.mongodb.driver.cluster -----Discovered replica set primary cluster0-shard-00-02.z7sib.mongodb.net:27017 with max election id 7fffffff00000000000000b7 and max set version 19  
16:14:09.343 [main] WARN       o.s.s.c.a.a.c.InitializeUserDetailsBeanManagerConfigurer$InitializeUserDetailsManagerConfigurer -----Global AuthenticationManager configured with an AuthenticationProvider bean. UserDetailsService beans will not be used by Spring Security for automatically configuring username/password login. Consider removing the AuthenticationProvider bean. Alternatively, consider using the UserDetailsService in a manually instantiated DaoAuthenticationProvider. If the current configuration is intentional, to turn off this warning, increase the logging level of 'org.springframework.security.config.annotation.authentication.configuration.InitializeUserDetailsBeanManagerConfigurer' to ERROR  
16:14:09.743 [main] WARN       o.s.b.w.s.c.AnnotationConfigServletWebServerApplicationContext -----Exception encountered during context initialization - cancelling refresh attempt: org.springframework.beans.factory.UnsatisfiedDependencyException: Error creating bean with name 'userScheduler': Unsatisfied dependency expressed through field 'emailService': Error creating bean with name 'emailService': Unsatisfied dependency expressed through field 'javaMailSender': Error creating bean with name 'mailSender' defined in class path resource [org/springframework/boot/autoconfigure/mail/MailSenderPropertiesConfiguration.class]: Unsatisfied dependency expressed through method 'mailSender' parameter 0: Error creating bean with name 'spring.mail-org.springframework.boot.autoconfigure.mail.MailProperties': Could not bind properties to 'MailProperties' : prefix=spring.mail, ignoreInvalidFields=false, ignoreUnknownFields=true  
16:14:09.815 [main] INFO       o.a.catalina.core.StandardService -----Stopping service [Tomcat]  
16:14:09.821 [main] WARN       o.a.c.loader.WebappClassLoaderBase -----The web application [ROOT] appears to have started a thread named [BufferPoolPruner-1-thread-1] but has failed to stop it. This is very likely to create a memory leak. Stack trace of thread:
 java.base/jdk.internal.misc.Unsafe.park(Native Method)
 java.base/java.util.concurrent.locks.LockSupport.parkNanos(LockSupport.java:269)
 java.base/java.util.concurrent.locks.AbstractQueuedSynchronizer$ConditionObject.awaitNanos(AbstractQueuedSynchronizer.java:1763)
 java.base/java.util.concurrent.ScheduledThreadPoolExecutor$DelayedWorkQueue.take(ScheduledThreadPoolExecutor.java:1182)
 java.base/java.util.concurrent.ScheduledThreadPoolExecutor$DelayedWorkQueue.take(ScheduledThreadPoolExecutor.java:899)
 java.base/java.util.concurrent.ThreadPoolExecutor.getTask(ThreadPoolExecutor.java:1070)
 java.base/java.util.concurrent.ThreadPoolExecutor.runWorker(ThreadPoolExecutor.java:1130)
 java.base/java.util.concurrent.ThreadPoolExecutor$Worker.run(ThreadPoolExecutor.java:642)
 java.base/java.lang.Thread.run(Thread.java:1583)  
16:14:09.836 [main] INFO       o.s.b.a.l.ConditionEvaluationReportLogger -----

Error starting ApplicationContext. To display the condition evaluation report re-run your application with 'debug' enabled.  
16:14:09.858 [main] ERROR      o.s.b.d.LoggingFailureAnalysisReporter -----

***************************
APPLICATION FAILED TO START
***************************

Description:

Failed to bind properties under 'spring.mail.port' to java.lang.Integer:

    Property: spring.mail.port
    Value: "${MAIL_PORT}"
    Origin: class path resource [application-test.properties] - 7:20
    Reason: failed to convert java.lang.String to java.lang.Integer (caused by java.lang.NumberFormatException: For input string: "587,APP_PASS=hsfihfofbn")

Action:

Update your application's configuration
  
16:48:23.280 [main] INFO       d.a.JournalApp.JournalAppApplication -----Starting JournalAppApplication using Java 21.0.5 with PID 3936 (C:\Users\shank\OneDrive\Desktop\PortfolioWebsite\JournalApp\target\classes started by shank in C:\Users\shank\OneDrive\Desktop\PortfolioWebsite\JournalApp)  
16:48:23.283 [main] INFO       d.a.JournalApp.JournalAppApplication -----The following 1 profile is active: "test"  
16:48:24.197 [main] INFO       o.s.d.r.c.RepositoryConfigurationDelegate -----Multiple Spring Data modules found, entering strict repository configuration mode  
16:48:24.199 [main] INFO       o.s.d.r.c.RepositoryConfigurationDelegate -----Bootstrapping Spring Data MongoDB repositories in DEFAULT mode.  
16:48:24.398 [main] INFO       o.s.d.r.c.RepositoryConfigurationDelegate -----Finished Spring Data repository scanning in 192 ms. Found 3 MongoDB repository interfaces.  
16:48:24.418 [main] INFO       o.s.d.r.c.RepositoryConfigurationDelegate -----Multiple Spring Data modules found, entering strict repository configuration mode  
16:48:24.419 [main] INFO       o.s.d.r.c.RepositoryConfigurationDelegate -----Bootstrapping Spring Data Redis repositories in DEFAULT mode.  
16:48:24.435 [main] INFO       o.s.d.r.c.RepositoryConfigurationExtensionSupport -----Spring Data Redis - Could not safely identify store assignment for repository candidate interface dev.anurag.JournalApp.repository.ConfigJournalRepository; If you want this repository to be a Redis repository, consider annotating your entities with one of these annotations: org.springframework.data.redis.core.RedisHash (preferred), or consider extending one of the following types with your repository: org.springframework.data.keyvalue.repository.KeyValueRepository  
16:48:24.435 [main] INFO       o.s.d.r.c.RepositoryConfigurationExtensionSupport -----Spring Data Redis - Could not safely identify store assignment for repository candidate interface dev.anurag.JournalApp.repository.JournalRepository; If you want this repository to be a Redis repository, consider annotating your entities with one of these annotations: org.springframework.data.redis.core.RedisHash (preferred), or consider extending one of the following types with your repository: org.springframework.data.keyvalue.repository.KeyValueRepository  
16:48:24.435 [main] INFO       o.s.d.r.c.RepositoryConfigurationExtensionSupport -----Spring Data Redis - Could not safely identify store assignment for repository candidate interface dev.anurag.JournalApp.repository.UserRepository; If you want this repository to be a Redis repository, consider annotating your entities with one of these annotations: org.springframework.data.redis.core.RedisHash (preferred), or consider extending one of the following types with your repository: org.springframework.data.keyvalue.repository.KeyValueRepository  
16:48:24.436 [main] INFO       o.s.d.r.c.RepositoryConfigurationDelegate -----Finished Spring Data repository scanning in 8 ms. Found 0 Redis repository interfaces.  
16:48:25.126 [main] INFO       o.s.b.w.e.tomcat.TomcatWebServer -----Tomcat initialized with port 8080 (http)  
16:48:25.140 [main] INFO       o.a.coyote.http11.Http11NioProtocol -----Initializing ProtocolHandler ["http-nio-8080"]  
16:48:25.143 [main] INFO       o.a.catalina.core.StandardService -----Starting service [Tomcat]  
16:48:25.144 [main] INFO       o.a.catalina.core.StandardEngine -----Starting Servlet engine: [Apache Tomcat/10.1.36]  
16:48:25.215 [main] INFO       o.a.c.c.C.[Tomcat].[localhost].[/] -----Initializing Spring embedded WebApplicationContext  
16:48:25.215 [main] INFO       o.s.b.w.s.c.ServletWebServerApplicationContext -----Root WebApplicationContext: initialization completed in 1873 ms  
16:48:25.454 [cluster-ClusterId{value='68a5af01981518302d7d2f65', description='Cluster0 '}-srv-cluster0.z7sib.mongodb.net] INFO       org.mongodb.driver.cluster -----Adding discovered server cluster0-shard-00-00.z7sib.mongodb.net:27017 to client view of cluster  
16:48:25.456 [main] INFO       org.mongodb.driver.client -----MongoClient with metadata {"application": {"name": "Cluster0 "}, "driver": {"name": "mongo-java-driver|sync|spring-boot", "version": "5.2.1"}, "os": {"type": "Windows", "name": "Windows 11", "architecture": "amd64", "version": "10.0"}, "platform": "Java/Oracle Corporation/21.0.5+9-LTS-jvmci-23.1-b48"} created with settings MongoClientSettings{readPreference=primary, writeConcern=WriteConcern{w=majority, wTimeout=null ms, journal=null}, retryWrites=true, retryReads=true, readConcern=ReadConcern{level=null}, credential=MongoCredential{mechanism=null, userName='jatanurag000', source='admin', password=<hidden>, mechanismProperties=<hidden>}, transportSettings=null, commandListeners=[], codecRegistry=ProvidersCodecRegistry{codecProviders=[ValueCodecProvider{}, BsonValueCodecProvider{}, DBRefCodecProvider{}, DBObjectCodecProvider{}, DocumentCodecProvider{}, CollectionCodecProvider{}, IterableCodecProvider{}, MapCodecProvider{}, GeoJsonCodecProvider{}, GridFSFileCodecProvider{}, Jsr310CodecProvider{}, JsonObjectCodecProvider{}, BsonCodecProvider{}, EnumCodecProvider{}, com.mongodb.client.model.mql.ExpressionCodecProvider@437ed416, com.mongodb.Jep395RecordCodecProvider@11f23038, com.mongodb.KotlinCodecProvider@de77146]}, loggerSettings=LoggerSettings{maxDocumentLength=1000}, clusterSettings={hosts=[127.0.0.1:27017], srvHost=cluster0.z7sib.mongodb.net, srvServiceName=mongodb, mode=MULTIPLE, requiredClusterType=REPLICA_SET, requiredReplicaSetName='atlas-3fnet9-shard-0', serverSelector='null', clusterListeners='[]', serverSelectionTimeout='30000 ms', localThreshold='15 ms'}, socketSettings=SocketSettings{connectTimeoutMS=10000, readTimeoutMS=0, receiveBufferSize=0, proxySettings=ProxySettings{host=null, port=null, username=null, password=null}}, heartbeatSocketSettings=SocketSettings{connectTimeoutMS=10000, readTimeoutMS=10000, receiveBufferSize=0, proxySettings=ProxySettings{host=null, port=null, username=null, password=null}}, connectionPoolSettings=ConnectionPoolSettings{maxSize=100, minSize=0, maxWaitTimeMS=120000, maxConnectionLifeTimeMS=0, maxConnectionIdleTimeMS=0, maintenanceInitialDelayMS=0, maintenanceFrequencyMS=60000, connectionPoolListeners=[], maxConnecting=2}, serverSettings=ServerSettings{heartbeatFrequencyMS=10000, minHeartbeatFrequencyMS=500, serverMonitoringMode=AUTO, serverListeners='[]', serverMonitorListeners='[]'}, sslSettings=SslSettings{enabled=true, invalidHostNameAllowed=false, context=null}, applicationName='Cluster0 ', compressorList=[], uuidRepresentation=JAVA_LEGACY, serverApi=null, autoEncryptionSettings=null, dnsClient=null, inetAddressResolver=null, contextProvider=null, timeoutMS=null}  
16:48:25.486 [cluster-ClusterId{value='68a5af01981518302d7d2f65', description='Cluster0 '}-srv-cluster0.z7sib.mongodb.net] INFO       org.mongodb.driver.cluster -----Adding discovered server cluster0-shard-00-01.z7sib.mongodb.net:27017 to client view of cluster  
16:48:25.490 [cluster-ClusterId{value='68a5af01981518302d7d2f65', description='Cluster0 '}-srv-cluster0.z7sib.mongodb.net] INFO       org.mongodb.driver.cluster -----Adding discovered server cluster0-shard-00-02.z7sib.mongodb.net:27017 to client view of cluster  
16:48:25.803 [main] INFO       org.mongodb.driver.cluster -----Waiting for server to become available for operation with ID 5. Remaining time: 29993 ms. Selector: WritableServerSelector, topology description: {type=REPLICA_SET, servers=[{address=cluster0-shard-00-01.z7sib.mongodb.net:27017, type=UNKNOWN, state=CONNECTING}, {address=cluster0-shard-00-02.z7sib.mongodb.net:27017, type=UNKNOWN, state=CONNECTING}, {address=cluster0-shard-00-00.z7sib.mongodb.net:27017, type=UNKNOWN, state=CONNECTING}].  
16:48:26.107 [cluster-ClusterId{value='68a5af01981518302d7d2f65', description='Cluster0 '}-cluster0-shard-00-01.z7sib.mongodb.net:27017] INFO       org.mongodb.driver.cluster -----Monitor thread successfully connected to server with description ServerDescription{address=cluster0-shard-00-01.z7sib.mongodb.net:27017, type=REPLICA_SET_SECONDARY, cryptd=false, state=CONNECTED, ok=true, minWireVersion=0, maxWireVersion=25, maxDocumentSize=16777216, logicalSessionTimeoutMinutes=30, roundTripTimeNanos=338096000, minRoundTripTimeNanos=0, setName='atlas-3fnet9-shard-0', canonicalAddress=cluster0-shard-00-01.z7sib.mongodb.net:27017, hosts=[cluster0-shard-00-01.z7sib.mongodb.net:27017, cluster0-shard-00-02.z7sib.mongodb.net:27017, cluster0-shard-00-00.z7sib.mongodb.net:27017], passives=[], arbiters=[], primary='cluster0-shard-00-02.z7sib.mongodb.net:27017', tagSet=TagSet{[Tag{name='availabilityZone', value='aps1-az3'}, Tag{name='diskState', value='READY'}, Tag{name='nodeType', value='ELECTABLE'}, Tag{name='provider', value='AWS'}, Tag{name='region', value='AP_SOUTH_1'}, Tag{name='workloadType', value='OPERATIONAL'}]}, electionId=null, setVersion=19, topologyVersion=TopologyVersion{processId=68a0a22d1519cd8301349aaa, counter=3}, lastWriteDate=Wed Aug 20 16:48:26 IST 2025, lastUpdateTimeNanos=2874067544900}  
16:48:26.107 [cluster-ClusterId{value='68a5af01981518302d7d2f65', description='Cluster0 '}-cluster0-shard-00-00.z7sib.mongodb.net:27017] INFO       org.mongodb.driver.cluster -----Monitor thread successfully connected to server with description ServerDescription{address=cluster0-shard-00-00.z7sib.mongodb.net:27017, type=REPLICA_SET_SECONDARY, cryptd=false, state=CONNECTED, ok=true, minWireVersion=0, maxWireVersion=25, maxDocumentSize=16777216, logicalSessionTimeoutMinutes=30, roundTripTimeNanos=332374400, minRoundTripTimeNanos=0, setName='atlas-3fnet9-shard-0', canonicalAddress=cluster0-shard-00-00.z7sib.mongodb.net:27017, hosts=[cluster0-shard-00-01.z7sib.mongodb.net:27017, cluster0-shard-00-02.z7sib.mongodb.net:27017, cluster0-shard-00-00.z7sib.mongodb.net:27017], passives=[], arbiters=[], primary='cluster0-shard-00-02.z7sib.mongodb.net:27017', tagSet=TagSet{[Tag{name='availabilityZone', value='aps1-az1'}, Tag{name='diskState', value='READY'}, Tag{name='nodeType', value='ELECTABLE'}, Tag{name='provider', value='AWS'}, Tag{name='region', value='AP_SOUTH_1'}, Tag{name='workloadType', value='OPERATIONAL'}]}, electionId=null, setVersion=19, topologyVersion=TopologyVersion{processId=68a09c49c9f6e11cba7e6b05, counter=4}, lastWriteDate=Wed Aug 20 16:48:26 IST 2025, lastUpdateTimeNanos=2874067504800}  
16:48:26.122 [cluster-ClusterId{value='68a5af01981518302d7d2f65', description='Cluster0 '}-cluster0-shard-00-02.z7sib.mongodb.net:27017] INFO       org.mongodb.driver.cluster -----Monitor thread successfully connected to server with description ServerDescription{address=cluster0-shard-00-02.z7sib.mongodb.net:27017, type=REPLICA_SET_PRIMARY, cryptd=false, state=CONNECTED, ok=true, minWireVersion=0, maxWireVersion=25, maxDocumentSize=16777216, logicalSessionTimeoutMinutes=30, roundTripTimeNanos=355140500, minRoundTripTimeNanos=0, setName='atlas-3fnet9-shard-0', canonicalAddress=cluster0-shard-00-02.z7sib.mongodb.net:27017, hosts=[cluster0-shard-00-01.z7sib.mongodb.net:27017, cluster0-shard-00-02.z7sib.mongodb.net:27017, cluster0-shard-00-00.z7sib.mongodb.net:27017], passives=[], arbiters=[], primary='cluster0-shard-00-02.z7sib.mongodb.net:27017', tagSet=TagSet{[Tag{name='availabilityZone', value='aps1-az2'}, Tag{name='diskState', value='READY'}, Tag{name='nodeType', value='ELECTABLE'}, Tag{name='provider', value='AWS'}, Tag{name='region', value='AP_SOUTH_1'}, Tag{name='workloadType', value='OPERATIONAL'}]}, electionId=7fffffff00000000000000b7, setVersion=19, topologyVersion=TopologyVersion{processId=68a09f4bbe7f39732b8cdec4, counter=6}, lastWriteDate=Wed Aug 20 16:48:26 IST 2025, lastUpdateTimeNanos=2874085072500}  
16:48:26.123 [cluster-ClusterId{value='68a5af01981518302d7d2f65', description='Cluster0 '}-cluster0-shard-00-02.z7sib.mongodb.net:27017] INFO       org.mongodb.driver.cluster -----Discovered replica set primary cluster0-shard-00-02.z7sib.mongodb.net:27017 with max election id 7fffffff00000000000000b7 and max set version 19  
16:48:26.930 [main] WARN       o.s.s.c.a.a.c.InitializeUserDetailsBeanManagerConfigurer$InitializeUserDetailsManagerConfigurer -----Global AuthenticationManager configured with an AuthenticationProvider bean. UserDetailsService beans will not be used by Spring Security for automatically configuring username/password login. Consider removing the AuthenticationProvider bean. Alternatively, consider using the UserDetailsService in a manually instantiated DaoAuthenticationProvider. If the current configuration is intentional, to turn off this warning, increase the logging level of 'org.springframework.security.config.annotation.authentication.configuration.InitializeUserDetailsBeanManagerConfigurer' to ERROR  
16:48:28.034 [main] INFO       o.a.coyote.http11.Http11NioProtocol -----Starting ProtocolHandler ["http-nio-8080"]  
16:48:28.046 [main] INFO       o.s.b.w.e.tomcat.TomcatWebServer -----Tomcat started on port 8080 (http) with context path '/'  
16:48:28.099 [main] INFO       o.a.k.c.consumer.ConsumerConfig -----ConsumerConfig values: 
	allow.auto.create.topics = true
	auto.commit.interval.ms = 5000
	auto.include.jmx.reporter = true
	auto.offset.reset = latest
	bootstrap.servers = [localhost:9092]
	check.crcs = true
	client.dns.lookup = use_all_dns_ips
	client.id = consumer-weekly-sentiment-group-1
	client.rack = 
	connections.max.idle.ms = 540000
	default.api.timeout.ms = 60000
	enable.auto.commit = false
	enable.metrics.push = true
	exclude.internal.topics = true
	fetch.max.bytes = 52428800
	fetch.max.wait.ms = 500
	fetch.min.bytes = 1
	group.id = weekly-sentiment-group
	group.instance.id = null
	group.protocol = classic
	group.remote.assignor = null
	heartbeat.interval.ms = 3000
	interceptor.classes = []
	internal.leave.group.on.close = true
	internal.throw.on.fetch.stable.offset.unsupported = false
	isolation.level = read_uncommitted
	key.deserializer = class org.apache.kafka.common.serialization.StringDeserializer
	max.partition.fetch.bytes = 1048576
	max.poll.interval.ms = 300000
	max.poll.records = 500
	metadata.max.age.ms = 300000
	metadata.recovery.strategy = none
	metric.reporters = []
	metrics.num.samples = 2
	metrics.recording.level = INFO
	metrics.sample.window.ms = 30000
	partition.assignment.strategy = [class org.apache.kafka.clients.consumer.RangeAssignor, class org.apache.kafka.clients.consumer.CooperativeStickyAssignor]
	receive.buffer.bytes = 65536
	reconnect.backoff.max.ms = 1000
	reconnect.backoff.ms = 50
	request.timeout.ms = 30000
	retry.backoff.max.ms = 1000
	retry.backoff.ms = 100
	sasl.client.callback.handler.class = null
	sasl.jaas.config = null
	sasl.kerberos.kinit.cmd = /usr/bin/kinit
	sasl.kerberos.min.time.before.relogin = 60000
	sasl.kerberos.service.name = null
	sasl.kerberos.ticket.renew.jitter = 0.05
	sasl.kerberos.ticket.renew.window.factor = 0.8
	sasl.login.callback.handler.class = null
	sasl.login.class = null
	sasl.login.connect.timeout.ms = null
	sasl.login.read.timeout.ms = null
	sasl.login.refresh.buffer.seconds = 300
	sasl.login.refresh.min.period.seconds = 60
	sasl.login.refresh.window.factor = 0.8
	sasl.login.refresh.window.jitter = 0.05
	sasl.login.retry.backoff.max.ms = 10000
	sasl.login.retry.backoff.ms = 100
	sasl.mechanism = GSSAPI
	sasl.oauthbearer.clock.skew.seconds = 30
	sasl.oauthbearer.expected.audience = null
	sasl.oauthbearer.expected.issuer = null
	sasl.oauthbearer.jwks.endpoint.refresh.ms = 3600000
	sasl.oauthbearer.jwks.endpoint.retry.backoff.max.ms = 10000
	sasl.oauthbearer.jwks.endpoint.retry.backoff.ms = 100
	sasl.oauthbearer.jwks.endpoint.url = null
	sasl.oauthbearer.scope.claim.name = scope
	sasl.oauthbearer.sub.claim.name = sub
	sasl.oauthbearer.token.endpoint.url = null
	security.protocol = PLAINTEXT
	security.providers = null
	send.buffer.bytes = 131072
	session.timeout.ms = 45000
	socket.connection.setup.timeout.max.ms = 30000
	socket.connection.setup.timeout.ms = 10000
	ssl.cipher.suites = null
	ssl.enabled.protocols = [TLSv1.2, TLSv1.3]
	ssl.endpoint.identification.algorithm = https
	ssl.engine.factory.class = null
	ssl.key.password = null
	ssl.keymanager.algorithm = SunX509
	ssl.keystore.certificate.chain = null
	ssl.keystore.key = null
	ssl.keystore.location = null
	ssl.keystore.password = null
	ssl.keystore.type = JKS
	ssl.protocol = TLSv1.3
	ssl.provider = null
	ssl.secure.random.implementation = null
	ssl.trustmanager.algorithm = PKIX
	ssl.truststore.certificates = null
	ssl.truststore.location = null
	ssl.truststore.password = null
	ssl.truststore.type = JKS
	value.deserializer = class org.apache.kafka.common.serialization.StringDeserializer
  
16:48:28.167 [main] INFO       o.a.k.c.t.i.KafkaMetricsCollector -----initializing Kafka metrics collector  
16:48:28.408 [main] INFO       o.a.kafka.common.utils.AppInfoParser -----Kafka version: 3.8.1  
16:48:28.409 [main] INFO       o.a.kafka.common.utils.AppInfoParser -----Kafka commitId: 70d6ff42debf7e17  
16:48:28.409 [main] INFO       o.a.kafka.common.utils.AppInfoParser -----Kafka startTimeMs: 1755688708407  
16:48:28.413 [main] INFO       o.a.k.c.c.i.LegacyKafkaConsumer -----[Consumer clientId=consumer-weekly-sentiment-group-1, groupId=weekly-sentiment-group] Subscribed to topic(s): weekly-sentiments  
16:48:28.432 [main] INFO       d.a.JournalApp.JournalAppApplication -----Started JournalAppApplication in 5.694 seconds (process running for 6.643)  
16:48:28.639 [org.springframework.kafka.KafkaListenerEndpointContainer#0-0-C-1] INFO       o.apache.kafka.clients.NetworkClient -----[Consumer clientId=consumer-weekly-sentiment-group-1, groupId=weekly-sentiment-group] Node -1 disconnected.  
16:48:28.642 [org.springframework.kafka.KafkaListenerEndpointContainer#0-0-C-1] WARN       o.apache.kafka.clients.NetworkClient -----[Consumer clientId=consumer-weekly-sentiment-group-1, groupId=weekly-sentiment-group] Connection to node -1 (localhost/127.0.0.1:9092) could not be established. Node may not be available.  
16:48:28.643 [org.springframework.kafka.KafkaListenerEndpointContainer#0-0-C-1] WARN       o.apache.kafka.clients.NetworkClient -----[Consumer clientId=consumer-weekly-sentiment-group-1, groupId=weekly-sentiment-group] Bootstrap broker localhost:9092 (id: -1 rack: null) disconnected  
16:48:28.749 [org.springframework.kafka.KafkaListenerEndpointContainer#0-0-C-1] INFO       o.apache.kafka.clients.NetworkClient -----[Consumer clientId=consumer-weekly-sentiment-group-1, groupId=weekly-sentiment-group] Node -1 disconnected.  
16:48:28.750 [org.springframework.kafka.KafkaListenerEndpointContainer#0-0-C-1] WARN       o.apache.kafka.clients.NetworkClient -----[Consumer clientId=consumer-weekly-sentiment-group-1, groupId=weekly-sentiment-group] Connection to node -1 (localhost/127.0.0.1:9092) could not be established. Node may not be available.  
16:48:28.750 [org.springframework.kafka.KafkaListenerEndpointContainer#0-0-C-1] WARN       o.apache.kafka.clients.NetworkClient -----[Consumer clientId=consumer-weekly-sentiment-group-1, groupId=weekly-sentiment-group] Bootstrap broker localhost:9092 (id: -1 rack: null) disconnected  
16:48:28.875 [org.springframework.kafka.KafkaListenerEndpointContainer#0-0-C-1] INFO       o.apache.kafka.clients.NetworkClient -----[Consumer clientId=consumer-weekly-sentiment-group-1, groupId=weekly-sentiment-group] Node -1 disconnected.  
16:48:28.876 [org.springframework.kafka.KafkaListenerEndpointContainer#0-0-C-1] WARN       o.apache.kafka.clients.NetworkClient -----[Consumer clientId=consumer-weekly-sentiment-group-1, groupId=weekly-sentiment-group] Connection to node -1 (localhost/127.0.0.1:9092) could not be established. Node may not be available.  
16:48:28.876 [org.springframework.kafka.KafkaListenerEndpointContainer#0-0-C-1] WARN       o.apache.kafka.clients.NetworkClient -----[Consumer clientId=consumer-weekly-sentiment-group-1, groupId=weekly-sentiment-group] Bootstrap broker localhost:9092 (id: -1 rack: null) disconnected  
16:48:29.089 [org.springframework.kafka.KafkaListenerEndpointContainer#0-0-C-1] INFO       o.apache.kafka.clients.NetworkClient -----[Consumer clientId=consumer-weekly-sentiment-group-1, groupId=weekly-sentiment-group] Node -1 disconnected.  
16:48:29.090 [org.springframework.kafka.KafkaListenerEndpointContainer#0-0-C-1] WARN       o.apache.kafka.clients.NetworkClient -----[Consumer clientId=consumer-weekly-sentiment-group-1, groupId=weekly-sentiment-group] Connection to node -1 (localhost/127.0.0.1:9092) could not be established. Node may not be available.  
16:48:29.090 [org.springframework.kafka.KafkaListenerEndpointContainer#0-0-C-1] WARN       o.apache.kafka.clients.NetworkClient -----[Consumer clientId=consumer-weekly-sentiment-group-1, groupId=weekly-sentiment-group] Bootstrap broker localhost:9092 (id: -1 rack: null) disconnected  
16:48:29.513 [org.springframework.kafka.KafkaListenerEndpointContainer#0-0-C-1] INFO       o.apache.kafka.clients.NetworkClient -----[Consumer clientId=consumer-weekly-sentiment-group-1, groupId=weekly-sentiment-group] Node -1 disconnected.  
16:48:29.513 [org.springframework.kafka.KafkaListenerEndpointContainer#0-0-C-1] WARN       o.apache.kafka.clients.NetworkClient -----[Consumer clientId=consumer-weekly-sentiment-group-1, groupId=weekly-sentiment-group] Connection to node -1 (localhost/127.0.0.1:9092) could not be established. Node may not be available.  
16:48:29.513 [org.springframework.kafka.KafkaListenerEndpointContainer#0-0-C-1] WARN       o.apache.kafka.clients.NetworkClient -----[Consumer clientId=consumer-weekly-sentiment-group-1, groupId=weekly-sentiment-group] Bootstrap broker localhost:9092 (id: -1 rack: null) disconnected  
16:48:30.466 [org.springframework.kafka.KafkaListenerEndpointContainer#0-0-C-1] INFO       o.apache.kafka.clients.NetworkClient -----[Consumer clientId=consumer-weekly-sentiment-group-1, groupId=weekly-sentiment-group] Node -1 disconnected.  
16:48:30.466 [org.springframework.kafka.KafkaListenerEndpointContainer#0-0-C-1] WARN       o.apache.kafka.clients.NetworkClient -----[Consumer clientId=consumer-weekly-sentiment-group-1, groupId=weekly-sentiment-group] Connection to node -1 (localhost/127.0.0.1:9092) could not be established. Node may not be available.  
16:48:30.466 [org.springframework.kafka.KafkaListenerEndpointContainer#0-0-C-1] WARN       o.apache.kafka.clients.NetworkClient -----[Consumer clientId=consumer-weekly-sentiment-group-1, groupId=weekly-sentiment-group] Bootstrap broker localhost:9092 (id: -1 rack: null) disconnected  
16:48:31.486 [org.springframework.kafka.KafkaListenerEndpointContainer#0-0-C-1] INFO       o.apache.kafka.clients.NetworkClient -----[Consumer clientId=consumer-weekly-sentiment-group-1, groupId=weekly-sentiment-group] Node -1 disconnected.  
16:48:31.486 [org.springframework.kafka.KafkaListenerEndpointContainer#0-0-C-1] WARN       o.apache.kafka.clients.NetworkClient -----[Consumer clientId=consumer-weekly-sentiment-group-1, groupId=weekly-sentiment-group] Connection to node -1 (localhost/127.0.0.1:9092) could not be established. Node may not be available.  
16:48:31.486 [org.springframework.kafka.KafkaListenerEndpointContainer#0-0-C-1] WARN       o.apache.kafka.clients.NetworkClient -----[Consumer clientId=consumer-weekly-sentiment-group-1, groupId=weekly-sentiment-group] Bootstrap broker localhost:9092 (id: -1 rack: null) disconnected  
16:48:32.368 [org.springframework.kafka.KafkaListenerEndpointContainer#0-0-C-1] INFO       o.apache.kafka.clients.NetworkClient -----[Consumer clientId=consumer-weekly-sentiment-group-1, groupId=weekly-sentiment-group] Node -1 disconnected.  
16:48:32.368 [org.springframework.kafka.KafkaListenerEndpointContainer#0-0-C-1] WARN       o.apache.kafka.clients.NetworkClient -----[Consumer clientId=consumer-weekly-sentiment-group-1, groupId=weekly-sentiment-group] Connection to node -1 (localhost/127.0.0.1:9092) could not be established. Node may not be available.  
16:48:32.368 [org.springframework.kafka.KafkaListenerEndpointContainer#0-0-C-1] WARN       o.apache.kafka.clients.NetworkClient -----[Consumer clientId=consumer-weekly-sentiment-group-1, groupId=weekly-sentiment-group] Bootstrap broker localhost:9092 (id: -1 rack: null) disconnected  
16:48:33.330 [org.springframework.kafka.KafkaListenerEndpointContainer#0-0-C-1] INFO       o.apache.kafka.clients.NetworkClient -----[Consumer clientId=consumer-weekly-sentiment-group-1, groupId=weekly-sentiment-group] Node -1 disconnected.  
16:48:33.330 [org.springframework.kafka.KafkaListenerEndpointContainer#0-0-C-1] WARN       o.apache.kafka.clients.NetworkClient -----[Consumer clientId=consumer-weekly-sentiment-group-1, groupId=weekly-sentiment-group] Connection to node -1 (localhost/127.0.0.1:9092) could not be established. Node may not be available.  
16:48:33.330 [org.springframework.kafka.KafkaListenerEndpointContainer#0-0-C-1] WARN       o.apache.kafka.clients.NetworkClient -----[Consumer clientId=consumer-weekly-sentiment-group-1, groupId=weekly-sentiment-group] Bootstrap broker localhost:9092 (id: -1 rack: null) disconnected  
16:48:34.262 [org.springframework.kafka.KafkaListenerEndpointContainer#0-0-C-1] INFO       o.apache.kafka.clients.NetworkClient -----[Consumer clientId=consumer-weekly-sentiment-group-1, groupId=weekly-sentiment-group] Node -1 disconnected.  
16:48:34.262 [org.springframework.kafka.KafkaListenerEndpointContainer#0-0-C-1] WARN       o.apache.kafka.clients.NetworkClient -----[Consumer clientId=consumer-weekly-sentiment-group-1, groupId=weekly-sentiment-group] Connection to node -1 (localhost/127.0.0.1:9092) could not be established. Node may not be available.  
16:48:34.262 [org.springframework.kafka.KafkaListenerEndpointContainer#0-0-C-1] WARN       o.apache.kafka.clients.NetworkClient -----[Consumer clientId=consumer-weekly-sentiment-group-1, groupId=weekly-sentiment-group] Bootstrap broker localhost:9092 (id: -1 rack: null) disconnected  
16:48:35.219 [org.springframework.kafka.KafkaListenerEndpointContainer#0-0-C-1] INFO       o.apache.kafka.clients.NetworkClient -----[Consumer clientId=consumer-weekly-sentiment-group-1, groupId=weekly-sentiment-group] Node -1 disconnected.  
16:48:35.219 [org.springframework.kafka.KafkaListenerEndpointContainer#0-0-C-1] WARN       o.apache.kafka.clients.NetworkClient -----[Consumer clientId=consumer-weekly-sentiment-group-1, groupId=weekly-sentiment-group] Connection to node -1 (localhost/127.0.0.1:9092) could not be established. Node may not be available.  
16:48:35.219 [org.springframework.kafka.KafkaListenerEndpointContainer#0-0-C-1] WARN       o.apache.kafka.clients.NetworkClient -----[Consumer clientId=consumer-weekly-sentiment-group-1, groupId=weekly-sentiment-group] Bootstrap broker localhost:9092 (id: -1 rack: null) disconnected  
16:48:36.127 [org.springframework.kafka.KafkaListenerEndpointContainer#0-0-C-1] INFO       o.apache.kafka.clients.NetworkClient -----[Consumer clientId=consumer-weekly-sentiment-group-1, groupId=weekly-sentiment-group] Node -1 disconnected.  
16:48:36.127 [org.springframework.kafka.KafkaListenerEndpointContainer#0-0-C-1] WARN       o.apache.kafka.clients.NetworkClient -----[Consumer clientId=consumer-weekly-sentiment-group-1, groupId=weekly-sentiment-group] Connection to node -1 (localhost/127.0.0.1:9092) could not be established. Node may not be available.  
16:48:36.127 [org.springframework.kafka.KafkaListenerEndpointContainer#0-0-C-1] WARN       o.apache.kafka.clients.NetworkClient -----[Consumer clientId=consumer-weekly-sentiment-group-1, groupId=weekly-sentiment-group] Bootstrap broker localhost:9092 (id: -1 rack: null) disconnected  
16:48:37.128 [org.springframework.kafka.KafkaListenerEndpointContainer#0-0-C-1] INFO       o.apache.kafka.clients.NetworkClient -----[Consumer clientId=consumer-weekly-sentiment-group-1, groupId=weekly-sentiment-group] Node -1 disconnected.  
16:48:37.128 [org.springframework.kafka.KafkaListenerEndpointContainer#0-0-C-1] WARN       o.apache.kafka.clients.NetworkClient -----[Consumer clientId=consumer-weekly-sentiment-group-1, groupId=weekly-sentiment-group] Connection to node -1 (localhost/127.0.0.1:9092) could not be established. Node may not be available.  
16:48:37.128 [org.springframework.kafka.KafkaListenerEndpointContainer#0-0-C-1] WARN       o.apache.kafka.clients.NetworkClient -----[Consumer clientId=consumer-weekly-sentiment-group-1, groupId=weekly-sentiment-group] Bootstrap broker localhost:9092 (id: -1 rack: null) disconnected  
16:48:37.998 [org.springframework.kafka.KafkaListenerEndpointContainer#0-0-C-1] INFO       o.apache.kafka.clients.NetworkClient -----[Consumer clientId=consumer-weekly-sentiment-group-1, groupId=weekly-sentiment-group] Node -1 disconnected.  
16:48:37.999 [org.springframework.kafka.KafkaListenerEndpointContainer#0-0-C-1] WARN       o.apache.kafka.clients.NetworkClient -----[Consumer clientId=consumer-weekly-sentiment-group-1, groupId=weekly-sentiment-group] Connection to node -1 (localhost/127.0.0.1:9092) could not be established. Node may not be available.  
16:48:37.999 [org.springframework.kafka.KafkaListenerEndpointContainer#0-0-C-1] WARN       o.apache.kafka.clients.NetworkClient -----[Consumer clientId=consumer-weekly-sentiment-group-1, groupId=weekly-sentiment-group] Bootstrap broker localhost:9092 (id: -1 rack: null) disconnected  
16:48:38.923 [org.springframework.kafka.KafkaListenerEndpointContainer#0-0-C-1] INFO       o.apache.kafka.clients.NetworkClient -----[Consumer clientId=consumer-weekly-sentiment-group-1, groupId=weekly-sentiment-group] Node -1 disconnected.  
16:48:38.923 [org.springframework.kafka.KafkaListenerEndpointContainer#0-0-C-1] WARN       o.apache.kafka.clients.NetworkClient -----[Consumer clientId=consumer-weekly-sentiment-group-1, groupId=weekly-sentiment-group] Connection to node -1 (localhost/127.0.0.1:9092) could not be established. Node may not be available.  
16:48:38.923 [org.springframework.kafka.KafkaListenerEndpointContainer#0-0-C-1] WARN       o.apache.kafka.clients.NetworkClient -----[Consumer clientId=consumer-weekly-sentiment-group-1, groupId=weekly-sentiment-group] Bootstrap broker localhost:9092 (id: -1 rack: null) disconnected  
16:48:39.786 [org.springframework.kafka.KafkaListenerEndpointContainer#0-0-C-1] INFO       o.apache.kafka.clients.NetworkClient -----[Consumer clientId=consumer-weekly-sentiment-group-1, groupId=weekly-sentiment-group] Node -1 disconnected.  
16:48:39.786 [org.springframework.kafka.KafkaListenerEndpointContainer#0-0-C-1] WARN       o.apache.kafka.clients.NetworkClient -----[Consumer clientId=consumer-weekly-sentiment-group-1, groupId=weekly-sentiment-group] Connection to node -1 (localhost/127.0.0.1:9092) could not be established. Node may not be available.  
16:48:39.786 [org.springframework.kafka.KafkaListenerEndpointContainer#0-0-C-1] WARN       o.apache.kafka.clients.NetworkClient -----[Consumer clientId=consumer-weekly-sentiment-group-1, groupId=weekly-sentiment-group] Bootstrap broker localhost:9092 (id: -1 rack: null) disconnected  
16:48:40.788 [org.springframework.kafka.KafkaListenerEndpointContainer#0-0-C-1] INFO       o.apache.kafka.clients.NetworkClient -----[Consumer clientId=consumer-weekly-sentiment-group-1, groupId=weekly-sentiment-group] Node -1 disconnected.  
16:48:40.788 [org.springframework.kafka.KafkaListenerEndpointContainer#0-0-C-1] WARN       o.apache.kafka.clients.NetworkClient -----[Consumer clientId=consumer-weekly-sentiment-group-1, groupId=weekly-sentiment-group] Connection to node -1 (localhost/127.0.0.1:9092) could not be established. Node may not be available.  
16:48:40.788 [org.springframework.kafka.KafkaListenerEndpointContainer#0-0-C-1] WARN       o.apache.kafka.clients.NetworkClient -----[Consumer clientId=consumer-weekly-sentiment-group-1, groupId=weekly-sentiment-group] Bootstrap broker localhost:9092 (id: -1 rack: null) disconnected  
16:48:41.652 [org.springframework.kafka.KafkaListenerEndpointContainer#0-0-C-1] INFO       o.apache.kafka.clients.NetworkClient -----[Consumer clientId=consumer-weekly-sentiment-group-1, groupId=weekly-sentiment-group] Node -1 disconnected.  
16:48:41.652 [org.springframework.kafka.KafkaListenerEndpointContainer#0-0-C-1] WARN       o.apache.kafka.clients.NetworkClient -----[Consumer clientId=consumer-weekly-sentiment-group-1, groupId=weekly-sentiment-group] Connection to node -1 (localhost/127.0.0.1:9092) could not be established. Node may not be available.  
16:48:41.652 [org.springframework.kafka.KafkaListenerEndpointContainer#0-0-C-1] WARN       o.apache.kafka.clients.NetworkClient -----[Consumer clientId=consumer-weekly-sentiment-group-1, groupId=weekly-sentiment-group] Bootstrap broker localhost:9092 (id: -1 rack: null) disconnected  
16:48:42.480 [org.springframework.kafka.KafkaListenerEndpointContainer#0-0-C-1] INFO       o.apache.kafka.clients.NetworkClient -----[Consumer clientId=consumer-weekly-sentiment-group-1, groupId=weekly-sentiment-group] Node -1 disconnected.  
16:48:42.481 [org.springframework.kafka.KafkaListenerEndpointContainer#0-0-C-1] WARN       o.apache.kafka.clients.NetworkClient -----[Consumer clientId=consumer-weekly-sentiment-group-1, groupId=weekly-sentiment-group] Connection to node -1 (localhost/127.0.0.1:9092) could not be established. Node may not be available.  
16:48:42.481 [org.springframework.kafka.KafkaListenerEndpointContainer#0-0-C-1] WARN       o.apache.kafka.clients.NetworkClient -----[Consumer clientId=consumer-weekly-sentiment-group-1, groupId=weekly-sentiment-group] Bootstrap broker localhost:9092 (id: -1 rack: null) disconnected  
16:48:43.464 [org.springframework.kafka.KafkaListenerEndpointContainer#0-0-C-1] INFO       o.apache.kafka.clients.NetworkClient -----[Consumer clientId=consumer-weekly-sentiment-group-1, groupId=weekly-sentiment-group] Node -1 disconnected.  
16:48:43.464 [org.springframework.kafka.KafkaListenerEndpointContainer#0-0-C-1] WARN       o.apache.kafka.clients.NetworkClient -----[Consumer clientId=consumer-weekly-sentiment-group-1, groupId=weekly-sentiment-group] Connection to node -1 (localhost/127.0.0.1:9092) could not be established. Node may not be available.  
16:48:43.464 [org.springframework.kafka.KafkaListenerEndpointContainer#0-0-C-1] WARN       o.apache.kafka.clients.NetworkClient -----[Consumer clientId=consumer-weekly-sentiment-group-1, groupId=weekly-sentiment-group] Bootstrap broker localhost:9092 (id: -1 rack: null) disconnected  
16:48:44.356 [org.springframework.kafka.KafkaListenerEndpointContainer#0-0-C-1] INFO       o.apache.kafka.clients.NetworkClient -----[Consumer clientId=consumer-weekly-sentiment-group-1, groupId=weekly-sentiment-group] Node -1 disconnected.  
16:48:44.357 [org.springframework.kafka.KafkaListenerEndpointContainer#0-0-C-1] WARN       o.apache.kafka.clients.NetworkClient -----[Consumer clientId=consumer-weekly-sentiment-group-1, groupId=weekly-sentiment-group] Connection to node -1 (localhost/127.0.0.1:9092) could not be established. Node may not be available.  
16:48:44.358 [org.springframework.kafka.KafkaListenerEndpointContainer#0-0-C-1] WARN       o.apache.kafka.clients.NetworkClient -----[Consumer clientId=consumer-weekly-sentiment-group-1, groupId=weekly-sentiment-group] Bootstrap broker localhost:9092 (id: -1 rack: null) disconnected  
16:48:45.303 [org.springframework.kafka.KafkaListenerEndpointContainer#0-0-C-1] INFO       o.apache.kafka.clients.NetworkClient -----[Consumer clientId=consumer-weekly-sentiment-group-1, groupId=weekly-sentiment-group] Node -1 disconnected.  
16:48:45.304 [org.springframework.kafka.KafkaListenerEndpointContainer#0-0-C-1] WARN       o.apache.kafka.clients.NetworkClient -----[Consumer clientId=consumer-weekly-sentiment-group-1, groupId=weekly-sentiment-group] Connection to node -1 (localhost/127.0.0.1:9092) could not be established. Node may not be available.  
16:48:45.304 [org.springframework.kafka.KafkaListenerEndpointContainer#0-0-C-1] WARN       o.apache.kafka.clients.NetworkClient -----[Consumer clientId=consumer-weekly-sentiment-group-1, groupId=weekly-sentiment-group] Bootstrap broker localhost:9092 (id: -1 rack: null) disconnected  
16:48:46.365 [org.springframework.kafka.KafkaListenerEndpointContainer#0-0-C-1] INFO       o.apache.kafka.clients.NetworkClient -----[Consumer clientId=consumer-weekly-sentiment-group-1, groupId=weekly-sentiment-group] Node -1 disconnected.  
16:48:46.366 [org.springframework.kafka.KafkaListenerEndpointContainer#0-0-C-1] WARN       o.apache.kafka.clients.NetworkClient -----[Consumer clientId=consumer-weekly-sentiment-group-1, groupId=weekly-sentiment-group] Connection to node -1 (localhost/127.0.0.1:9092) could not be established. Node may not be available.  
16:48:46.366 [org.springframework.kafka.KafkaListenerEndpointContainer#0-0-C-1] WARN       o.apache.kafka.clients.NetworkClient -----[Consumer clientId=consumer-weekly-sentiment-group-1, groupId=weekly-sentiment-group] Bootstrap broker localhost:9092 (id: -1 rack: null) disconnected  
16:48:47.369 [org.springframework.kafka.KafkaListenerEndpointContainer#0-0-C-1] INFO       o.apache.kafka.clients.NetworkClient -----[Consumer clientId=consumer-weekly-sentiment-group-1, groupId=weekly-sentiment-group] Node -1 disconnected.  
16:48:47.369 [org.springframework.kafka.KafkaListenerEndpointContainer#0-0-C-1] WARN       o.apache.kafka.clients.NetworkClient -----[Consumer clientId=consumer-weekly-sentiment-group-1, groupId=weekly-sentiment-group] Connection to node -1 (localhost/127.0.0.1:9092) could not be established. Node may not be available.  
16:48:47.370 [org.springframework.kafka.KafkaListenerEndpointContainer#0-0-C-1] WARN       o.apache.kafka.clients.NetworkClient -----[Consumer clientId=consumer-weekly-sentiment-group-1, groupId=weekly-sentiment-group] Bootstrap broker localhost:9092 (id: -1 rack: null) disconnected  
16:48:48.233 [org.springframework.kafka.KafkaListenerEndpointContainer#0-0-C-1] INFO       o.apache.kafka.clients.NetworkClient -----[Consumer clientId=consumer-weekly-sentiment-group-1, groupId=weekly-sentiment-group] Node -1 disconnected.  
16:48:48.233 [org.springframework.kafka.KafkaListenerEndpointContainer#0-0-C-1] WARN       o.apache.kafka.clients.NetworkClient -----[Consumer clientId=consumer-weekly-sentiment-group-1, groupId=weekly-sentiment-group] Connection to node -1 (localhost/127.0.0.1:9092) could not be established. Node may not be available.  
16:48:48.234 [org.springframework.kafka.KafkaListenerEndpointContainer#0-0-C-1] WARN       o.apache.kafka.clients.NetworkClient -----[Consumer clientId=consumer-weekly-sentiment-group-1, groupId=weekly-sentiment-group] Bootstrap broker localhost:9092 (id: -1 rack: null) disconnected  
16:48:49.142 [org.springframework.kafka.KafkaListenerEndpointContainer#0-0-C-1] INFO       o.apache.kafka.clients.NetworkClient -----[Consumer clientId=consumer-weekly-sentiment-group-1, groupId=weekly-sentiment-group] Node -1 disconnected.  
16:48:49.142 [org.springframework.kafka.KafkaListenerEndpointContainer#0-0-C-1] WARN       o.apache.kafka.clients.NetworkClient -----[Consumer clientId=consumer-weekly-sentiment-group-1, groupId=weekly-sentiment-group] Connection to node -1 (localhost/127.0.0.1:9092) could not be established. Node may not be available.  
16:48:49.142 [org.springframework.kafka.KafkaListenerEndpointContainer#0-0-C-1] WARN       o.apache.kafka.clients.NetworkClient -----[Consumer clientId=consumer-weekly-sentiment-group-1, groupId=weekly-sentiment-group] Bootstrap broker localhost:9092 (id: -1 rack: null) disconnected  
16:48:50.148 [org.springframework.kafka.KafkaListenerEndpointContainer#0-0-C-1] INFO       o.apache.kafka.clients.NetworkClient -----[Consumer clientId=consumer-weekly-sentiment-group-1, groupId=weekly-sentiment-group] Node -1 disconnected.  
16:48:50.148 [org.springframework.kafka.KafkaListenerEndpointContainer#0-0-C-1] WARN       o.apache.kafka.clients.NetworkClient -----[Consumer clientId=consumer-weekly-sentiment-group-1, groupId=weekly-sentiment-group] Connection to node -1 (localhost/127.0.0.1:9092) could not be established. Node may not be available.  
16:48:50.148 [org.springframework.kafka.KafkaListenerEndpointContainer#0-0-C-1] WARN       o.apache.kafka.clients.NetworkClient -----[Consumer clientId=consumer-weekly-sentiment-group-1, groupId=weekly-sentiment-group] Bootstrap broker localhost:9092 (id: -1 rack: null) disconnected  
16:48:51.156 [org.springframework.kafka.KafkaListenerEndpointContainer#0-0-C-1] INFO       o.apache.kafka.clients.NetworkClient -----[Consumer clientId=consumer-weekly-sentiment-group-1, groupId=weekly-sentiment-group] Node -1 disconnected.  
16:48:51.157 [org.springframework.kafka.KafkaListenerEndpointContainer#0-0-C-1] WARN       o.apache.kafka.clients.NetworkClient -----[Consumer clientId=consumer-weekly-sentiment-group-1, groupId=weekly-sentiment-group] Connection to node -1 (localhost/127.0.0.1:9092) could not be established. Node may not be available.  
16:48:51.157 [org.springframework.kafka.KafkaListenerEndpointContainer#0-0-C-1] WARN       o.apache.kafka.clients.NetworkClient -----[Consumer clientId=consumer-weekly-sentiment-group-1, groupId=weekly-sentiment-group] Bootstrap broker localhost:9092 (id: -1 rack: null) disconnected  
16:48:52.177 [org.springframework.kafka.KafkaListenerEndpointContainer#0-0-C-1] INFO       o.apache.kafka.clients.NetworkClient -----[Consumer clientId=consumer-weekly-sentiment-group-1, groupId=weekly-sentiment-group] Node -1 disconnected.  
16:48:52.177 [org.springframework.kafka.KafkaListenerEndpointContainer#0-0-C-1] WARN       o.apache.kafka.clients.NetworkClient -----[Consumer clientId=consumer-weekly-sentiment-group-1, groupId=weekly-sentiment-group] Connection to node -1 (localhost/127.0.0.1:9092) could not be established. Node may not be available.  
16:48:52.177 [org.springframework.kafka.KafkaListenerEndpointContainer#0-0-C-1] WARN       o.apache.kafka.clients.NetworkClient -----[Consumer clientId=consumer-weekly-sentiment-group-1, groupId=weekly-sentiment-group] Bootstrap broker localhost:9092 (id: -1 rack: null) disconnected  
16:48:53.089 [org.springframework.kafka.KafkaListenerEndpointContainer#0-0-C-1] INFO       o.apache.kafka.clients.NetworkClient -----[Consumer clientId=consumer-weekly-sentiment-group-1, groupId=weekly-sentiment-group] Node -1 disconnected.  
16:48:53.089 [org.springframework.kafka.KafkaListenerEndpointContainer#0-0-C-1] WARN       o.apache.kafka.clients.NetworkClient -----[Consumer clientId=consumer-weekly-sentiment-group-1, groupId=weekly-sentiment-group] Connection to node -1 (localhost/127.0.0.1:9092) could not be established. Node may not be available.  
16:48:53.090 [org.springframework.kafka.KafkaListenerEndpointContainer#0-0-C-1] WARN       o.apache.kafka.clients.NetworkClient -----[Consumer clientId=consumer-weekly-sentiment-group-1, groupId=weekly-sentiment-group] Bootstrap broker localhost:9092 (id: -1 rack: null) disconnected  
16:48:54.014 [org.springframework.kafka.KafkaListenerEndpointContainer#0-0-C-1] INFO       o.apache.kafka.clients.NetworkClient -----[Consumer clientId=consumer-weekly-sentiment-group-1, groupId=weekly-sentiment-group] Node -1 disconnected.  
16:48:54.015 [org.springframework.kafka.KafkaListenerEndpointContainer#0-0-C-1] WARN       o.apache.kafka.clients.NetworkClient -----[Consumer clientId=consumer-weekly-sentiment-group-1, groupId=weekly-sentiment-group] Connection to node -1 (localhost/127.0.0.1:9092) could not be established. Node may not be available.  
16:48:54.015 [org.springframework.kafka.KafkaListenerEndpointContainer#0-0-C-1] WARN       o.apache.kafka.clients.NetworkClient -----[Consumer clientId=consumer-weekly-sentiment-group-1, groupId=weekly-sentiment-group] Bootstrap broker localhost:9092 (id: -1 rack: null) disconnected  
16:48:54.837 [org.springframework.kafka.KafkaListenerEndpointContainer#0-0-C-1] INFO       o.apache.kafka.clients.NetworkClient -----[Consumer clientId=consumer-weekly-sentiment-group-1, groupId=weekly-sentiment-group] Node -1 disconnected.  
16:48:54.837 [org.springframework.kafka.KafkaListenerEndpointContainer#0-0-C-1] WARN       o.apache.kafka.clients.NetworkClient -----[Consumer clientId=consumer-weekly-sentiment-group-1, groupId=weekly-sentiment-group] Connection to node -1 (localhost/127.0.0.1:9092) could not be established. Node may not be available.  
16:48:54.837 [org.springframework.kafka.KafkaListenerEndpointContainer#0-0-C-1] WARN       o.apache.kafka.clients.NetworkClient -----[Consumer clientId=consumer-weekly-sentiment-group-1, groupId=weekly-sentiment-group] Bootstrap broker localhost:9092 (id: -1 rack: null) disconnected  
16:48:55.840 [org.springframework.kafka.KafkaListenerEndpointContainer#0-0-C-1] INFO       o.apache.kafka.clients.NetworkClient -----[Consumer clientId=consumer-weekly-sentiment-group-1, groupId=weekly-sentiment-group] Node -1 disconnected.  
16:48:55.840 [org.springframework.kafka.KafkaListenerEndpointContainer#0-0-C-1] WARN       o.apache.kafka.clients.NetworkClient -----[Consumer clientId=consumer-weekly-sentiment-group-1, groupId=weekly-sentiment-group] Connection to node -1 (localhost/127.0.0.1:9092) could not be established. Node may not be available.  
16:48:55.840 [org.springframework.kafka.KafkaListenerEndpointContainer#0-0-C-1] WARN       o.apache.kafka.clients.NetworkClient -----[Consumer clientId=consumer-weekly-sentiment-group-1, groupId=weekly-sentiment-group] Bootstrap broker localhost:9092 (id: -1 rack: null) disconnected  
16:48:56.835 [org.springframework.kafka.KafkaListenerEndpointContainer#0-0-C-1] INFO       o.apache.kafka.clients.NetworkClient -----[Consumer clientId=consumer-weekly-sentiment-group-1, groupId=weekly-sentiment-group] Node -1 disconnected.  
16:48:56.835 [org.springframework.kafka.KafkaListenerEndpointContainer#0-0-C-1] WARN       o.apache.kafka.clients.NetworkClient -----[Consumer clientId=consumer-weekly-sentiment-group-1, groupId=weekly-sentiment-group] Connection to node -1 (localhost/127.0.0.1:9092) could not be established. Node may not be available.  
16:48:56.835 [org.springframework.kafka.KafkaListenerEndpointContainer#0-0-C-1] WARN       o.apache.kafka.clients.NetworkClient -----[Consumer clientId=consumer-weekly-sentiment-group-1, groupId=weekly-sentiment-group] Bootstrap broker localhost:9092 (id: -1 rack: null) disconnected  
16:48:57.805 [org.springframework.kafka.KafkaListenerEndpointContainer#0-0-C-1] INFO       o.apache.kafka.clients.NetworkClient -----[Consumer clientId=consumer-weekly-sentiment-group-1, groupId=weekly-sentiment-group] Node -1 disconnected.  
16:48:57.805 [org.springframework.kafka.KafkaListenerEndpointContainer#0-0-C-1] WARN       o.apache.kafka.clients.NetworkClient -----[Consumer clientId=consumer-weekly-sentiment-group-1, groupId=weekly-sentiment-group] Connection to node -1 (localhost/127.0.0.1:9092) could not be established. Node may not be available.  
16:48:57.805 [org.springframework.kafka.KafkaListenerEndpointContainer#0-0-C-1] WARN       o.apache.kafka.clients.NetworkClient -----[Consumer clientId=consumer-weekly-sentiment-group-1, groupId=weekly-sentiment-group] Bootstrap broker localhost:9092 (id: -1 rack: null) disconnected  
16:48:58.698 [org.springframework.kafka.KafkaListenerEndpointContainer#0-0-C-1] INFO       o.apache.kafka.clients.NetworkClient -----[Consumer clientId=consumer-weekly-sentiment-group-1, groupId=weekly-sentiment-group] Node -1 disconnected.  
16:48:58.699 [org.springframework.kafka.KafkaListenerEndpointContainer#0-0-C-1] WARN       o.apache.kafka.clients.NetworkClient -----[Consumer clientId=consumer-weekly-sentiment-group-1, groupId=weekly-sentiment-group] Connection to node -1 (localhost/127.0.0.1:9092) could not be established. Node may not be available.  
16:48:58.699 [org.springframework.kafka.KafkaListenerEndpointContainer#0-0-C-1] WARN       o.apache.kafka.clients.NetworkClient -----[Consumer clientId=consumer-weekly-sentiment-group-1, groupId=weekly-sentiment-group] Bootstrap broker localhost:9092 (id: -1 rack: null) disconnected  
16:48:59.553 [org.springframework.kafka.KafkaListenerEndpointContainer#0-0-C-1] INFO       o.apache.kafka.clients.NetworkClient -----[Consumer clientId=consumer-weekly-sentiment-group-1, groupId=weekly-sentiment-group] Node -1 disconnected.  
16:48:59.554 [org.springframework.kafka.KafkaListenerEndpointContainer#0-0-C-1] WARN       o.apache.kafka.clients.NetworkClient -----[Consumer clientId=consumer-weekly-sentiment-group-1, groupId=weekly-sentiment-group] Connection to node -1 (localhost/127.0.0.1:9092) could not be established. Node may not be available.  
16:48:59.554 [org.springframework.kafka.KafkaListenerEndpointContainer#0-0-C-1] WARN       o.apache.kafka.clients.NetworkClient -----[Consumer clientId=consumer-weekly-sentiment-group-1, groupId=weekly-sentiment-group] Bootstrap broker localhost:9092 (id: -1 rack: null) disconnected  
16:49:00.529 [org.springframework.kafka.KafkaListenerEndpointContainer#0-0-C-1] INFO       o.apache.kafka.clients.NetworkClient -----[Consumer clientId=consumer-weekly-sentiment-group-1, groupId=weekly-sentiment-group] Node -1 disconnected.  
16:49:00.529 [org.springframework.kafka.KafkaListenerEndpointContainer#0-0-C-1] WARN       o.apache.kafka.clients.NetworkClient -----[Consumer clientId=consumer-weekly-sentiment-group-1, groupId=weekly-sentiment-group] Connection to node -1 (localhost/127.0.0.1:9092) could not be established. Node may not be available.  
16:49:00.529 [org.springframework.kafka.KafkaListenerEndpointContainer#0-0-C-1] WARN       o.apache.kafka.clients.NetworkClient -----[Consumer clientId=consumer-weekly-sentiment-group-1, groupId=weekly-sentiment-group] Bootstrap broker localhost:9092 (id: -1 rack: null) disconnected  
16:49:01.336 [org.springframework.kafka.KafkaListenerEndpointContainer#0-0-C-1] INFO       o.a.k.c.c.i.ConsumerCoordinator -----[Consumer clientId=consumer-weekly-sentiment-group-1, groupId=weekly-sentiment-group] Resetting generation and member id due to: consumer pro-actively leaving the group  
16:49:01.336 [org.springframework.kafka.KafkaListenerEndpointContainer#0-0-C-1] INFO       o.a.k.c.c.i.ConsumerCoordinator -----[Consumer clientId=consumer-weekly-sentiment-group-1, groupId=weekly-sentiment-group] Request joining group due to: consumer pro-actively leaving the group  
16:49:01.336 [org.springframework.kafka.KafkaListenerEndpointContainer#0-0-C-1] INFO       o.a.k.c.c.i.LegacyKafkaConsumer -----[Consumer clientId=consumer-weekly-sentiment-group-1, groupId=weekly-sentiment-group] Unsubscribed all topics or patterns and assigned partitions  
16:49:01.339 [org.springframework.kafka.KafkaListenerEndpointContainer#0-0-C-1] INFO       o.a.k.c.c.i.ConsumerCoordinator -----[Consumer clientId=consumer-weekly-sentiment-group-1, groupId=weekly-sentiment-group] Resetting generation and member id due to: consumer pro-actively leaving the group  
16:49:01.339 [org.springframework.kafka.KafkaListenerEndpointContainer#0-0-C-1] INFO       o.a.k.c.c.i.ConsumerCoordinator -----[Consumer clientId=consumer-weekly-sentiment-group-1, groupId=weekly-sentiment-group] Request joining group due to: consumer pro-actively leaving the group  
16:49:01.344 [org.springframework.kafka.KafkaListenerEndpointContainer#0-0-C-1] INFO       o.a.kafka.common.metrics.Metrics -----Metrics scheduler closed  
16:49:01.344 [org.springframework.kafka.KafkaListenerEndpointContainer#0-0-C-1] INFO       o.a.kafka.common.metrics.Metrics -----Closing reporter org.apache.kafka.common.metrics.JmxReporter  
16:49:01.344 [org.springframework.kafka.KafkaListenerEndpointContainer#0-0-C-1] INFO       o.a.kafka.common.metrics.Metrics -----Closing reporter org.apache.kafka.common.telemetry.internals.ClientTelemetryReporter  
16:49:01.344 [org.springframework.kafka.KafkaListenerEndpointContainer#0-0-C-1] INFO       o.a.kafka.common.metrics.Metrics -----Metrics reporters closed  
16:49:01.351 [org.springframework.kafka.KafkaListenerEndpointContainer#0-0-C-1] INFO       o.a.kafka.common.utils.AppInfoParser -----App info kafka.consumer for consumer-weekly-sentiment-group-1 unregistered  
16:49:01.352 [org.springframework.kafka.KafkaListenerEndpointContainer#0-0-C-1] INFO       o.s.k.l.KafkaMessageListenerContainer -----weekly-sentiment-group: Consumer stopped  
16:49:01.354 [SpringApplicationShutdownHook] INFO       o.s.b.w.e.tomcat.GracefulShutdown -----Commencing graceful shutdown. Waiting for active requests to complete  
16:49:01.361 [tomcat-shutdown] INFO       o.s.b.w.e.tomcat.GracefulShutdown -----Graceful shutdown complete  
