16:22:07.408 [main] INFO       d.a.JournalApp.JournalAppApplication -----Starting JournalAppApplication using Java 21.0.5 with PID 4148 (C:\Users\shank\OneDrive\Desktop\PortfolioWebsite\JournalApp\target\classes started by shank in C:\Users\shank\OneDrive\Desktop\PortfolioWebsite\JournalApp)  
16:22:07.416 [main] INFO       d.a.JournalApp.JournalAppApplication -----The following 1 profile is active: "test"  
16:22:09.344 [main] INFO       o.s.d.r.c.RepositoryConfigurationDelegate -----Multiple Spring Data modules found, entering strict repository configuration mode  
16:22:09.347 [main] INFO       o.s.d.r.c.RepositoryConfigurationDelegate -----Bootstrapping Spring Data MongoDB repositories in DEFAULT mode.  
16:22:09.633 [main] INFO       o.s.d.r.c.RepositoryConfigurationDelegate -----Finished Spring Data repository scanning in 277 ms. Found 3 MongoDB repository interfaces.  
16:22:09.661 [main] INFO       o.s.d.r.c.RepositoryConfigurationDelegate -----Multiple Spring Data modules found, entering strict repository configuration mode  
16:22:09.663 [main] INFO       o.s.d.r.c.RepositoryConfigurationDelegate -----Bootstrapping Spring Data Redis repositories in DEFAULT mode.  
16:22:09.691 [main] INFO       o.s.d.r.c.RepositoryConfigurationExtensionSupport -----Spring Data Redis - Could not safely identify store assignment for repository candidate interface dev.anurag.JournalApp.repository.ConfigJournalRepository; If you want this repository to be a Redis repository, consider annotating your entities with one of these annotations: org.springframework.data.redis.core.RedisHash (preferred), or consider extending one of the following types with your repository: org.springframework.data.keyvalue.repository.KeyValueRepository  
16:22:09.692 [main] INFO       o.s.d.r.c.RepositoryConfigurationExtensionSupport -----Spring Data Redis - Could not safely identify store assignment for repository candidate interface dev.anurag.JournalApp.repository.JournalRepository; If you want this repository to be a Redis repository, consider annotating your entities with one of these annotations: org.springframework.data.redis.core.RedisHash (preferred), or consider extending one of the following types with your repository: org.springframework.data.keyvalue.repository.KeyValueRepository  
16:22:09.692 [main] INFO       o.s.d.r.c.RepositoryConfigurationExtensionSupport -----Spring Data Redis - Could not safely identify store assignment for repository candidate interface dev.anurag.JournalApp.repository.UserRepository; If you want this repository to be a Redis repository, consider annotating your entities with one of these annotations: org.springframework.data.redis.core.RedisHash (preferred), or consider extending one of the following types with your repository: org.springframework.data.keyvalue.repository.KeyValueRepository  
16:22:09.692 [main] INFO       o.s.d.r.c.RepositoryConfigurationDelegate -----Finished Spring Data repository scanning in 14 ms. Found 0 Redis repository interfaces.  
16:22:10.792 [main] INFO       o.s.b.w.e.tomcat.TomcatWebServer -----Tomcat initialized with port 8080 (http)  
16:22:10.815 [main] INFO       o.a.coyote.http11.Http11NioProtocol -----Initializing ProtocolHandler ["http-nio-8080"]  
16:22:10.820 [main] INFO       o.a.catalina.core.StandardService -----Starting service [Tomcat]  
16:22:10.820 [main] INFO       o.a.catalina.core.StandardEngine -----Starting Servlet engine: [Apache Tomcat/10.1.36]  
16:22:10.938 [main] INFO       o.a.c.c.C.[Tomcat].[localhost].[/] -----Initializing Spring embedded WebApplicationContext  
16:22:10.939 [main] INFO       o.s.b.w.s.c.ServletWebServerApplicationContext -----Root WebApplicationContext: initialization completed in 3437 ms  
16:22:11.364 [main] INFO       org.mongodb.driver.client -----MongoClient with metadata {"application": {"name": "Cluster0"}, "driver": {"name": "mongo-java-driver|sync|spring-boot", "version": "5.2.1"}, "os": {"type": "Windows", "name": "Windows 11", "architecture": "amd64", "version": "10.0"}, "platform": "Java/Oracle Corporation/21.0.5+9-LTS-jvmci-23.1-b48"} created with settings MongoClientSettings{readPreference=primary, writeConcern=WriteConcern{w=majority, wTimeout=null ms, journal=null}, retryWrites=true, retryReads=true, readConcern=ReadConcern{level=null}, credential=MongoCredential{mechanism=null, userName='jatanurag000', source='admin', password=<hidden>, mechanismProperties=<hidden>}, transportSettings=null, commandListeners=[], codecRegistry=ProvidersCodecRegistry{codecProviders=[ValueCodecProvider{}, BsonValueCodecProvider{}, DBRefCodecProvider{}, DBObjectCodecProvider{}, DocumentCodecProvider{}, CollectionCodecProvider{}, IterableCodecProvider{}, MapCodecProvider{}, GeoJsonCodecProvider{}, GridFSFileCodecProvider{}, Jsr310CodecProvider{}, JsonObjectCodecProvider{}, BsonCodecProvider{}, EnumCodecProvider{}, com.mongodb.client.model.mql.ExpressionCodecProvider@5b1c32e4, com.mongodb.Jep395RecordCodecProvider@2bab618, com.mongodb.KotlinCodecProvider@48bc2fce]}, loggerSettings=LoggerSettings{maxDocumentLength=1000}, clusterSettings={hosts=[127.0.0.1:27017], srvHost=cluster0.z7sib.mongodb.net, srvServiceName=mongodb, mode=MULTIPLE, requiredClusterType=REPLICA_SET, requiredReplicaSetName='atlas-3fnet9-shard-0', serverSelector='null', clusterListeners='[]', serverSelectionTimeout='30000 ms', localThreshold='15 ms'}, socketSettings=SocketSettings{connectTimeoutMS=10000, readTimeoutMS=0, receiveBufferSize=0, proxySettings=ProxySettings{host=null, port=null, username=null, password=null}}, heartbeatSocketSettings=SocketSettings{connectTimeoutMS=10000, readTimeoutMS=10000, receiveBufferSize=0, proxySettings=ProxySettings{host=null, port=null, username=null, password=null}}, connectionPoolSettings=ConnectionPoolSettings{maxSize=100, minSize=0, maxWaitTimeMS=120000, maxConnectionLifeTimeMS=0, maxConnectionIdleTimeMS=0, maintenanceInitialDelayMS=0, maintenanceFrequencyMS=60000, connectionPoolListeners=[], maxConnecting=2}, serverSettings=ServerSettings{heartbeatFrequencyMS=10000, minHeartbeatFrequencyMS=500, serverMonitoringMode=AUTO, serverListeners='[]', serverMonitorListeners='[]'}, sslSettings=SslSettings{enabled=true, invalidHostNameAllowed=false, context=null}, applicationName='Cluster0', compressorList=[], uuidRepresentation=JAVA_LEGACY, serverApi=null, autoEncryptionSettings=null, dnsClient=null, inetAddressResolver=null, contextProvider=null, timeoutMS=null}  
16:22:11.446 [cluster-ClusterId{value='6836eadbb9cde9435f530718', description='Cluster0'}-srv-cluster0.z7sib.mongodb.net] INFO       org.mongodb.driver.cluster -----Adding discovered server cluster0-shard-00-00.z7sib.mongodb.net:27017 to client view of cluster  
16:22:11.505 [cluster-ClusterId{value='6836eadbb9cde9435f530718', description='Cluster0'}-srv-cluster0.z7sib.mongodb.net] INFO       org.mongodb.driver.cluster -----Adding discovered server cluster0-shard-00-01.z7sib.mongodb.net:27017 to client view of cluster  
16:22:11.509 [cluster-ClusterId{value='6836eadbb9cde9435f530718', description='Cluster0'}-srv-cluster0.z7sib.mongodb.net] INFO       org.mongodb.driver.cluster -----Adding discovered server cluster0-shard-00-02.z7sib.mongodb.net:27017 to client view of cluster  
16:22:11.897 [main] INFO       org.mongodb.driver.cluster -----Waiting for server to become available for operation with ID 5. Remaining time: 29984 ms. Selector: WritableServerSelector, topology description: {type=REPLICA_SET, servers=[{address=cluster0-shard-00-01.z7sib.mongodb.net:27017, type=UNKNOWN, state=CONNECTING}, {address=cluster0-shard-00-02.z7sib.mongodb.net:27017, type=UNKNOWN, state=CONNECTING}, {address=cluster0-shard-00-00.z7sib.mongodb.net:27017, type=UNKNOWN, state=CONNECTING}].  
16:22:12.588 [cluster-ClusterId{value='6836eadbb9cde9435f530718', description='Cluster0'}-cluster0-shard-00-00.z7sib.mongodb.net:27017] INFO       org.mongodb.driver.cluster -----Monitor thread successfully connected to server with description ServerDescription{address=cluster0-shard-00-00.z7sib.mongodb.net:27017, type=REPLICA_SET_SECONDARY, cryptd=false, state=CONNECTED, ok=true, minWireVersion=0, maxWireVersion=25, maxDocumentSize=16777216, logicalSessionTimeoutMinutes=30, roundTripTimeNanos=513061900, minRoundTripTimeNanos=0, setName='atlas-3fnet9-shard-0', canonicalAddress=cluster0-shard-00-00.z7sib.mongodb.net:27017, hosts=[cluster0-shard-00-01.z7sib.mongodb.net:27017, cluster0-shard-00-02.z7sib.mongodb.net:27017, cluster0-shard-00-00.z7sib.mongodb.net:27017], passives=[], arbiters=[], primary='cluster0-shard-00-01.z7sib.mongodb.net:27017', tagSet=TagSet{[Tag{name='availabilityZone', value='aps1-az1'}, Tag{name='diskState', value='READY'}, Tag{name='nodeType', value='ELECTABLE'}, Tag{name='provider', value='AWS'}, Tag{name='region', value='AP_SOUTH_1'}, Tag{name='workloadType', value='OPERATIONAL'}]}, electionId=null, setVersion=1, topologyVersion=TopologyVersion{processId=682ee276bddb8061aa2a393a, counter=4}, lastWriteDate=Wed May 28 16:22:12 IST 2025, lastUpdateTimeNanos=61348546461100}  
16:22:12.588 [cluster-ClusterId{value='6836eadbb9cde9435f530718', description='Cluster0'}-cluster0-shard-00-01.z7sib.mongodb.net:27017] INFO       org.mongodb.driver.cluster -----Monitor thread successfully connected to server with description ServerDescription{address=cluster0-shard-00-01.z7sib.mongodb.net:27017, type=REPLICA_SET_PRIMARY, cryptd=false, state=CONNECTED, ok=true, minWireVersion=0, maxWireVersion=25, maxDocumentSize=16777216, logicalSessionTimeoutMinutes=30, roundTripTimeNanos=513306900, minRoundTripTimeNanos=0, setName='atlas-3fnet9-shard-0', canonicalAddress=cluster0-shard-00-01.z7sib.mongodb.net:27017, hosts=[cluster0-shard-00-01.z7sib.mongodb.net:27017, cluster0-shard-00-02.z7sib.mongodb.net:27017, cluster0-shard-00-00.z7sib.mongodb.net:27017], passives=[], arbiters=[], primary='cluster0-shard-00-01.z7sib.mongodb.net:27017', tagSet=TagSet{[Tag{name='availabilityZone', value='aps1-az3'}, Tag{name='diskState', value='READY'}, Tag{name='nodeType', value='ELECTABLE'}, Tag{name='provider', value='AWS'}, Tag{name='region', value='AP_SOUTH_1'}, Tag{name='workloadType', value='OPERATIONAL'}]}, electionId=7fffffff000000000000009d, setVersion=1, topologyVersion=TopologyVersion{processId=682ee3cf3be14e934485afaf, counter=6}, lastWriteDate=Wed May 28 16:22:12 IST 2025, lastUpdateTimeNanos=61348546461100}  
16:22:12.588 [cluster-ClusterId{value='6836eadbb9cde9435f530718', description='Cluster0'}-cluster0-shard-00-02.z7sib.mongodb.net:27017] INFO       org.mongodb.driver.cluster -----Monitor thread successfully connected to server with description ServerDescription{address=cluster0-shard-00-02.z7sib.mongodb.net:27017, type=REPLICA_SET_SECONDARY, cryptd=false, state=CONNECTED, ok=true, minWireVersion=0, maxWireVersion=25, maxDocumentSize=16777216, logicalSessionTimeoutMinutes=30, roundTripTimeNanos=499248500, minRoundTripTimeNanos=0, setName='atlas-3fnet9-shard-0', canonicalAddress=cluster0-shard-00-02.z7sib.mongodb.net:27017, hosts=[cluster0-shard-00-01.z7sib.mongodb.net:27017, cluster0-shard-00-02.z7sib.mongodb.net:27017, cluster0-shard-00-00.z7sib.mongodb.net:27017], passives=[], arbiters=[], primary='cluster0-shard-00-01.z7sib.mongodb.net:27017', tagSet=TagSet{[Tag{name='availabilityZone', value='aps1-az2'}, Tag{name='diskState', value='READY'}, Tag{name='nodeType', value='ELECTABLE'}, Tag{name='provider', value='AWS'}, Tag{name='region', value='AP_SOUTH_1'}, Tag{name='workloadType', value='OPERATIONAL'}]}, electionId=null, setVersion=1, topologyVersion=TopologyVersion{processId=682ee50b47630e4fa1c8918c, counter=3}, lastWriteDate=Wed May 28 16:22:12 IST 2025, lastUpdateTimeNanos=61348546461200}  
16:22:12.593 [cluster-ClusterId{value='6836eadbb9cde9435f530718', description='Cluster0'}-cluster0-shard-00-01.z7sib.mongodb.net:27017] INFO       org.mongodb.driver.cluster -----Discovered replica set primary cluster0-shard-00-01.z7sib.mongodb.net:27017 with max election id 7fffffff000000000000009d and max set version 1  
16:22:13.551 [main] WARN       o.s.s.c.a.a.c.InitializeUserDetailsBeanManagerConfigurer$InitializeUserDetailsManagerConfigurer -----Global AuthenticationManager configured with an AuthenticationProvider bean. UserDetailsService beans will not be used by Spring Security for automatically configuring username/password login. Consider removing the AuthenticationProvider bean. Alternatively, consider using the UserDetailsService in a manually instantiated DaoAuthenticationProvider. If the current configuration is intentional, to turn off this warning, increase the logging level of 'org.springframework.security.config.annotation.authentication.configuration.InitializeUserDetailsBeanManagerConfigurer' to ERROR  
16:22:15.095 [main] INFO       o.a.coyote.http11.Http11NioProtocol -----Starting ProtocolHandler ["http-nio-8080"]  
16:22:15.112 [main] INFO       o.s.b.w.e.tomcat.TomcatWebServer -----Tomcat started on port 8080 (http) with context path '/'  
16:22:15.186 [main] INFO       o.a.k.c.consumer.ConsumerConfig -----ConsumerConfig values: 
	allow.auto.create.topics = true
	auto.commit.interval.ms = 5000
	auto.include.jmx.reporter = true
	auto.offset.reset = latest
	bootstrap.servers = [localhost:9092]
	check.crcs = true
	client.dns.lookup = use_all_dns_ips
	client.id = consumer-weekly-sentiment-group-1
	client.rack = 
	connections.max.idle.ms = 540000
	default.api.timeout.ms = 60000
	enable.auto.commit = false
	enable.metrics.push = true
	exclude.internal.topics = true
	fetch.max.bytes = 52428800
	fetch.max.wait.ms = 500
	fetch.min.bytes = 1
	group.id = weekly-sentiment-group
	group.instance.id = null
	group.protocol = classic
	group.remote.assignor = null
	heartbeat.interval.ms = 3000
	interceptor.classes = []
	internal.leave.group.on.close = true
	internal.throw.on.fetch.stable.offset.unsupported = false
	isolation.level = read_uncommitted
	key.deserializer = class org.apache.kafka.common.serialization.StringDeserializer
	max.partition.fetch.bytes = 1048576
	max.poll.interval.ms = 300000
	max.poll.records = 500
	metadata.max.age.ms = 300000
	metadata.recovery.strategy = none
	metric.reporters = []
	metrics.num.samples = 2
	metrics.recording.level = INFO
	metrics.sample.window.ms = 30000
	partition.assignment.strategy = [class org.apache.kafka.clients.consumer.RangeAssignor, class org.apache.kafka.clients.consumer.CooperativeStickyAssignor]
	receive.buffer.bytes = 65536
	reconnect.backoff.max.ms = 1000
	reconnect.backoff.ms = 50
	request.timeout.ms = 30000
	retry.backoff.max.ms = 1000
	retry.backoff.ms = 100
	sasl.client.callback.handler.class = null
	sasl.jaas.config = null
	sasl.kerberos.kinit.cmd = /usr/bin/kinit
	sasl.kerberos.min.time.before.relogin = 60000
	sasl.kerberos.service.name = null
	sasl.kerberos.ticket.renew.jitter = 0.05
	sasl.kerberos.ticket.renew.window.factor = 0.8
	sasl.login.callback.handler.class = null
	sasl.login.class = null
	sasl.login.connect.timeout.ms = null
	sasl.login.read.timeout.ms = null
	sasl.login.refresh.buffer.seconds = 300
	sasl.login.refresh.min.period.seconds = 60
	sasl.login.refresh.window.factor = 0.8
	sasl.login.refresh.window.jitter = 0.05
	sasl.login.retry.backoff.max.ms = 10000
	sasl.login.retry.backoff.ms = 100
	sasl.mechanism = GSSAPI
	sasl.oauthbearer.clock.skew.seconds = 30
	sasl.oauthbearer.expected.audience = null
	sasl.oauthbearer.expected.issuer = null
	sasl.oauthbearer.jwks.endpoint.refresh.ms = 3600000
	sasl.oauthbearer.jwks.endpoint.retry.backoff.max.ms = 10000
	sasl.oauthbearer.jwks.endpoint.retry.backoff.ms = 100
	sasl.oauthbearer.jwks.endpoint.url = null
	sasl.oauthbearer.scope.claim.name = scope
	sasl.oauthbearer.sub.claim.name = sub
	sasl.oauthbearer.token.endpoint.url = null
	security.protocol = PLAINTEXT
	security.providers = null
	send.buffer.bytes = 131072
	session.timeout.ms = 45000
	socket.connection.setup.timeout.max.ms = 30000
	socket.connection.setup.timeout.ms = 10000
	ssl.cipher.suites = null
	ssl.enabled.protocols = [TLSv1.2, TLSv1.3]
	ssl.endpoint.identification.algorithm = https
	ssl.engine.factory.class = null
	ssl.key.password = null
	ssl.keymanager.algorithm = SunX509
	ssl.keystore.certificate.chain = null
	ssl.keystore.key = null
	ssl.keystore.location = null
	ssl.keystore.password = null
	ssl.keystore.type = JKS
	ssl.protocol = TLSv1.3
	ssl.provider = null
	ssl.secure.random.implementation = null
	ssl.trustmanager.algorithm = PKIX
	ssl.truststore.certificates = null
	ssl.truststore.location = null
	ssl.truststore.password = null
	ssl.truststore.type = JKS
	value.deserializer = class org.apache.kafka.common.serialization.StringDeserializer
  
16:22:15.281 [main] INFO       o.a.k.c.t.i.KafkaMetricsCollector -----initializing Kafka metrics collector  
16:22:15.628 [main] INFO       o.a.kafka.common.utils.AppInfoParser -----Kafka version: 3.8.1  
16:22:15.630 [main] INFO       o.a.kafka.common.utils.AppInfoParser -----Kafka commitId: 70d6ff42debf7e17  
16:22:15.631 [main] INFO       o.a.kafka.common.utils.AppInfoParser -----Kafka startTimeMs: 1748429535626  
16:22:15.637 [main] INFO       o.a.k.c.c.i.LegacyKafkaConsumer -----[Consumer clientId=consumer-weekly-sentiment-group-1, groupId=weekly-sentiment-group] Subscribed to topic(s): weekly-sentiments  
16:22:15.670 [main] INFO       d.a.JournalApp.JournalAppApplication -----Started JournalAppApplication in 8.911 seconds (process running for 10.527)  
16:22:16.065 [org.springframework.kafka.KafkaListenerEndpointContainer#0-0-C-1] INFO       o.apache.kafka.clients.NetworkClient -----[Consumer clientId=consumer-weekly-sentiment-group-1, groupId=weekly-sentiment-group] Node -1 disconnected.  
16:22:16.066 [org.springframework.kafka.KafkaListenerEndpointContainer#0-0-C-1] WARN       o.apache.kafka.clients.NetworkClient -----[Consumer clientId=consumer-weekly-sentiment-group-1, groupId=weekly-sentiment-group] Connection to node -1 (localhost/127.0.0.1:9092) could not be established. Node may not be available.  
16:22:16.067 [org.springframework.kafka.KafkaListenerEndpointContainer#0-0-C-1] WARN       o.apache.kafka.clients.NetworkClient -----[Consumer clientId=consumer-weekly-sentiment-group-1, groupId=weekly-sentiment-group] Bootstrap broker localhost:9092 (id: -1 rack: null) disconnected  
16:22:16.169 [org.springframework.kafka.KafkaListenerEndpointContainer#0-0-C-1] INFO       o.apache.kafka.clients.NetworkClient -----[Consumer clientId=consumer-weekly-sentiment-group-1, groupId=weekly-sentiment-group] Node -1 disconnected.  
16:22:16.170 [org.springframework.kafka.KafkaListenerEndpointContainer#0-0-C-1] WARN       o.apache.kafka.clients.NetworkClient -----[Consumer clientId=consumer-weekly-sentiment-group-1, groupId=weekly-sentiment-group] Connection to node -1 (localhost/127.0.0.1:9092) could not be established. Node may not be available.  
16:22:16.170 [org.springframework.kafka.KafkaListenerEndpointContainer#0-0-C-1] WARN       o.apache.kafka.clients.NetworkClient -----[Consumer clientId=consumer-weekly-sentiment-group-1, groupId=weekly-sentiment-group] Bootstrap broker localhost:9092 (id: -1 rack: null) disconnected  
16:22:16.295 [org.springframework.kafka.KafkaListenerEndpointContainer#0-0-C-1] INFO       o.apache.kafka.clients.NetworkClient -----[Consumer clientId=consumer-weekly-sentiment-group-1, groupId=weekly-sentiment-group] Node -1 disconnected.  
16:22:16.295 [org.springframework.kafka.KafkaListenerEndpointContainer#0-0-C-1] WARN       o.apache.kafka.clients.NetworkClient -----[Consumer clientId=consumer-weekly-sentiment-group-1, groupId=weekly-sentiment-group] Connection to node -1 (localhost/127.0.0.1:9092) could not be established. Node may not be available.  
16:22:16.295 [org.springframework.kafka.KafkaListenerEndpointContainer#0-0-C-1] WARN       o.apache.kafka.clients.NetworkClient -----[Consumer clientId=consumer-weekly-sentiment-group-1, groupId=weekly-sentiment-group] Bootstrap broker localhost:9092 (id: -1 rack: null) disconnected  
16:22:16.519 [org.springframework.kafka.KafkaListenerEndpointContainer#0-0-C-1] INFO       o.apache.kafka.clients.NetworkClient -----[Consumer clientId=consumer-weekly-sentiment-group-1, groupId=weekly-sentiment-group] Node -1 disconnected.  
16:22:16.519 [org.springframework.kafka.KafkaListenerEndpointContainer#0-0-C-1] WARN       o.apache.kafka.clients.NetworkClient -----[Consumer clientId=consumer-weekly-sentiment-group-1, groupId=weekly-sentiment-group] Connection to node -1 (localhost/127.0.0.1:9092) could not be established. Node may not be available.  
16:22:16.519 [org.springframework.kafka.KafkaListenerEndpointContainer#0-0-C-1] WARN       o.apache.kafka.clients.NetworkClient -----[Consumer clientId=consumer-weekly-sentiment-group-1, groupId=weekly-sentiment-group] Bootstrap broker localhost:9092 (id: -1 rack: null) disconnected  
16:22:16.938 [org.springframework.kafka.KafkaListenerEndpointContainer#0-0-C-1] INFO       o.apache.kafka.clients.NetworkClient -----[Consumer clientId=consumer-weekly-sentiment-group-1, groupId=weekly-sentiment-group] Node -1 disconnected.  
16:22:16.939 [org.springframework.kafka.KafkaListenerEndpointContainer#0-0-C-1] WARN       o.apache.kafka.clients.NetworkClient -----[Consumer clientId=consumer-weekly-sentiment-group-1, groupId=weekly-sentiment-group] Connection to node -1 (localhost/127.0.0.1:9092) could not be established. Node may not be available.  
16:22:16.939 [org.springframework.kafka.KafkaListenerEndpointContainer#0-0-C-1] WARN       o.apache.kafka.clients.NetworkClient -----[Consumer clientId=consumer-weekly-sentiment-group-1, groupId=weekly-sentiment-group] Bootstrap broker localhost:9092 (id: -1 rack: null) disconnected  
16:22:17.806 [org.springframework.kafka.KafkaListenerEndpointContainer#0-0-C-1] INFO       o.apache.kafka.clients.NetworkClient -----[Consumer clientId=consumer-weekly-sentiment-group-1, groupId=weekly-sentiment-group] Node -1 disconnected.  
16:22:17.807 [org.springframework.kafka.KafkaListenerEndpointContainer#0-0-C-1] WARN       o.apache.kafka.clients.NetworkClient -----[Consumer clientId=consumer-weekly-sentiment-group-1, groupId=weekly-sentiment-group] Connection to node -1 (localhost/127.0.0.1:9092) could not be established. Node may not be available.  
16:22:17.807 [org.springframework.kafka.KafkaListenerEndpointContainer#0-0-C-1] WARN       o.apache.kafka.clients.NetworkClient -----[Consumer clientId=consumer-weekly-sentiment-group-1, groupId=weekly-sentiment-group] Bootstrap broker localhost:9092 (id: -1 rack: null) disconnected  
16:22:18.862 [org.springframework.kafka.KafkaListenerEndpointContainer#0-0-C-1] INFO       o.apache.kafka.clients.NetworkClient -----[Consumer clientId=consumer-weekly-sentiment-group-1, groupId=weekly-sentiment-group] Node -1 disconnected.  
16:22:18.863 [org.springframework.kafka.KafkaListenerEndpointContainer#0-0-C-1] WARN       o.apache.kafka.clients.NetworkClient -----[Consumer clientId=consumer-weekly-sentiment-group-1, groupId=weekly-sentiment-group] Connection to node -1 (localhost/127.0.0.1:9092) could not be established. Node may not be available.  
16:22:18.864 [org.springframework.kafka.KafkaListenerEndpointContainer#0-0-C-1] WARN       o.apache.kafka.clients.NetworkClient -----[Consumer clientId=consumer-weekly-sentiment-group-1, groupId=weekly-sentiment-group] Bootstrap broker localhost:9092 (id: -1 rack: null) disconnected  
16:22:19.789 [org.springframework.kafka.KafkaListenerEndpointContainer#0-0-C-1] INFO       o.apache.kafka.clients.NetworkClient -----[Consumer clientId=consumer-weekly-sentiment-group-1, groupId=weekly-sentiment-group] Node -1 disconnected.  
16:22:19.791 [org.springframework.kafka.KafkaListenerEndpointContainer#0-0-C-1] WARN       o.apache.kafka.clients.NetworkClient -----[Consumer clientId=consumer-weekly-sentiment-group-1, groupId=weekly-sentiment-group] Connection to node -1 (localhost/127.0.0.1:9092) could not be established. Node may not be available.  
16:22:19.791 [org.springframework.kafka.KafkaListenerEndpointContainer#0-0-C-1] WARN       o.apache.kafka.clients.NetworkClient -----[Consumer clientId=consumer-weekly-sentiment-group-1, groupId=weekly-sentiment-group] Bootstrap broker localhost:9092 (id: -1 rack: null) disconnected  
16:22:20.791 [org.springframework.kafka.KafkaListenerEndpointContainer#0-0-C-1] INFO       o.apache.kafka.clients.NetworkClient -----[Consumer clientId=consumer-weekly-sentiment-group-1, groupId=weekly-sentiment-group] Node -1 disconnected.  
16:22:20.791 [org.springframework.kafka.KafkaListenerEndpointContainer#0-0-C-1] WARN       o.apache.kafka.clients.NetworkClient -----[Consumer clientId=consumer-weekly-sentiment-group-1, groupId=weekly-sentiment-group] Connection to node -1 (localhost/127.0.0.1:9092) could not be established. Node may not be available.  
16:22:20.791 [org.springframework.kafka.KafkaListenerEndpointContainer#0-0-C-1] WARN       o.apache.kafka.clients.NetworkClient -----[Consumer clientId=consumer-weekly-sentiment-group-1, groupId=weekly-sentiment-group] Bootstrap broker localhost:9092 (id: -1 rack: null) disconnected  
16:22:21.810 [org.springframework.kafka.KafkaListenerEndpointContainer#0-0-C-1] INFO       o.apache.kafka.clients.NetworkClient -----[Consumer clientId=consumer-weekly-sentiment-group-1, groupId=weekly-sentiment-group] Node -1 disconnected.  
16:22:21.811 [org.springframework.kafka.KafkaListenerEndpointContainer#0-0-C-1] WARN       o.apache.kafka.clients.NetworkClient -----[Consumer clientId=consumer-weekly-sentiment-group-1, groupId=weekly-sentiment-group] Connection to node -1 (localhost/127.0.0.1:9092) could not be established. Node may not be available.  
16:22:21.811 [org.springframework.kafka.KafkaListenerEndpointContainer#0-0-C-1] WARN       o.apache.kafka.clients.NetworkClient -----[Consumer clientId=consumer-weekly-sentiment-group-1, groupId=weekly-sentiment-group] Bootstrap broker localhost:9092 (id: -1 rack: null) disconnected  
16:22:22.820 [org.springframework.kafka.KafkaListenerEndpointContainer#0-0-C-1] INFO       o.apache.kafka.clients.NetworkClient -----[Consumer clientId=consumer-weekly-sentiment-group-1, groupId=weekly-sentiment-group] Node -1 disconnected.  
16:22:22.821 [org.springframework.kafka.KafkaListenerEndpointContainer#0-0-C-1] WARN       o.apache.kafka.clients.NetworkClient -----[Consumer clientId=consumer-weekly-sentiment-group-1, groupId=weekly-sentiment-group] Connection to node -1 (localhost/127.0.0.1:9092) could not be established. Node may not be available.  
16:22:22.822 [org.springframework.kafka.KafkaListenerEndpointContainer#0-0-C-1] WARN       o.apache.kafka.clients.NetworkClient -----[Consumer clientId=consumer-weekly-sentiment-group-1, groupId=weekly-sentiment-group] Bootstrap broker localhost:9092 (id: -1 rack: null) disconnected  
16:22:23.834 [org.springframework.kafka.KafkaListenerEndpointContainer#0-0-C-1] INFO       o.apache.kafka.clients.NetworkClient -----[Consumer clientId=consumer-weekly-sentiment-group-1, groupId=weekly-sentiment-group] Node -1 disconnected.  
16:22:23.834 [org.springframework.kafka.KafkaListenerEndpointContainer#0-0-C-1] WARN       o.apache.kafka.clients.NetworkClient -----[Consumer clientId=consumer-weekly-sentiment-group-1, groupId=weekly-sentiment-group] Connection to node -1 (localhost/127.0.0.1:9092) could not be established. Node may not be available.  
16:22:23.835 [org.springframework.kafka.KafkaListenerEndpointContainer#0-0-C-1] WARN       o.apache.kafka.clients.NetworkClient -----[Consumer clientId=consumer-weekly-sentiment-group-1, groupId=weekly-sentiment-group] Bootstrap broker localhost:9092 (id: -1 rack: null) disconnected  
16:22:24.770 [org.springframework.kafka.KafkaListenerEndpointContainer#0-0-C-1] INFO       o.apache.kafka.clients.NetworkClient -----[Consumer clientId=consumer-weekly-sentiment-group-1, groupId=weekly-sentiment-group] Node -1 disconnected.  
16:22:24.771 [org.springframework.kafka.KafkaListenerEndpointContainer#0-0-C-1] WARN       o.apache.kafka.clients.NetworkClient -----[Consumer clientId=consumer-weekly-sentiment-group-1, groupId=weekly-sentiment-group] Connection to node -1 (localhost/127.0.0.1:9092) could not be established. Node may not be available.  
16:22:24.771 [org.springframework.kafka.KafkaListenerEndpointContainer#0-0-C-1] WARN       o.apache.kafka.clients.NetworkClient -----[Consumer clientId=consumer-weekly-sentiment-group-1, groupId=weekly-sentiment-group] Bootstrap broker localhost:9092 (id: -1 rack: null) disconnected  
16:22:25.788 [org.springframework.kafka.KafkaListenerEndpointContainer#0-0-C-1] INFO       o.apache.kafka.clients.NetworkClient -----[Consumer clientId=consumer-weekly-sentiment-group-1, groupId=weekly-sentiment-group] Node -1 disconnected.  
16:22:25.789 [org.springframework.kafka.KafkaListenerEndpointContainer#0-0-C-1] WARN       o.apache.kafka.clients.NetworkClient -----[Consumer clientId=consumer-weekly-sentiment-group-1, groupId=weekly-sentiment-group] Connection to node -1 (localhost/127.0.0.1:9092) could not be established. Node may not be available.  
16:22:25.789 [org.springframework.kafka.KafkaListenerEndpointContainer#0-0-C-1] WARN       o.apache.kafka.clients.NetworkClient -----[Consumer clientId=consumer-weekly-sentiment-group-1, groupId=weekly-sentiment-group] Bootstrap broker localhost:9092 (id: -1 rack: null) disconnected  
16:22:26.778 [org.springframework.kafka.KafkaListenerEndpointContainer#0-0-C-1] INFO       o.apache.kafka.clients.NetworkClient -----[Consumer clientId=consumer-weekly-sentiment-group-1, groupId=weekly-sentiment-group] Node -1 disconnected.  
16:22:26.778 [org.springframework.kafka.KafkaListenerEndpointContainer#0-0-C-1] WARN       o.apache.kafka.clients.NetworkClient -----[Consumer clientId=consumer-weekly-sentiment-group-1, groupId=weekly-sentiment-group] Connection to node -1 (localhost/127.0.0.1:9092) could not be established. Node may not be available.  
16:22:26.779 [org.springframework.kafka.KafkaListenerEndpointContainer#0-0-C-1] WARN       o.apache.kafka.clients.NetworkClient -----[Consumer clientId=consumer-weekly-sentiment-group-1, groupId=weekly-sentiment-group] Bootstrap broker localhost:9092 (id: -1 rack: null) disconnected  
16:22:27.704 [org.springframework.kafka.KafkaListenerEndpointContainer#0-0-C-1] INFO       o.apache.kafka.clients.NetworkClient -----[Consumer clientId=consumer-weekly-sentiment-group-1, groupId=weekly-sentiment-group] Node -1 disconnected.  
16:22:27.704 [org.springframework.kafka.KafkaListenerEndpointContainer#0-0-C-1] WARN       o.apache.kafka.clients.NetworkClient -----[Consumer clientId=consumer-weekly-sentiment-group-1, groupId=weekly-sentiment-group] Connection to node -1 (localhost/127.0.0.1:9092) could not be established. Node may not be available.  
16:22:27.704 [org.springframework.kafka.KafkaListenerEndpointContainer#0-0-C-1] WARN       o.apache.kafka.clients.NetworkClient -----[Consumer clientId=consumer-weekly-sentiment-group-1, groupId=weekly-sentiment-group] Bootstrap broker localhost:9092 (id: -1 rack: null) disconnected  
16:22:28.623 [org.springframework.kafka.KafkaListenerEndpointContainer#0-0-C-1] INFO       o.apache.kafka.clients.NetworkClient -----[Consumer clientId=consumer-weekly-sentiment-group-1, groupId=weekly-sentiment-group] Node -1 disconnected.  
16:22:28.623 [org.springframework.kafka.KafkaListenerEndpointContainer#0-0-C-1] WARN       o.apache.kafka.clients.NetworkClient -----[Consumer clientId=consumer-weekly-sentiment-group-1, groupId=weekly-sentiment-group] Connection to node -1 (localhost/127.0.0.1:9092) could not be established. Node may not be available.  
16:22:28.623 [org.springframework.kafka.KafkaListenerEndpointContainer#0-0-C-1] WARN       o.apache.kafka.clients.NetworkClient -----[Consumer clientId=consumer-weekly-sentiment-group-1, groupId=weekly-sentiment-group] Bootstrap broker localhost:9092 (id: -1 rack: null) disconnected  
16:22:29.631 [org.springframework.kafka.KafkaListenerEndpointContainer#0-0-C-1] INFO       o.apache.kafka.clients.NetworkClient -----[Consumer clientId=consumer-weekly-sentiment-group-1, groupId=weekly-sentiment-group] Node -1 disconnected.  
16:22:29.632 [org.springframework.kafka.KafkaListenerEndpointContainer#0-0-C-1] WARN       o.apache.kafka.clients.NetworkClient -----[Consumer clientId=consumer-weekly-sentiment-group-1, groupId=weekly-sentiment-group] Connection to node -1 (localhost/127.0.0.1:9092) could not be established. Node may not be available.  
16:22:29.632 [org.springframework.kafka.KafkaListenerEndpointContainer#0-0-C-1] WARN       o.apache.kafka.clients.NetworkClient -----[Consumer clientId=consumer-weekly-sentiment-group-1, groupId=weekly-sentiment-group] Bootstrap broker localhost:9092 (id: -1 rack: null) disconnected  
16:22:30.536 [org.springframework.kafka.KafkaListenerEndpointContainer#0-0-C-1] INFO       o.apache.kafka.clients.NetworkClient -----[Consumer clientId=consumer-weekly-sentiment-group-1, groupId=weekly-sentiment-group] Node -1 disconnected.  
16:22:30.536 [org.springframework.kafka.KafkaListenerEndpointContainer#0-0-C-1] WARN       o.apache.kafka.clients.NetworkClient -----[Consumer clientId=consumer-weekly-sentiment-group-1, groupId=weekly-sentiment-group] Connection to node -1 (localhost/127.0.0.1:9092) could not be established. Node may not be available.  
16:22:30.537 [org.springframework.kafka.KafkaListenerEndpointContainer#0-0-C-1] WARN       o.apache.kafka.clients.NetworkClient -----[Consumer clientId=consumer-weekly-sentiment-group-1, groupId=weekly-sentiment-group] Bootstrap broker localhost:9092 (id: -1 rack: null) disconnected  
16:22:31.394 [org.springframework.kafka.KafkaListenerEndpointContainer#0-0-C-1] INFO       o.apache.kafka.clients.NetworkClient -----[Consumer clientId=consumer-weekly-sentiment-group-1, groupId=weekly-sentiment-group] Node -1 disconnected.  
16:22:31.395 [org.springframework.kafka.KafkaListenerEndpointContainer#0-0-C-1] WARN       o.apache.kafka.clients.NetworkClient -----[Consumer clientId=consumer-weekly-sentiment-group-1, groupId=weekly-sentiment-group] Connection to node -1 (localhost/127.0.0.1:9092) could not be established. Node may not be available.  
16:22:31.395 [org.springframework.kafka.KafkaListenerEndpointContainer#0-0-C-1] WARN       o.apache.kafka.clients.NetworkClient -----[Consumer clientId=consumer-weekly-sentiment-group-1, groupId=weekly-sentiment-group] Bootstrap broker localhost:9092 (id: -1 rack: null) disconnected  
16:22:32.334 [org.springframework.kafka.KafkaListenerEndpointContainer#0-0-C-1] INFO       o.apache.kafka.clients.NetworkClient -----[Consumer clientId=consumer-weekly-sentiment-group-1, groupId=weekly-sentiment-group] Node -1 disconnected.  
16:22:32.334 [org.springframework.kafka.KafkaListenerEndpointContainer#0-0-C-1] WARN       o.apache.kafka.clients.NetworkClient -----[Consumer clientId=consumer-weekly-sentiment-group-1, groupId=weekly-sentiment-group] Connection to node -1 (localhost/127.0.0.1:9092) could not be established. Node may not be available.  
16:22:32.334 [org.springframework.kafka.KafkaListenerEndpointContainer#0-0-C-1] WARN       o.apache.kafka.clients.NetworkClient -----[Consumer clientId=consumer-weekly-sentiment-group-1, groupId=weekly-sentiment-group] Bootstrap broker localhost:9092 (id: -1 rack: null) disconnected  
16:22:33.383 [org.springframework.kafka.KafkaListenerEndpointContainer#0-0-C-1] INFO       o.apache.kafka.clients.NetworkClient -----[Consumer clientId=consumer-weekly-sentiment-group-1, groupId=weekly-sentiment-group] Node -1 disconnected.  
16:22:33.384 [org.springframework.kafka.KafkaListenerEndpointContainer#0-0-C-1] WARN       o.apache.kafka.clients.NetworkClient -----[Consumer clientId=consumer-weekly-sentiment-group-1, groupId=weekly-sentiment-group] Connection to node -1 (localhost/127.0.0.1:9092) could not be established. Node may not be available.  
16:22:33.384 [org.springframework.kafka.KafkaListenerEndpointContainer#0-0-C-1] WARN       o.apache.kafka.clients.NetworkClient -----[Consumer clientId=consumer-weekly-sentiment-group-1, groupId=weekly-sentiment-group] Bootstrap broker localhost:9092 (id: -1 rack: null) disconnected  
16:22:34.262 [org.springframework.kafka.KafkaListenerEndpointContainer#0-0-C-1] INFO       o.apache.kafka.clients.NetworkClient -----[Consumer clientId=consumer-weekly-sentiment-group-1, groupId=weekly-sentiment-group] Node -1 disconnected.  
16:22:34.262 [org.springframework.kafka.KafkaListenerEndpointContainer#0-0-C-1] WARN       o.apache.kafka.clients.NetworkClient -----[Consumer clientId=consumer-weekly-sentiment-group-1, groupId=weekly-sentiment-group] Connection to node -1 (localhost/127.0.0.1:9092) could not be established. Node may not be available.  
16:22:34.262 [org.springframework.kafka.KafkaListenerEndpointContainer#0-0-C-1] WARN       o.apache.kafka.clients.NetworkClient -----[Consumer clientId=consumer-weekly-sentiment-group-1, groupId=weekly-sentiment-group] Bootstrap broker localhost:9092 (id: -1 rack: null) disconnected  
16:22:35.295 [org.springframework.kafka.KafkaListenerEndpointContainer#0-0-C-1] INFO       o.apache.kafka.clients.NetworkClient -----[Consumer clientId=consumer-weekly-sentiment-group-1, groupId=weekly-sentiment-group] Node -1 disconnected.  
16:22:35.296 [org.springframework.kafka.KafkaListenerEndpointContainer#0-0-C-1] WARN       o.apache.kafka.clients.NetworkClient -----[Consumer clientId=consumer-weekly-sentiment-group-1, groupId=weekly-sentiment-group] Connection to node -1 (localhost/127.0.0.1:9092) could not be established. Node may not be available.  
16:22:35.296 [org.springframework.kafka.KafkaListenerEndpointContainer#0-0-C-1] WARN       o.apache.kafka.clients.NetworkClient -----[Consumer clientId=consumer-weekly-sentiment-group-1, groupId=weekly-sentiment-group] Bootstrap broker localhost:9092 (id: -1 rack: null) disconnected  
16:22:36.301 [org.springframework.kafka.KafkaListenerEndpointContainer#0-0-C-1] INFO       o.apache.kafka.clients.NetworkClient -----[Consumer clientId=consumer-weekly-sentiment-group-1, groupId=weekly-sentiment-group] Node -1 disconnected.  
16:22:36.302 [org.springframework.kafka.KafkaListenerEndpointContainer#0-0-C-1] WARN       o.apache.kafka.clients.NetworkClient -----[Consumer clientId=consumer-weekly-sentiment-group-1, groupId=weekly-sentiment-group] Connection to node -1 (localhost/127.0.0.1:9092) could not be established. Node may not be available.  
16:22:36.302 [org.springframework.kafka.KafkaListenerEndpointContainer#0-0-C-1] WARN       o.apache.kafka.clients.NetworkClient -----[Consumer clientId=consumer-weekly-sentiment-group-1, groupId=weekly-sentiment-group] Bootstrap broker localhost:9092 (id: -1 rack: null) disconnected  
16:22:37.334 [org.springframework.kafka.KafkaListenerEndpointContainer#0-0-C-1] INFO       o.apache.kafka.clients.NetworkClient -----[Consumer clientId=consumer-weekly-sentiment-group-1, groupId=weekly-sentiment-group] Node -1 disconnected.  
16:22:37.334 [org.springframework.kafka.KafkaListenerEndpointContainer#0-0-C-1] WARN       o.apache.kafka.clients.NetworkClient -----[Consumer clientId=consumer-weekly-sentiment-group-1, groupId=weekly-sentiment-group] Connection to node -1 (localhost/127.0.0.1:9092) could not be established. Node may not be available.  
16:22:37.334 [org.springframework.kafka.KafkaListenerEndpointContainer#0-0-C-1] WARN       o.apache.kafka.clients.NetworkClient -----[Consumer clientId=consumer-weekly-sentiment-group-1, groupId=weekly-sentiment-group] Bootstrap broker localhost:9092 (id: -1 rack: null) disconnected  
16:22:38.270 [org.springframework.kafka.KafkaListenerEndpointContainer#0-0-C-1] INFO       o.apache.kafka.clients.NetworkClient -----[Consumer clientId=consumer-weekly-sentiment-group-1, groupId=weekly-sentiment-group] Node -1 disconnected.  
16:22:38.270 [org.springframework.kafka.KafkaListenerEndpointContainer#0-0-C-1] WARN       o.apache.kafka.clients.NetworkClient -----[Consumer clientId=consumer-weekly-sentiment-group-1, groupId=weekly-sentiment-group] Connection to node -1 (localhost/127.0.0.1:9092) could not be established. Node may not be available.  
16:22:38.270 [org.springframework.kafka.KafkaListenerEndpointContainer#0-0-C-1] WARN       o.apache.kafka.clients.NetworkClient -----[Consumer clientId=consumer-weekly-sentiment-group-1, groupId=weekly-sentiment-group] Bootstrap broker localhost:9092 (id: -1 rack: null) disconnected  
16:22:39.321 [org.springframework.kafka.KafkaListenerEndpointContainer#0-0-C-1] INFO       o.apache.kafka.clients.NetworkClient -----[Consumer clientId=consumer-weekly-sentiment-group-1, groupId=weekly-sentiment-group] Node -1 disconnected.  
16:22:39.321 [org.springframework.kafka.KafkaListenerEndpointContainer#0-0-C-1] WARN       o.apache.kafka.clients.NetworkClient -----[Consumer clientId=consumer-weekly-sentiment-group-1, groupId=weekly-sentiment-group] Connection to node -1 (localhost/127.0.0.1:9092) could not be established. Node may not be available.  
16:22:39.321 [org.springframework.kafka.KafkaListenerEndpointContainer#0-0-C-1] WARN       o.apache.kafka.clients.NetworkClient -----[Consumer clientId=consumer-weekly-sentiment-group-1, groupId=weekly-sentiment-group] Bootstrap broker localhost:9092 (id: -1 rack: null) disconnected  
16:22:40.337 [org.springframework.kafka.KafkaListenerEndpointContainer#0-0-C-1] INFO       o.apache.kafka.clients.NetworkClient -----[Consumer clientId=consumer-weekly-sentiment-group-1, groupId=weekly-sentiment-group] Node -1 disconnected.  
16:22:40.338 [org.springframework.kafka.KafkaListenerEndpointContainer#0-0-C-1] WARN       o.apache.kafka.clients.NetworkClient -----[Consumer clientId=consumer-weekly-sentiment-group-1, groupId=weekly-sentiment-group] Connection to node -1 (localhost/127.0.0.1:9092) could not be established. Node may not be available.  
16:22:40.338 [org.springframework.kafka.KafkaListenerEndpointContainer#0-0-C-1] WARN       o.apache.kafka.clients.NetworkClient -----[Consumer clientId=consumer-weekly-sentiment-group-1, groupId=weekly-sentiment-group] Bootstrap broker localhost:9092 (id: -1 rack: null) disconnected  
16:22:41.351 [org.springframework.kafka.KafkaListenerEndpointContainer#0-0-C-1] INFO       o.apache.kafka.clients.NetworkClient -----[Consumer clientId=consumer-weekly-sentiment-group-1, groupId=weekly-sentiment-group] Node -1 disconnected.  
16:22:41.354 [org.springframework.kafka.KafkaListenerEndpointContainer#0-0-C-1] WARN       o.apache.kafka.clients.NetworkClient -----[Consumer clientId=consumer-weekly-sentiment-group-1, groupId=weekly-sentiment-group] Connection to node -1 (localhost/127.0.0.1:9092) could not be established. Node may not be available.  
16:22:41.355 [org.springframework.kafka.KafkaListenerEndpointContainer#0-0-C-1] WARN       o.apache.kafka.clients.NetworkClient -----[Consumer clientId=consumer-weekly-sentiment-group-1, groupId=weekly-sentiment-group] Bootstrap broker localhost:9092 (id: -1 rack: null) disconnected  
16:22:42.369 [org.springframework.kafka.KafkaListenerEndpointContainer#0-0-C-1] INFO       o.apache.kafka.clients.NetworkClient -----[Consumer clientId=consumer-weekly-sentiment-group-1, groupId=weekly-sentiment-group] Node -1 disconnected.  
16:22:42.370 [org.springframework.kafka.KafkaListenerEndpointContainer#0-0-C-1] WARN       o.apache.kafka.clients.NetworkClient -----[Consumer clientId=consumer-weekly-sentiment-group-1, groupId=weekly-sentiment-group] Connection to node -1 (localhost/127.0.0.1:9092) could not be established. Node may not be available.  
16:22:42.370 [org.springframework.kafka.KafkaListenerEndpointContainer#0-0-C-1] WARN       o.apache.kafka.clients.NetworkClient -----[Consumer clientId=consumer-weekly-sentiment-group-1, groupId=weekly-sentiment-group] Bootstrap broker localhost:9092 (id: -1 rack: null) disconnected  
16:22:43.377 [org.springframework.kafka.KafkaListenerEndpointContainer#0-0-C-1] INFO       o.apache.kafka.clients.NetworkClient -----[Consumer clientId=consumer-weekly-sentiment-group-1, groupId=weekly-sentiment-group] Node -1 disconnected.  
16:22:43.377 [org.springframework.kafka.KafkaListenerEndpointContainer#0-0-C-1] WARN       o.apache.kafka.clients.NetworkClient -----[Consumer clientId=consumer-weekly-sentiment-group-1, groupId=weekly-sentiment-group] Connection to node -1 (localhost/127.0.0.1:9092) could not be established. Node may not be available.  
16:22:43.377 [org.springframework.kafka.KafkaListenerEndpointContainer#0-0-C-1] WARN       o.apache.kafka.clients.NetworkClient -----[Consumer clientId=consumer-weekly-sentiment-group-1, groupId=weekly-sentiment-group] Bootstrap broker localhost:9092 (id: -1 rack: null) disconnected  
16:22:44.439 [org.springframework.kafka.KafkaListenerEndpointContainer#0-0-C-1] INFO       o.apache.kafka.clients.NetworkClient -----[Consumer clientId=consumer-weekly-sentiment-group-1, groupId=weekly-sentiment-group] Node -1 disconnected.  
16:22:44.440 [org.springframework.kafka.KafkaListenerEndpointContainer#0-0-C-1] WARN       o.apache.kafka.clients.NetworkClient -----[Consumer clientId=consumer-weekly-sentiment-group-1, groupId=weekly-sentiment-group] Connection to node -1 (localhost/127.0.0.1:9092) could not be established. Node may not be available.  
16:22:44.440 [org.springframework.kafka.KafkaListenerEndpointContainer#0-0-C-1] WARN       o.apache.kafka.clients.NetworkClient -----[Consumer clientId=consumer-weekly-sentiment-group-1, groupId=weekly-sentiment-group] Bootstrap broker localhost:9092 (id: -1 rack: null) disconnected  
16:22:45.443 [org.springframework.kafka.KafkaListenerEndpointContainer#0-0-C-1] INFO       o.apache.kafka.clients.NetworkClient -----[Consumer clientId=consumer-weekly-sentiment-group-1, groupId=weekly-sentiment-group] Node -1 disconnected.  
16:22:45.443 [org.springframework.kafka.KafkaListenerEndpointContainer#0-0-C-1] WARN       o.apache.kafka.clients.NetworkClient -----[Consumer clientId=consumer-weekly-sentiment-group-1, groupId=weekly-sentiment-group] Connection to node -1 (localhost/127.0.0.1:9092) could not be established. Node may not be available.  
16:22:45.443 [org.springframework.kafka.KafkaListenerEndpointContainer#0-0-C-1] WARN       o.apache.kafka.clients.NetworkClient -----[Consumer clientId=consumer-weekly-sentiment-group-1, groupId=weekly-sentiment-group] Bootstrap broker localhost:9092 (id: -1 rack: null) disconnected  
16:22:46.487 [org.springframework.kafka.KafkaListenerEndpointContainer#0-0-C-1] INFO       o.apache.kafka.clients.NetworkClient -----[Consumer clientId=consumer-weekly-sentiment-group-1, groupId=weekly-sentiment-group] Node -1 disconnected.  
16:22:46.487 [org.springframework.kafka.KafkaListenerEndpointContainer#0-0-C-1] WARN       o.apache.kafka.clients.NetworkClient -----[Consumer clientId=consumer-weekly-sentiment-group-1, groupId=weekly-sentiment-group] Connection to node -1 (localhost/127.0.0.1:9092) could not be established. Node may not be available.  
16:22:46.487 [org.springframework.kafka.KafkaListenerEndpointContainer#0-0-C-1] WARN       o.apache.kafka.clients.NetworkClient -----[Consumer clientId=consumer-weekly-sentiment-group-1, groupId=weekly-sentiment-group] Bootstrap broker localhost:9092 (id: -1 rack: null) disconnected  
16:22:47.470 [org.springframework.kafka.KafkaListenerEndpointContainer#0-0-C-1] INFO       o.apache.kafka.clients.NetworkClient -----[Consumer clientId=consumer-weekly-sentiment-group-1, groupId=weekly-sentiment-group] Node -1 disconnected.  
16:22:47.470 [org.springframework.kafka.KafkaListenerEndpointContainer#0-0-C-1] WARN       o.apache.kafka.clients.NetworkClient -----[Consumer clientId=consumer-weekly-sentiment-group-1, groupId=weekly-sentiment-group] Connection to node -1 (localhost/127.0.0.1:9092) could not be established. Node may not be available.  
16:22:47.471 [org.springframework.kafka.KafkaListenerEndpointContainer#0-0-C-1] WARN       o.apache.kafka.clients.NetworkClient -----[Consumer clientId=consumer-weekly-sentiment-group-1, groupId=weekly-sentiment-group] Bootstrap broker localhost:9092 (id: -1 rack: null) disconnected  
16:22:48.487 [org.springframework.kafka.KafkaListenerEndpointContainer#0-0-C-1] INFO       o.apache.kafka.clients.NetworkClient -----[Consumer clientId=consumer-weekly-sentiment-group-1, groupId=weekly-sentiment-group] Node -1 disconnected.  
16:22:48.487 [org.springframework.kafka.KafkaListenerEndpointContainer#0-0-C-1] WARN       o.apache.kafka.clients.NetworkClient -----[Consumer clientId=consumer-weekly-sentiment-group-1, groupId=weekly-sentiment-group] Connection to node -1 (localhost/127.0.0.1:9092) could not be established. Node may not be available.  
16:22:48.487 [org.springframework.kafka.KafkaListenerEndpointContainer#0-0-C-1] WARN       o.apache.kafka.clients.NetworkClient -----[Consumer clientId=consumer-weekly-sentiment-group-1, groupId=weekly-sentiment-group] Bootstrap broker localhost:9092 (id: -1 rack: null) disconnected  
16:22:49.498 [org.springframework.kafka.KafkaListenerEndpointContainer#0-0-C-1] INFO       o.apache.kafka.clients.NetworkClient -----[Consumer clientId=consumer-weekly-sentiment-group-1, groupId=weekly-sentiment-group] Node -1 disconnected.  
16:22:49.499 [org.springframework.kafka.KafkaListenerEndpointContainer#0-0-C-1] WARN       o.apache.kafka.clients.NetworkClient -----[Consumer clientId=consumer-weekly-sentiment-group-1, groupId=weekly-sentiment-group] Connection to node -1 (localhost/127.0.0.1:9092) could not be established. Node may not be available.  
16:22:49.499 [org.springframework.kafka.KafkaListenerEndpointContainer#0-0-C-1] WARN       o.apache.kafka.clients.NetworkClient -----[Consumer clientId=consumer-weekly-sentiment-group-1, groupId=weekly-sentiment-group] Bootstrap broker localhost:9092 (id: -1 rack: null) disconnected  
16:22:50.437 [org.springframework.kafka.KafkaListenerEndpointContainer#0-0-C-1] INFO       o.apache.kafka.clients.NetworkClient -----[Consumer clientId=consumer-weekly-sentiment-group-1, groupId=weekly-sentiment-group] Node -1 disconnected.  
16:22:50.437 [org.springframework.kafka.KafkaListenerEndpointContainer#0-0-C-1] WARN       o.apache.kafka.clients.NetworkClient -----[Consumer clientId=consumer-weekly-sentiment-group-1, groupId=weekly-sentiment-group] Connection to node -1 (localhost/127.0.0.1:9092) could not be established. Node may not be available.  
16:22:50.438 [org.springframework.kafka.KafkaListenerEndpointContainer#0-0-C-1] WARN       o.apache.kafka.clients.NetworkClient -----[Consumer clientId=consumer-weekly-sentiment-group-1, groupId=weekly-sentiment-group] Bootstrap broker localhost:9092 (id: -1 rack: null) disconnected  
16:22:51.468 [org.springframework.kafka.KafkaListenerEndpointContainer#0-0-C-1] INFO       o.apache.kafka.clients.NetworkClient -----[Consumer clientId=consumer-weekly-sentiment-group-1, groupId=weekly-sentiment-group] Node -1 disconnected.  
16:22:51.473 [org.springframework.kafka.KafkaListenerEndpointContainer#0-0-C-1] WARN       o.apache.kafka.clients.NetworkClient -----[Consumer clientId=consumer-weekly-sentiment-group-1, groupId=weekly-sentiment-group] Connection to node -1 (localhost/127.0.0.1:9092) could not be established. Node may not be available.  
16:22:51.474 [org.springframework.kafka.KafkaListenerEndpointContainer#0-0-C-1] WARN       o.apache.kafka.clients.NetworkClient -----[Consumer clientId=consumer-weekly-sentiment-group-1, groupId=weekly-sentiment-group] Bootstrap broker localhost:9092 (id: -1 rack: null) disconnected  
16:22:52.392 [org.springframework.kafka.KafkaListenerEndpointContainer#0-0-C-1] INFO       o.apache.kafka.clients.NetworkClient -----[Consumer clientId=consumer-weekly-sentiment-group-1, groupId=weekly-sentiment-group] Node -1 disconnected.  
16:22:52.395 [org.springframework.kafka.KafkaListenerEndpointContainer#0-0-C-1] WARN       o.apache.kafka.clients.NetworkClient -----[Consumer clientId=consumer-weekly-sentiment-group-1, groupId=weekly-sentiment-group] Connection to node -1 (localhost/127.0.0.1:9092) could not be established. Node may not be available.  
16:22:52.395 [org.springframework.kafka.KafkaListenerEndpointContainer#0-0-C-1] WARN       o.apache.kafka.clients.NetworkClient -----[Consumer clientId=consumer-weekly-sentiment-group-1, groupId=weekly-sentiment-group] Bootstrap broker localhost:9092 (id: -1 rack: null) disconnected  
16:22:53.418 [org.springframework.kafka.KafkaListenerEndpointContainer#0-0-C-1] INFO       o.apache.kafka.clients.NetworkClient -----[Consumer clientId=consumer-weekly-sentiment-group-1, groupId=weekly-sentiment-group] Node -1 disconnected.  
16:22:53.418 [org.springframework.kafka.KafkaListenerEndpointContainer#0-0-C-1] WARN       o.apache.kafka.clients.NetworkClient -----[Consumer clientId=consumer-weekly-sentiment-group-1, groupId=weekly-sentiment-group] Connection to node -1 (localhost/127.0.0.1:9092) could not be established. Node may not be available.  
16:22:53.422 [org.springframework.kafka.KafkaListenerEndpointContainer#0-0-C-1] WARN       o.apache.kafka.clients.NetworkClient -----[Consumer clientId=consumer-weekly-sentiment-group-1, groupId=weekly-sentiment-group] Bootstrap broker localhost:9092 (id: -1 rack: null) disconnected  
16:22:54.375 [org.springframework.kafka.KafkaListenerEndpointContainer#0-0-C-1] INFO       o.apache.kafka.clients.NetworkClient -----[Consumer clientId=consumer-weekly-sentiment-group-1, groupId=weekly-sentiment-group] Node -1 disconnected.  
16:22:54.376 [org.springframework.kafka.KafkaListenerEndpointContainer#0-0-C-1] WARN       o.apache.kafka.clients.NetworkClient -----[Consumer clientId=consumer-weekly-sentiment-group-1, groupId=weekly-sentiment-group] Connection to node -1 (localhost/127.0.0.1:9092) could not be established. Node may not be available.  
16:22:54.377 [org.springframework.kafka.KafkaListenerEndpointContainer#0-0-C-1] WARN       o.apache.kafka.clients.NetworkClient -----[Consumer clientId=consumer-weekly-sentiment-group-1, groupId=weekly-sentiment-group] Bootstrap broker localhost:9092 (id: -1 rack: null) disconnected  
16:22:55.284 [org.springframework.kafka.KafkaListenerEndpointContainer#0-0-C-1] INFO       o.apache.kafka.clients.NetworkClient -----[Consumer clientId=consumer-weekly-sentiment-group-1, groupId=weekly-sentiment-group] Node -1 disconnected.  
16:22:55.285 [org.springframework.kafka.KafkaListenerEndpointContainer#0-0-C-1] WARN       o.apache.kafka.clients.NetworkClient -----[Consumer clientId=consumer-weekly-sentiment-group-1, groupId=weekly-sentiment-group] Connection to node -1 (localhost/127.0.0.1:9092) could not be established. Node may not be available.  
16:22:55.285 [org.springframework.kafka.KafkaListenerEndpointContainer#0-0-C-1] WARN       o.apache.kafka.clients.NetworkClient -----[Consumer clientId=consumer-weekly-sentiment-group-1, groupId=weekly-sentiment-group] Bootstrap broker localhost:9092 (id: -1 rack: null) disconnected  
16:22:56.339 [org.springframework.kafka.KafkaListenerEndpointContainer#0-0-C-1] INFO       o.apache.kafka.clients.NetworkClient -----[Consumer clientId=consumer-weekly-sentiment-group-1, groupId=weekly-sentiment-group] Node -1 disconnected.  
16:22:56.339 [org.springframework.kafka.KafkaListenerEndpointContainer#0-0-C-1] WARN       o.apache.kafka.clients.NetworkClient -----[Consumer clientId=consumer-weekly-sentiment-group-1, groupId=weekly-sentiment-group] Connection to node -1 (localhost/127.0.0.1:9092) could not be established. Node may not be available.  
16:22:56.340 [org.springframework.kafka.KafkaListenerEndpointContainer#0-0-C-1] WARN       o.apache.kafka.clients.NetworkClient -----[Consumer clientId=consumer-weekly-sentiment-group-1, groupId=weekly-sentiment-group] Bootstrap broker localhost:9092 (id: -1 rack: null) disconnected  
16:22:57.366 [org.springframework.kafka.KafkaListenerEndpointContainer#0-0-C-1] INFO       o.apache.kafka.clients.NetworkClient -----[Consumer clientId=consumer-weekly-sentiment-group-1, groupId=weekly-sentiment-group] Node -1 disconnected.  
16:22:57.367 [org.springframework.kafka.KafkaListenerEndpointContainer#0-0-C-1] WARN       o.apache.kafka.clients.NetworkClient -----[Consumer clientId=consumer-weekly-sentiment-group-1, groupId=weekly-sentiment-group] Connection to node -1 (localhost/127.0.0.1:9092) could not be established. Node may not be available.  
16:22:57.367 [org.springframework.kafka.KafkaListenerEndpointContainer#0-0-C-1] WARN       o.apache.kafka.clients.NetworkClient -----[Consumer clientId=consumer-weekly-sentiment-group-1, groupId=weekly-sentiment-group] Bootstrap broker localhost:9092 (id: -1 rack: null) disconnected  
16:22:58.212 [org.springframework.kafka.KafkaListenerEndpointContainer#0-0-C-1] INFO       o.apache.kafka.clients.NetworkClient -----[Consumer clientId=consumer-weekly-sentiment-group-1, groupId=weekly-sentiment-group] Node -1 disconnected.  
16:22:58.212 [org.springframework.kafka.KafkaListenerEndpointContainer#0-0-C-1] WARN       o.apache.kafka.clients.NetworkClient -----[Consumer clientId=consumer-weekly-sentiment-group-1, groupId=weekly-sentiment-group] Connection to node -1 (localhost/127.0.0.1:9092) could not be established. Node may not be available.  
16:22:58.213 [org.springframework.kafka.KafkaListenerEndpointContainer#0-0-C-1] WARN       o.apache.kafka.clients.NetworkClient -----[Consumer clientId=consumer-weekly-sentiment-group-1, groupId=weekly-sentiment-group] Bootstrap broker localhost:9092 (id: -1 rack: null) disconnected  
16:22:59.218 [org.springframework.kafka.KafkaListenerEndpointContainer#0-0-C-1] INFO       o.apache.kafka.clients.NetworkClient -----[Consumer clientId=consumer-weekly-sentiment-group-1, groupId=weekly-sentiment-group] Node -1 disconnected.  
16:22:59.219 [org.springframework.kafka.KafkaListenerEndpointContainer#0-0-C-1] WARN       o.apache.kafka.clients.NetworkClient -----[Consumer clientId=consumer-weekly-sentiment-group-1, groupId=weekly-sentiment-group] Connection to node -1 (localhost/127.0.0.1:9092) could not be established. Node may not be available.  
16:22:59.219 [org.springframework.kafka.KafkaListenerEndpointContainer#0-0-C-1] WARN       o.apache.kafka.clients.NetworkClient -----[Consumer clientId=consumer-weekly-sentiment-group-1, groupId=weekly-sentiment-group] Bootstrap broker localhost:9092 (id: -1 rack: null) disconnected  
16:23:00.234 [org.springframework.kafka.KafkaListenerEndpointContainer#0-0-C-1] INFO       o.apache.kafka.clients.NetworkClient -----[Consumer clientId=consumer-weekly-sentiment-group-1, groupId=weekly-sentiment-group] Node -1 disconnected.  
16:23:00.235 [org.springframework.kafka.KafkaListenerEndpointContainer#0-0-C-1] WARN       o.apache.kafka.clients.NetworkClient -----[Consumer clientId=consumer-weekly-sentiment-group-1, groupId=weekly-sentiment-group] Connection to node -1 (localhost/127.0.0.1:9092) could not be established. Node may not be available.  
16:23:00.235 [org.springframework.kafka.KafkaListenerEndpointContainer#0-0-C-1] WARN       o.apache.kafka.clients.NetworkClient -----[Consumer clientId=consumer-weekly-sentiment-group-1, groupId=weekly-sentiment-group] Bootstrap broker localhost:9092 (id: -1 rack: null) disconnected  
16:23:01.283 [org.springframework.kafka.KafkaListenerEndpointContainer#0-0-C-1] INFO       o.apache.kafka.clients.NetworkClient -----[Consumer clientId=consumer-weekly-sentiment-group-1, groupId=weekly-sentiment-group] Node -1 disconnected.  
16:23:01.284 [org.springframework.kafka.KafkaListenerEndpointContainer#0-0-C-1] WARN       o.apache.kafka.clients.NetworkClient -----[Consumer clientId=consumer-weekly-sentiment-group-1, groupId=weekly-sentiment-group] Connection to node -1 (localhost/127.0.0.1:9092) could not be established. Node may not be available.  
16:23:01.284 [org.springframework.kafka.KafkaListenerEndpointContainer#0-0-C-1] WARN       o.apache.kafka.clients.NetworkClient -----[Consumer clientId=consumer-weekly-sentiment-group-1, groupId=weekly-sentiment-group] Bootstrap broker localhost:9092 (id: -1 rack: null) disconnected  
16:23:02.178 [org.springframework.kafka.KafkaListenerEndpointContainer#0-0-C-1] INFO       o.apache.kafka.clients.NetworkClient -----[Consumer clientId=consumer-weekly-sentiment-group-1, groupId=weekly-sentiment-group] Node -1 disconnected.  
16:23:02.179 [org.springframework.kafka.KafkaListenerEndpointContainer#0-0-C-1] WARN       o.apache.kafka.clients.NetworkClient -----[Consumer clientId=consumer-weekly-sentiment-group-1, groupId=weekly-sentiment-group] Connection to node -1 (localhost/127.0.0.1:9092) could not be established. Node may not be available.  
16:23:02.179 [org.springframework.kafka.KafkaListenerEndpointContainer#0-0-C-1] WARN       o.apache.kafka.clients.NetworkClient -----[Consumer clientId=consumer-weekly-sentiment-group-1, groupId=weekly-sentiment-group] Bootstrap broker localhost:9092 (id: -1 rack: null) disconnected  
16:23:03.246 [org.springframework.kafka.KafkaListenerEndpointContainer#0-0-C-1] INFO       o.apache.kafka.clients.NetworkClient -----[Consumer clientId=consumer-weekly-sentiment-group-1, groupId=weekly-sentiment-group] Node -1 disconnected.  
16:23:03.246 [org.springframework.kafka.KafkaListenerEndpointContainer#0-0-C-1] WARN       o.apache.kafka.clients.NetworkClient -----[Consumer clientId=consumer-weekly-sentiment-group-1, groupId=weekly-sentiment-group] Connection to node -1 (localhost/127.0.0.1:9092) could not be established. Node may not be available.  
16:23:03.247 [org.springframework.kafka.KafkaListenerEndpointContainer#0-0-C-1] WARN       o.apache.kafka.clients.NetworkClient -----[Consumer clientId=consumer-weekly-sentiment-group-1, groupId=weekly-sentiment-group] Bootstrap broker localhost:9092 (id: -1 rack: null) disconnected  
16:23:04.248 [org.springframework.kafka.KafkaListenerEndpointContainer#0-0-C-1] INFO       o.apache.kafka.clients.NetworkClient -----[Consumer clientId=consumer-weekly-sentiment-group-1, groupId=weekly-sentiment-group] Node -1 disconnected.  
16:23:04.251 [org.springframework.kafka.KafkaListenerEndpointContainer#0-0-C-1] WARN       o.apache.kafka.clients.NetworkClient -----[Consumer clientId=consumer-weekly-sentiment-group-1, groupId=weekly-sentiment-group] Connection to node -1 (localhost/127.0.0.1:9092) could not be established. Node may not be available.  
16:23:04.252 [org.springframework.kafka.KafkaListenerEndpointContainer#0-0-C-1] WARN       o.apache.kafka.clients.NetworkClient -----[Consumer clientId=consumer-weekly-sentiment-group-1, groupId=weekly-sentiment-group] Bootstrap broker localhost:9092 (id: -1 rack: null) disconnected  
16:23:05.259 [org.springframework.kafka.KafkaListenerEndpointContainer#0-0-C-1] INFO       o.apache.kafka.clients.NetworkClient -----[Consumer clientId=consumer-weekly-sentiment-group-1, groupId=weekly-sentiment-group] Node -1 disconnected.  
16:23:05.260 [org.springframework.kafka.KafkaListenerEndpointContainer#0-0-C-1] WARN       o.apache.kafka.clients.NetworkClient -----[Consumer clientId=consumer-weekly-sentiment-group-1, groupId=weekly-sentiment-group] Connection to node -1 (localhost/127.0.0.1:9092) could not be established. Node may not be available.  
16:23:05.260 [org.springframework.kafka.KafkaListenerEndpointContainer#0-0-C-1] WARN       o.apache.kafka.clients.NetworkClient -----[Consumer clientId=consumer-weekly-sentiment-group-1, groupId=weekly-sentiment-group] Bootstrap broker localhost:9092 (id: -1 rack: null) disconnected  
16:23:06.263 [org.springframework.kafka.KafkaListenerEndpointContainer#0-0-C-1] INFO       o.apache.kafka.clients.NetworkClient -----[Consumer clientId=consumer-weekly-sentiment-group-1, groupId=weekly-sentiment-group] Node -1 disconnected.  
16:23:06.263 [org.springframework.kafka.KafkaListenerEndpointContainer#0-0-C-1] WARN       o.apache.kafka.clients.NetworkClient -----[Consumer clientId=consumer-weekly-sentiment-group-1, groupId=weekly-sentiment-group] Connection to node -1 (localhost/127.0.0.1:9092) could not be established. Node may not be available.  
16:23:06.263 [org.springframework.kafka.KafkaListenerEndpointContainer#0-0-C-1] WARN       o.apache.kafka.clients.NetworkClient -----[Consumer clientId=consumer-weekly-sentiment-group-1, groupId=weekly-sentiment-group] Bootstrap broker localhost:9092 (id: -1 rack: null) disconnected  
16:23:07.333 [org.springframework.kafka.KafkaListenerEndpointContainer#0-0-C-1] INFO       o.apache.kafka.clients.NetworkClient -----[Consumer clientId=consumer-weekly-sentiment-group-1, groupId=weekly-sentiment-group] Node -1 disconnected.  
16:23:07.333 [org.springframework.kafka.KafkaListenerEndpointContainer#0-0-C-1] WARN       o.apache.kafka.clients.NetworkClient -----[Consumer clientId=consumer-weekly-sentiment-group-1, groupId=weekly-sentiment-group] Connection to node -1 (localhost/127.0.0.1:9092) could not be established. Node may not be available.  
16:23:07.333 [org.springframework.kafka.KafkaListenerEndpointContainer#0-0-C-1] WARN       o.apache.kafka.clients.NetworkClient -----[Consumer clientId=consumer-weekly-sentiment-group-1, groupId=weekly-sentiment-group] Bootstrap broker localhost:9092 (id: -1 rack: null) disconnected  
16:23:08.391 [org.springframework.kafka.KafkaListenerEndpointContainer#0-0-C-1] INFO       o.a.k.c.c.i.ConsumerCoordinator -----[Consumer clientId=consumer-weekly-sentiment-group-1, groupId=weekly-sentiment-group] Resetting generation and member id due to: consumer pro-actively leaving the group  
16:23:08.409 [org.springframework.kafka.KafkaListenerEndpointContainer#0-0-C-1] INFO       o.a.k.c.c.i.ConsumerCoordinator -----[Consumer clientId=consumer-weekly-sentiment-group-1, groupId=weekly-sentiment-group] Request joining group due to: consumer pro-actively leaving the group  
16:23:08.410 [org.springframework.kafka.KafkaListenerEndpointContainer#0-0-C-1] INFO       o.a.k.c.c.i.LegacyKafkaConsumer -----[Consumer clientId=consumer-weekly-sentiment-group-1, groupId=weekly-sentiment-group] Unsubscribed all topics or patterns and assigned partitions  
16:23:08.415 [org.springframework.kafka.KafkaListenerEndpointContainer#0-0-C-1] INFO       o.a.k.c.c.i.ConsumerCoordinator -----[Consumer clientId=consumer-weekly-sentiment-group-1, groupId=weekly-sentiment-group] Resetting generation and member id due to: consumer pro-actively leaving the group  
16:23:08.416 [org.springframework.kafka.KafkaListenerEndpointContainer#0-0-C-1] INFO       o.a.k.c.c.i.ConsumerCoordinator -----[Consumer clientId=consumer-weekly-sentiment-group-1, groupId=weekly-sentiment-group] Request joining group due to: consumer pro-actively leaving the group  
16:23:08.470 [org.springframework.kafka.KafkaListenerEndpointContainer#0-0-C-1] INFO       o.a.kafka.common.metrics.Metrics -----Metrics scheduler closed  
16:23:08.471 [org.springframework.kafka.KafkaListenerEndpointContainer#0-0-C-1] INFO       o.a.kafka.common.metrics.Metrics -----Closing reporter org.apache.kafka.common.metrics.JmxReporter  
16:23:08.472 [org.springframework.kafka.KafkaListenerEndpointContainer#0-0-C-1] INFO       o.a.kafka.common.metrics.Metrics -----Closing reporter org.apache.kafka.common.telemetry.internals.ClientTelemetryReporter  
16:23:08.474 [org.springframework.kafka.KafkaListenerEndpointContainer#0-0-C-1] INFO       o.a.kafka.common.metrics.Metrics -----Metrics reporters closed  
16:23:08.926 [org.springframework.kafka.KafkaListenerEndpointContainer#0-0-C-1] INFO       o.a.kafka.common.utils.AppInfoParser -----App info kafka.consumer for consumer-weekly-sentiment-group-1 unregistered  
16:23:08.928 [org.springframework.kafka.KafkaListenerEndpointContainer#0-0-C-1] INFO       o.s.k.l.KafkaMessageListenerContainer -----weekly-sentiment-group: Consumer stopped  
16:23:08.934 [SpringApplicationShutdownHook] INFO       o.s.b.w.e.tomcat.GracefulShutdown -----Commencing graceful shutdown. Waiting for active requests to complete  
16:23:09.291 [tomcat-shutdown] INFO       o.s.b.w.e.tomcat.GracefulShutdown -----Graceful shutdown complete  
