15:10:46.484 [main] INFO       d.a.JournalApp.JournalAppApplication -----Starting JournalAppApplication using Java 21.0.5 with PID 27012 (C:\Users\shank\OneDrive\Desktop\PortfolioWebsite\JournalApp\target\classes started by shank in C:\Users\shank\OneDrive\Desktop\PortfolioWebsite\JournalApp)  
15:10:46.496 [main] INFO       d.a.JournalApp.JournalAppApplication -----The following 1 profile is active: "test"  
15:10:49.054 [main] INFO       o.s.d.r.c.RepositoryConfigurationDelegate -----Multiple Spring Data modules found, entering strict repository configuration mode  
15:10:49.058 [main] INFO       o.s.d.r.c.RepositoryConfigurationDelegate -----Bootstrapping Spring Data MongoDB repositories in DEFAULT mode.  
15:10:49.495 [main] INFO       o.s.d.r.c.RepositoryConfigurationDelegate -----Finished Spring Data repository scanning in 422 ms. Found 3 MongoDB repository interfaces.  
15:10:49.538 [main] INFO       o.s.d.r.c.RepositoryConfigurationDelegate -----Multiple Spring Data modules found, entering strict repository configuration mode  
15:10:49.540 [main] INFO       o.s.d.r.c.RepositoryConfigurationDelegate -----Bootstrapping Spring Data Redis repositories in DEFAULT mode.  
15:10:49.586 [main] INFO       o.s.d.r.c.RepositoryConfigurationExtensionSupport -----Spring Data Redis - Could not safely identify store assignment for repository candidate interface dev.anurag.JournalApp.repository.ConfigJournalRepository; If you want this repository to be a Redis repository, consider annotating your entities with one of these annotations: org.springframework.data.redis.core.RedisHash (preferred), or consider extending one of the following types with your repository: org.springframework.data.keyvalue.repository.KeyValueRepository  
15:10:49.586 [main] INFO       o.s.d.r.c.RepositoryConfigurationExtensionSupport -----Spring Data Redis - Could not safely identify store assignment for repository candidate interface dev.anurag.JournalApp.repository.JournalRepository; If you want this repository to be a Redis repository, consider annotating your entities with one of these annotations: org.springframework.data.redis.core.RedisHash (preferred), or consider extending one of the following types with your repository: org.springframework.data.keyvalue.repository.KeyValueRepository  
15:10:49.587 [main] INFO       o.s.d.r.c.RepositoryConfigurationExtensionSupport -----Spring Data Redis - Could not safely identify store assignment for repository candidate interface dev.anurag.JournalApp.repository.UserRepository; If you want this repository to be a Redis repository, consider annotating your entities with one of these annotations: org.springframework.data.redis.core.RedisHash (preferred), or consider extending one of the following types with your repository: org.springframework.data.keyvalue.repository.KeyValueRepository  
15:10:49.587 [main] INFO       o.s.d.r.c.RepositoryConfigurationDelegate -----Finished Spring Data repository scanning in 22 ms. Found 0 Redis repository interfaces.  
15:10:51.238 [main] INFO       o.s.b.w.e.tomcat.TomcatWebServer -----Tomcat initialized with port 8080 (http)  
15:10:51.280 [main] INFO       o.a.coyote.http11.Http11NioProtocol -----Initializing ProtocolHandler ["http-nio-8080"]  
15:10:51.287 [main] INFO       o.a.catalina.core.StandardService -----Starting service [Tomcat]  
15:10:51.288 [main] INFO       o.a.catalina.core.StandardEngine -----Starting Servlet engine: [Apache Tomcat/10.1.36]  
15:10:51.425 [main] INFO       o.a.c.c.C.[Tomcat].[localhost].[/] -----Initializing Spring embedded WebApplicationContext  
15:10:51.426 [main] INFO       o.s.b.w.s.c.ServletWebServerApplicationContext -----Root WebApplicationContext: initialization completed in 4805 ms  
15:10:52.449 [main] INFO       org.mongodb.driver.client -----MongoClient with metadata {"application": {"name": "Cluster0"}, "driver": {"name": "mongo-java-driver|sync|spring-boot", "version": "5.2.1"}, "os": {"type": "Windows", "name": "Windows 11", "architecture": "amd64", "version": "10.0"}, "platform": "Java/Oracle Corporation/21.0.5+9-LTS-jvmci-23.1-b48"} created with settings MongoClientSettings{readPreference=primary, writeConcern=WriteConcern{w=majority, wTimeout=null ms, journal=null}, retryWrites=true, retryReads=true, readConcern=ReadConcern{level=null}, credential=MongoCredential{mechanism=null, userName='jatanurag000', source='admin', password=<hidden>, mechanismProperties=<hidden>}, transportSettings=null, commandListeners=[], codecRegistry=ProvidersCodecRegistry{codecProviders=[ValueCodecProvider{}, BsonValueCodecProvider{}, DBRefCodecProvider{}, DBObjectCodecProvider{}, DocumentCodecProvider{}, CollectionCodecProvider{}, IterableCodecProvider{}, MapCodecProvider{}, GeoJsonCodecProvider{}, GridFSFileCodecProvider{}, Jsr310CodecProvider{}, JsonObjectCodecProvider{}, BsonCodecProvider{}, EnumCodecProvider{}, com.mongodb.client.model.mql.ExpressionCodecProvider@656842bc, com.mongodb.Jep395RecordCodecProvider@6b867ee7, com.mongodb.KotlinCodecProvider@3dec3f87]}, loggerSettings=LoggerSettings{maxDocumentLength=1000}, clusterSettings={hosts=[127.0.0.1:27017], srvHost=cluster0.z7sib.mongodb.net, srvServiceName=mongodb, mode=MULTIPLE, requiredClusterType=REPLICA_SET, requiredReplicaSetName='atlas-3fnet9-shard-0', serverSelector='null', clusterListeners='[]', serverSelectionTimeout='30000 ms', localThreshold='15 ms'}, socketSettings=SocketSettings{connectTimeoutMS=10000, readTimeoutMS=0, receiveBufferSize=0, proxySettings=ProxySettings{host=null, port=null, username=null, password=null}}, heartbeatSocketSettings=SocketSettings{connectTimeoutMS=10000, readTimeoutMS=10000, receiveBufferSize=0, proxySettings=ProxySettings{host=null, port=null, username=null, password=null}}, connectionPoolSettings=ConnectionPoolSettings{maxSize=100, minSize=0, maxWaitTimeMS=120000, maxConnectionLifeTimeMS=0, maxConnectionIdleTimeMS=0, maintenanceInitialDelayMS=0, maintenanceFrequencyMS=60000, connectionPoolListeners=[], maxConnecting=2}, serverSettings=ServerSettings{heartbeatFrequencyMS=10000, minHeartbeatFrequencyMS=500, serverMonitoringMode=AUTO, serverListeners='[]', serverMonitorListeners='[]'}, sslSettings=SslSettings{enabled=true, invalidHostNameAllowed=false, context=null}, applicationName='Cluster0', compressorList=[], uuidRepresentation=JAVA_LEGACY, serverApi=null, autoEncryptionSettings=null, dnsClient=null, inetAddressResolver=null, contextProvider=null, timeoutMS=null}  
15:10:52.485 [cluster-ClusterId{value='683042a434f3d1397556a143', description='Cluster0'}-srv-cluster0.z7sib.mongodb.net] INFO       org.mongodb.driver.cluster -----Adding discovered server cluster0-shard-00-00.z7sib.mongodb.net:27017 to client view of cluster  
15:10:52.553 [cluster-ClusterId{value='683042a434f3d1397556a143', description='Cluster0'}-srv-cluster0.z7sib.mongodb.net] INFO       org.mongodb.driver.cluster -----Adding discovered server cluster0-shard-00-01.z7sib.mongodb.net:27017 to client view of cluster  
15:10:52.560 [cluster-ClusterId{value='683042a434f3d1397556a143', description='Cluster0'}-srv-cluster0.z7sib.mongodb.net] INFO       org.mongodb.driver.cluster -----Adding discovered server cluster0-shard-00-02.z7sib.mongodb.net:27017 to client view of cluster  
15:10:53.093 [main] INFO       org.mongodb.driver.cluster -----Waiting for server to become available for operation with ID 5. Remaining time: 29978 ms. Selector: WritableServerSelector, topology description: {type=REPLICA_SET, servers=[{address=cluster0-shard-00-01.z7sib.mongodb.net:27017, type=UNKNOWN, state=CONNECTING}, {address=cluster0-shard-00-02.z7sib.mongodb.net:27017, type=UNKNOWN, state=CONNECTING}, {address=cluster0-shard-00-00.z7sib.mongodb.net:27017, type=UNKNOWN, state=CONNECTING}].  
15:10:53.927 [cluster-ClusterId{value='683042a434f3d1397556a143', description='Cluster0'}-cluster0-shard-00-02.z7sib.mongodb.net:27017] INFO       org.mongodb.driver.cluster -----Monitor thread successfully connected to server with description ServerDescription{address=cluster0-shard-00-02.z7sib.mongodb.net:27017, type=REPLICA_SET_SECONDARY, cryptd=false, state=CONNECTED, ok=true, minWireVersion=0, maxWireVersion=25, maxDocumentSize=16777216, logicalSessionTimeoutMinutes=30, roundTripTimeNanos=604293400, minRoundTripTimeNanos=0, setName='atlas-3fnet9-shard-0', canonicalAddress=cluster0-shard-00-02.z7sib.mongodb.net:27017, hosts=[cluster0-shard-00-01.z7sib.mongodb.net:27017, cluster0-shard-00-02.z7sib.mongodb.net:27017, cluster0-shard-00-00.z7sib.mongodb.net:27017], passives=[], arbiters=[], primary='cluster0-shard-00-01.z7sib.mongodb.net:27017', tagSet=TagSet{[Tag{name='availabilityZone', value='aps1-az2'}, Tag{name='diskState', value='READY'}, Tag{name='nodeType', value='ELECTABLE'}, Tag{name='provider', value='AWS'}, Tag{name='region', value='AP_SOUTH_1'}, Tag{name='workloadType', value='OPERATIONAL'}]}, electionId=null, setVersion=1, topologyVersion=TopologyVersion{processId=682ee50b47630e4fa1c8918c, counter=3}, lastWriteDate=Fri May 23 15:10:54 IST 2025, lastUpdateTimeNanos=1528879242662500}  
15:10:53.927 [cluster-ClusterId{value='683042a434f3d1397556a143', description='Cluster0'}-cluster0-shard-00-01.z7sib.mongodb.net:27017] INFO       org.mongodb.driver.cluster -----Monitor thread successfully connected to server with description ServerDescription{address=cluster0-shard-00-01.z7sib.mongodb.net:27017, type=REPLICA_SET_PRIMARY, cryptd=false, state=CONNECTED, ok=true, minWireVersion=0, maxWireVersion=25, maxDocumentSize=16777216, logicalSessionTimeoutMinutes=30, roundTripTimeNanos=634314300, minRoundTripTimeNanos=0, setName='atlas-3fnet9-shard-0', canonicalAddress=cluster0-shard-00-01.z7sib.mongodb.net:27017, hosts=[cluster0-shard-00-01.z7sib.mongodb.net:27017, cluster0-shard-00-02.z7sib.mongodb.net:27017, cluster0-shard-00-00.z7sib.mongodb.net:27017], passives=[], arbiters=[], primary='cluster0-shard-00-01.z7sib.mongodb.net:27017', tagSet=TagSet{[Tag{name='availabilityZone', value='aps1-az3'}, Tag{name='diskState', value='READY'}, Tag{name='nodeType', value='ELECTABLE'}, Tag{name='provider', value='AWS'}, Tag{name='region', value='AP_SOUTH_1'}, Tag{name='workloadType', value='OPERATIONAL'}]}, electionId=7fffffff000000000000009d, setVersion=1, topologyVersion=TopologyVersion{processId=682ee3cf3be14e934485afaf, counter=6}, lastWriteDate=Fri May 23 15:10:54 IST 2025, lastUpdateTimeNanos=1528879242662700}  
15:10:53.927 [cluster-ClusterId{value='683042a434f3d1397556a143', description='Cluster0'}-cluster0-shard-00-00.z7sib.mongodb.net:27017] INFO       org.mongodb.driver.cluster -----Monitor thread successfully connected to server with description ServerDescription{address=cluster0-shard-00-00.z7sib.mongodb.net:27017, type=REPLICA_SET_SECONDARY, cryptd=false, state=CONNECTED, ok=true, minWireVersion=0, maxWireVersion=25, maxDocumentSize=16777216, logicalSessionTimeoutMinutes=30, roundTripTimeNanos=634315100, minRoundTripTimeNanos=0, setName='atlas-3fnet9-shard-0', canonicalAddress=cluster0-shard-00-00.z7sib.mongodb.net:27017, hosts=[cluster0-shard-00-01.z7sib.mongodb.net:27017, cluster0-shard-00-02.z7sib.mongodb.net:27017, cluster0-shard-00-00.z7sib.mongodb.net:27017], passives=[], arbiters=[], primary='cluster0-shard-00-01.z7sib.mongodb.net:27017', tagSet=TagSet{[Tag{name='availabilityZone', value='aps1-az1'}, Tag{name='diskState', value='READY'}, Tag{name='nodeType', value='ELECTABLE'}, Tag{name='provider', value='AWS'}, Tag{name='region', value='AP_SOUTH_1'}, Tag{name='workloadType', value='OPERATIONAL'}]}, electionId=null, setVersion=1, topologyVersion=TopologyVersion{processId=682ee276bddb8061aa2a393a, counter=4}, lastWriteDate=Fri May 23 15:10:54 IST 2025, lastUpdateTimeNanos=1528879242662600}  
15:10:53.933 [cluster-ClusterId{value='683042a434f3d1397556a143', description='Cluster0'}-cluster0-shard-00-01.z7sib.mongodb.net:27017] INFO       org.mongodb.driver.cluster -----Discovered replica set primary cluster0-shard-00-01.z7sib.mongodb.net:27017 with max election id 7fffffff000000000000009d and max set version 1  
15:10:56.181 [main] WARN       o.s.s.c.a.a.c.InitializeUserDetailsBeanManagerConfigurer$InitializeUserDetailsManagerConfigurer -----Global AuthenticationManager configured with an AuthenticationProvider bean. UserDetailsService beans will not be used by Spring Security for automatically configuring username/password login. Consider removing the AuthenticationProvider bean. Alternatively, consider using the UserDetailsService in a manually instantiated DaoAuthenticationProvider. If the current configuration is intentional, to turn off this warning, increase the logging level of 'org.springframework.security.config.annotation.authentication.configuration.InitializeUserDetailsBeanManagerConfigurer' to ERROR  
15:10:57.576 [main] INFO       o.a.coyote.http11.Http11NioProtocol -----Starting ProtocolHandler ["http-nio-8080"]  
15:10:57.601 [main] INFO       o.s.b.w.e.tomcat.TomcatWebServer -----Tomcat started on port 8080 (http) with context path '/'  
15:10:57.712 [main] INFO       o.a.k.c.consumer.ConsumerConfig -----ConsumerConfig values: 
	allow.auto.create.topics = true
	auto.commit.interval.ms = 5000
	auto.include.jmx.reporter = true
	auto.offset.reset = latest
	bootstrap.servers = [localhost:9092]
	check.crcs = true
	client.dns.lookup = use_all_dns_ips
	client.id = consumer-weekly-sentiment-group-1
	client.rack = 
	connections.max.idle.ms = 540000
	default.api.timeout.ms = 60000
	enable.auto.commit = false
	enable.metrics.push = true
	exclude.internal.topics = true
	fetch.max.bytes = 52428800
	fetch.max.wait.ms = 500
	fetch.min.bytes = 1
	group.id = weekly-sentiment-group
	group.instance.id = null
	group.protocol = classic
	group.remote.assignor = null
	heartbeat.interval.ms = 3000
	interceptor.classes = []
	internal.leave.group.on.close = true
	internal.throw.on.fetch.stable.offset.unsupported = false
	isolation.level = read_uncommitted
	key.deserializer = class org.apache.kafka.common.serialization.StringDeserializer
	max.partition.fetch.bytes = 1048576
	max.poll.interval.ms = 300000
	max.poll.records = 500
	metadata.max.age.ms = 300000
	metadata.recovery.strategy = none
	metric.reporters = []
	metrics.num.samples = 2
	metrics.recording.level = INFO
	metrics.sample.window.ms = 30000
	partition.assignment.strategy = [class org.apache.kafka.clients.consumer.RangeAssignor, class org.apache.kafka.clients.consumer.CooperativeStickyAssignor]
	receive.buffer.bytes = 65536
	reconnect.backoff.max.ms = 1000
	reconnect.backoff.ms = 50
	request.timeout.ms = 30000
	retry.backoff.max.ms = 1000
	retry.backoff.ms = 100
	sasl.client.callback.handler.class = null
	sasl.jaas.config = null
	sasl.kerberos.kinit.cmd = /usr/bin/kinit
	sasl.kerberos.min.time.before.relogin = 60000
	sasl.kerberos.service.name = null
	sasl.kerberos.ticket.renew.jitter = 0.05
	sasl.kerberos.ticket.renew.window.factor = 0.8
	sasl.login.callback.handler.class = null
	sasl.login.class = null
	sasl.login.connect.timeout.ms = null
	sasl.login.read.timeout.ms = null
	sasl.login.refresh.buffer.seconds = 300
	sasl.login.refresh.min.period.seconds = 60
	sasl.login.refresh.window.factor = 0.8
	sasl.login.refresh.window.jitter = 0.05
	sasl.login.retry.backoff.max.ms = 10000
	sasl.login.retry.backoff.ms = 100
	sasl.mechanism = GSSAPI
	sasl.oauthbearer.clock.skew.seconds = 30
	sasl.oauthbearer.expected.audience = null
	sasl.oauthbearer.expected.issuer = null
	sasl.oauthbearer.jwks.endpoint.refresh.ms = 3600000
	sasl.oauthbearer.jwks.endpoint.retry.backoff.max.ms = 10000
	sasl.oauthbearer.jwks.endpoint.retry.backoff.ms = 100
	sasl.oauthbearer.jwks.endpoint.url = null
	sasl.oauthbearer.scope.claim.name = scope
	sasl.oauthbearer.sub.claim.name = sub
	sasl.oauthbearer.token.endpoint.url = null
	security.protocol = PLAINTEXT
	security.providers = null
	send.buffer.bytes = 131072
	session.timeout.ms = 45000
	socket.connection.setup.timeout.max.ms = 30000
	socket.connection.setup.timeout.ms = 10000
	ssl.cipher.suites = null
	ssl.enabled.protocols = [TLSv1.2, TLSv1.3]
	ssl.endpoint.identification.algorithm = https
	ssl.engine.factory.class = null
	ssl.key.password = null
	ssl.keymanager.algorithm = SunX509
	ssl.keystore.certificate.chain = null
	ssl.keystore.key = null
	ssl.keystore.location = null
	ssl.keystore.password = null
	ssl.keystore.type = JKS
	ssl.protocol = TLSv1.3
	ssl.provider = null
	ssl.secure.random.implementation = null
	ssl.trustmanager.algorithm = PKIX
	ssl.truststore.certificates = null
	ssl.truststore.location = null
	ssl.truststore.password = null
	ssl.truststore.type = JKS
	value.deserializer = class org.apache.kafka.common.serialization.StringDeserializer
  
15:10:57.866 [main] INFO       o.a.k.c.t.i.KafkaMetricsCollector -----initializing Kafka metrics collector  
15:10:58.318 [main] INFO       o.a.kafka.common.utils.AppInfoParser -----Kafka version: 3.8.1  
15:10:58.321 [main] INFO       o.a.kafka.common.utils.AppInfoParser -----Kafka commitId: 70d6ff42debf7e17  
15:10:58.321 [main] INFO       o.a.kafka.common.utils.AppInfoParser -----Kafka startTimeMs: 1747993258315  
15:10:58.329 [main] INFO       o.a.k.c.c.i.LegacyKafkaConsumer -----[Consumer clientId=consumer-weekly-sentiment-group-1, groupId=weekly-sentiment-group] Subscribed to topic(s): weekly-sentiments  
15:10:58.374 [main] INFO       d.a.JournalApp.JournalAppApplication -----Started JournalAppApplication in 13.04 seconds (process running for 15.914)  
15:10:58.921 [org.springframework.kafka.KafkaListenerEndpointContainer#0-0-C-1] INFO       o.apache.kafka.clients.NetworkClient -----[Consumer clientId=consumer-weekly-sentiment-group-1, groupId=weekly-sentiment-group] Node -1 disconnected.  
15:10:58.924 [org.springframework.kafka.KafkaListenerEndpointContainer#0-0-C-1] WARN       o.apache.kafka.clients.NetworkClient -----[Consumer clientId=consumer-weekly-sentiment-group-1, groupId=weekly-sentiment-group] Connection to node -1 (localhost/127.0.0.1:9092) could not be established. Node may not be available.  
15:10:58.925 [org.springframework.kafka.KafkaListenerEndpointContainer#0-0-C-1] WARN       o.apache.kafka.clients.NetworkClient -----[Consumer clientId=consumer-weekly-sentiment-group-1, groupId=weekly-sentiment-group] Bootstrap broker localhost:9092 (id: -1 rack: null) disconnected  
15:10:59.014 [org.springframework.kafka.KafkaListenerEndpointContainer#0-0-C-1] INFO       o.apache.kafka.clients.NetworkClient -----[Consumer clientId=consumer-weekly-sentiment-group-1, groupId=weekly-sentiment-group] Node -1 disconnected.  
15:10:59.016 [org.springframework.kafka.KafkaListenerEndpointContainer#0-0-C-1] WARN       o.apache.kafka.clients.NetworkClient -----[Consumer clientId=consumer-weekly-sentiment-group-1, groupId=weekly-sentiment-group] Connection to node -1 (localhost/127.0.0.1:9092) could not be established. Node may not be available.  
15:10:59.016 [org.springframework.kafka.KafkaListenerEndpointContainer#0-0-C-1] WARN       o.apache.kafka.clients.NetworkClient -----[Consumer clientId=consumer-weekly-sentiment-group-1, groupId=weekly-sentiment-group] Bootstrap broker localhost:9092 (id: -1 rack: null) disconnected  
15:10:59.131 [org.springframework.kafka.KafkaListenerEndpointContainer#0-0-C-1] INFO       o.apache.kafka.clients.NetworkClient -----[Consumer clientId=consumer-weekly-sentiment-group-1, groupId=weekly-sentiment-group] Node -1 disconnected.  
15:10:59.131 [org.springframework.kafka.KafkaListenerEndpointContainer#0-0-C-1] WARN       o.apache.kafka.clients.NetworkClient -----[Consumer clientId=consumer-weekly-sentiment-group-1, groupId=weekly-sentiment-group] Connection to node -1 (localhost/127.0.0.1:9092) could not be established. Node may not be available.  
15:10:59.132 [org.springframework.kafka.KafkaListenerEndpointContainer#0-0-C-1] WARN       o.apache.kafka.clients.NetworkClient -----[Consumer clientId=consumer-weekly-sentiment-group-1, groupId=weekly-sentiment-group] Bootstrap broker localhost:9092 (id: -1 rack: null) disconnected  
15:10:59.337 [org.springframework.kafka.KafkaListenerEndpointContainer#0-0-C-1] INFO       o.apache.kafka.clients.NetworkClient -----[Consumer clientId=consumer-weekly-sentiment-group-1, groupId=weekly-sentiment-group] Node -1 disconnected.  
15:10:59.338 [org.springframework.kafka.KafkaListenerEndpointContainer#0-0-C-1] WARN       o.apache.kafka.clients.NetworkClient -----[Consumer clientId=consumer-weekly-sentiment-group-1, groupId=weekly-sentiment-group] Connection to node -1 (localhost/127.0.0.1:9092) could not be established. Node may not be available.  
15:10:59.338 [org.springframework.kafka.KafkaListenerEndpointContainer#0-0-C-1] WARN       o.apache.kafka.clients.NetworkClient -----[Consumer clientId=consumer-weekly-sentiment-group-1, groupId=weekly-sentiment-group] Bootstrap broker localhost:9092 (id: -1 rack: null) disconnected  
15:10:59.724 [org.springframework.kafka.KafkaListenerEndpointContainer#0-0-C-1] INFO       o.apache.kafka.clients.NetworkClient -----[Consumer clientId=consumer-weekly-sentiment-group-1, groupId=weekly-sentiment-group] Node -1 disconnected.  
15:10:59.724 [org.springframework.kafka.KafkaListenerEndpointContainer#0-0-C-1] WARN       o.apache.kafka.clients.NetworkClient -----[Consumer clientId=consumer-weekly-sentiment-group-1, groupId=weekly-sentiment-group] Connection to node -1 (localhost/127.0.0.1:9092) could not be established. Node may not be available.  
15:10:59.724 [org.springframework.kafka.KafkaListenerEndpointContainer#0-0-C-1] WARN       o.apache.kafka.clients.NetworkClient -----[Consumer clientId=consumer-weekly-sentiment-group-1, groupId=weekly-sentiment-group] Bootstrap broker localhost:9092 (id: -1 rack: null) disconnected  
15:11:00.535 [org.springframework.kafka.KafkaListenerEndpointContainer#0-0-C-1] INFO       o.apache.kafka.clients.NetworkClient -----[Consumer clientId=consumer-weekly-sentiment-group-1, groupId=weekly-sentiment-group] Node -1 disconnected.  
15:11:00.535 [org.springframework.kafka.KafkaListenerEndpointContainer#0-0-C-1] WARN       o.apache.kafka.clients.NetworkClient -----[Consumer clientId=consumer-weekly-sentiment-group-1, groupId=weekly-sentiment-group] Connection to node -1 (localhost/127.0.0.1:9092) could not be established. Node may not be available.  
15:11:00.535 [org.springframework.kafka.KafkaListenerEndpointContainer#0-0-C-1] WARN       o.apache.kafka.clients.NetworkClient -----[Consumer clientId=consumer-weekly-sentiment-group-1, groupId=weekly-sentiment-group] Bootstrap broker localhost:9092 (id: -1 rack: null) disconnected  
15:11:01.394 [org.springframework.kafka.KafkaListenerEndpointContainer#0-0-C-1] INFO       o.apache.kafka.clients.NetworkClient -----[Consumer clientId=consumer-weekly-sentiment-group-1, groupId=weekly-sentiment-group] Node -1 disconnected.  
15:11:01.395 [org.springframework.kafka.KafkaListenerEndpointContainer#0-0-C-1] WARN       o.apache.kafka.clients.NetworkClient -----[Consumer clientId=consumer-weekly-sentiment-group-1, groupId=weekly-sentiment-group] Connection to node -1 (localhost/127.0.0.1:9092) could not be established. Node may not be available.  
15:11:01.395 [org.springframework.kafka.KafkaListenerEndpointContainer#0-0-C-1] WARN       o.apache.kafka.clients.NetworkClient -----[Consumer clientId=consumer-weekly-sentiment-group-1, groupId=weekly-sentiment-group] Bootstrap broker localhost:9092 (id: -1 rack: null) disconnected  
15:11:02.288 [org.springframework.kafka.KafkaListenerEndpointContainer#0-0-C-1] INFO       o.apache.kafka.clients.NetworkClient -----[Consumer clientId=consumer-weekly-sentiment-group-1, groupId=weekly-sentiment-group] Node -1 disconnected.  
15:11:02.288 [org.springframework.kafka.KafkaListenerEndpointContainer#0-0-C-1] WARN       o.apache.kafka.clients.NetworkClient -----[Consumer clientId=consumer-weekly-sentiment-group-1, groupId=weekly-sentiment-group] Connection to node -1 (localhost/127.0.0.1:9092) could not be established. Node may not be available.  
15:11:02.288 [org.springframework.kafka.KafkaListenerEndpointContainer#0-0-C-1] WARN       o.apache.kafka.clients.NetworkClient -----[Consumer clientId=consumer-weekly-sentiment-group-1, groupId=weekly-sentiment-group] Bootstrap broker localhost:9092 (id: -1 rack: null) disconnected  
15:11:03.304 [org.springframework.kafka.KafkaListenerEndpointContainer#0-0-C-1] INFO       o.apache.kafka.clients.NetworkClient -----[Consumer clientId=consumer-weekly-sentiment-group-1, groupId=weekly-sentiment-group] Node -1 disconnected.  
15:11:03.306 [org.springframework.kafka.KafkaListenerEndpointContainer#0-0-C-1] WARN       o.apache.kafka.clients.NetworkClient -----[Consumer clientId=consumer-weekly-sentiment-group-1, groupId=weekly-sentiment-group] Connection to node -1 (localhost/127.0.0.1:9092) could not be established. Node may not be available.  
15:11:03.306 [org.springframework.kafka.KafkaListenerEndpointContainer#0-0-C-1] WARN       o.apache.kafka.clients.NetworkClient -----[Consumer clientId=consumer-weekly-sentiment-group-1, groupId=weekly-sentiment-group] Bootstrap broker localhost:9092 (id: -1 rack: null) disconnected  
15:11:04.304 [org.springframework.kafka.KafkaListenerEndpointContainer#0-0-C-1] INFO       o.apache.kafka.clients.NetworkClient -----[Consumer clientId=consumer-weekly-sentiment-group-1, groupId=weekly-sentiment-group] Node -1 disconnected.  
15:11:04.305 [org.springframework.kafka.KafkaListenerEndpointContainer#0-0-C-1] WARN       o.apache.kafka.clients.NetworkClient -----[Consumer clientId=consumer-weekly-sentiment-group-1, groupId=weekly-sentiment-group] Connection to node -1 (localhost/127.0.0.1:9092) could not be established. Node may not be available.  
15:11:04.305 [org.springframework.kafka.KafkaListenerEndpointContainer#0-0-C-1] WARN       o.apache.kafka.clients.NetworkClient -----[Consumer clientId=consumer-weekly-sentiment-group-1, groupId=weekly-sentiment-group] Bootstrap broker localhost:9092 (id: -1 rack: null) disconnected  
15:11:05.315 [org.springframework.kafka.KafkaListenerEndpointContainer#0-0-C-1] INFO       o.apache.kafka.clients.NetworkClient -----[Consumer clientId=consumer-weekly-sentiment-group-1, groupId=weekly-sentiment-group] Node -1 disconnected.  
15:11:05.315 [org.springframework.kafka.KafkaListenerEndpointContainer#0-0-C-1] WARN       o.apache.kafka.clients.NetworkClient -----[Consumer clientId=consumer-weekly-sentiment-group-1, groupId=weekly-sentiment-group] Connection to node -1 (localhost/127.0.0.1:9092) could not be established. Node may not be available.  
15:11:05.315 [org.springframework.kafka.KafkaListenerEndpointContainer#0-0-C-1] WARN       o.apache.kafka.clients.NetworkClient -----[Consumer clientId=consumer-weekly-sentiment-group-1, groupId=weekly-sentiment-group] Bootstrap broker localhost:9092 (id: -1 rack: null) disconnected  
15:11:06.197 [org.springframework.kafka.KafkaListenerEndpointContainer#0-0-C-1] INFO       o.apache.kafka.clients.NetworkClient -----[Consumer clientId=consumer-weekly-sentiment-group-1, groupId=weekly-sentiment-group] Node -1 disconnected.  
15:11:06.197 [org.springframework.kafka.KafkaListenerEndpointContainer#0-0-C-1] WARN       o.apache.kafka.clients.NetworkClient -----[Consumer clientId=consumer-weekly-sentiment-group-1, groupId=weekly-sentiment-group] Connection to node -1 (localhost/127.0.0.1:9092) could not be established. Node may not be available.  
15:11:06.198 [org.springframework.kafka.KafkaListenerEndpointContainer#0-0-C-1] WARN       o.apache.kafka.clients.NetworkClient -----[Consumer clientId=consumer-weekly-sentiment-group-1, groupId=weekly-sentiment-group] Bootstrap broker localhost:9092 (id: -1 rack: null) disconnected  
15:11:07.207 [org.springframework.kafka.KafkaListenerEndpointContainer#0-0-C-1] INFO       o.apache.kafka.clients.NetworkClient -----[Consumer clientId=consumer-weekly-sentiment-group-1, groupId=weekly-sentiment-group] Node -1 disconnected.  
15:11:07.207 [org.springframework.kafka.KafkaListenerEndpointContainer#0-0-C-1] WARN       o.apache.kafka.clients.NetworkClient -----[Consumer clientId=consumer-weekly-sentiment-group-1, groupId=weekly-sentiment-group] Connection to node -1 (localhost/127.0.0.1:9092) could not be established. Node may not be available.  
15:11:07.207 [org.springframework.kafka.KafkaListenerEndpointContainer#0-0-C-1] WARN       o.apache.kafka.clients.NetworkClient -----[Consumer clientId=consumer-weekly-sentiment-group-1, groupId=weekly-sentiment-group] Bootstrap broker localhost:9092 (id: -1 rack: null) disconnected  
15:11:08.229 [org.springframework.kafka.KafkaListenerEndpointContainer#0-0-C-1] INFO       o.apache.kafka.clients.NetworkClient -----[Consumer clientId=consumer-weekly-sentiment-group-1, groupId=weekly-sentiment-group] Node -1 disconnected.  
15:11:08.229 [org.springframework.kafka.KafkaListenerEndpointContainer#0-0-C-1] WARN       o.apache.kafka.clients.NetworkClient -----[Consumer clientId=consumer-weekly-sentiment-group-1, groupId=weekly-sentiment-group] Connection to node -1 (localhost/127.0.0.1:9092) could not be established. Node may not be available.  
15:11:08.229 [org.springframework.kafka.KafkaListenerEndpointContainer#0-0-C-1] WARN       o.apache.kafka.clients.NetworkClient -----[Consumer clientId=consumer-weekly-sentiment-group-1, groupId=weekly-sentiment-group] Bootstrap broker localhost:9092 (id: -1 rack: null) disconnected  
15:11:09.160 [org.springframework.kafka.KafkaListenerEndpointContainer#0-0-C-1] INFO       o.apache.kafka.clients.NetworkClient -----[Consumer clientId=consumer-weekly-sentiment-group-1, groupId=weekly-sentiment-group] Node -1 disconnected.  
15:11:09.161 [org.springframework.kafka.KafkaListenerEndpointContainer#0-0-C-1] WARN       o.apache.kafka.clients.NetworkClient -----[Consumer clientId=consumer-weekly-sentiment-group-1, groupId=weekly-sentiment-group] Connection to node -1 (localhost/127.0.0.1:9092) could not be established. Node may not be available.  
15:11:09.161 [org.springframework.kafka.KafkaListenerEndpointContainer#0-0-C-1] WARN       o.apache.kafka.clients.NetworkClient -----[Consumer clientId=consumer-weekly-sentiment-group-1, groupId=weekly-sentiment-group] Bootstrap broker localhost:9092 (id: -1 rack: null) disconnected  
15:11:10.168 [org.springframework.kafka.KafkaListenerEndpointContainer#0-0-C-1] INFO       o.apache.kafka.clients.NetworkClient -----[Consumer clientId=consumer-weekly-sentiment-group-1, groupId=weekly-sentiment-group] Node -1 disconnected.  
15:11:10.168 [org.springframework.kafka.KafkaListenerEndpointContainer#0-0-C-1] WARN       o.apache.kafka.clients.NetworkClient -----[Consumer clientId=consumer-weekly-sentiment-group-1, groupId=weekly-sentiment-group] Connection to node -1 (localhost/127.0.0.1:9092) could not be established. Node may not be available.  
15:11:10.168 [org.springframework.kafka.KafkaListenerEndpointContainer#0-0-C-1] WARN       o.apache.kafka.clients.NetworkClient -----[Consumer clientId=consumer-weekly-sentiment-group-1, groupId=weekly-sentiment-group] Bootstrap broker localhost:9092 (id: -1 rack: null) disconnected  
15:11:11.181 [org.springframework.kafka.KafkaListenerEndpointContainer#0-0-C-1] INFO       o.apache.kafka.clients.NetworkClient -----[Consumer clientId=consumer-weekly-sentiment-group-1, groupId=weekly-sentiment-group] Node -1 disconnected.  
15:11:11.182 [org.springframework.kafka.KafkaListenerEndpointContainer#0-0-C-1] WARN       o.apache.kafka.clients.NetworkClient -----[Consumer clientId=consumer-weekly-sentiment-group-1, groupId=weekly-sentiment-group] Connection to node -1 (localhost/127.0.0.1:9092) could not be established. Node may not be available.  
15:11:11.182 [org.springframework.kafka.KafkaListenerEndpointContainer#0-0-C-1] WARN       o.apache.kafka.clients.NetworkClient -----[Consumer clientId=consumer-weekly-sentiment-group-1, groupId=weekly-sentiment-group] Bootstrap broker localhost:9092 (id: -1 rack: null) disconnected  
15:11:12.188 [org.springframework.kafka.KafkaListenerEndpointContainer#0-0-C-1] INFO       o.apache.kafka.clients.NetworkClient -----[Consumer clientId=consumer-weekly-sentiment-group-1, groupId=weekly-sentiment-group] Node -1 disconnected.  
15:11:12.189 [org.springframework.kafka.KafkaListenerEndpointContainer#0-0-C-1] WARN       o.apache.kafka.clients.NetworkClient -----[Consumer clientId=consumer-weekly-sentiment-group-1, groupId=weekly-sentiment-group] Connection to node -1 (localhost/127.0.0.1:9092) could not be established. Node may not be available.  
15:11:12.191 [org.springframework.kafka.KafkaListenerEndpointContainer#0-0-C-1] WARN       o.apache.kafka.clients.NetworkClient -----[Consumer clientId=consumer-weekly-sentiment-group-1, groupId=weekly-sentiment-group] Bootstrap broker localhost:9092 (id: -1 rack: null) disconnected  
15:11:13.191 [org.springframework.kafka.KafkaListenerEndpointContainer#0-0-C-1] INFO       o.apache.kafka.clients.NetworkClient -----[Consumer clientId=consumer-weekly-sentiment-group-1, groupId=weekly-sentiment-group] Node -1 disconnected.  
15:11:13.191 [org.springframework.kafka.KafkaListenerEndpointContainer#0-0-C-1] WARN       o.apache.kafka.clients.NetworkClient -----[Consumer clientId=consumer-weekly-sentiment-group-1, groupId=weekly-sentiment-group] Connection to node -1 (localhost/127.0.0.1:9092) could not be established. Node may not be available.  
15:11:13.192 [org.springframework.kafka.KafkaListenerEndpointContainer#0-0-C-1] WARN       o.apache.kafka.clients.NetworkClient -----[Consumer clientId=consumer-weekly-sentiment-group-1, groupId=weekly-sentiment-group] Bootstrap broker localhost:9092 (id: -1 rack: null) disconnected  
15:11:14.142 [org.springframework.kafka.KafkaListenerEndpointContainer#0-0-C-1] INFO       o.apache.kafka.clients.NetworkClient -----[Consumer clientId=consumer-weekly-sentiment-group-1, groupId=weekly-sentiment-group] Node -1 disconnected.  
15:11:14.142 [org.springframework.kafka.KafkaListenerEndpointContainer#0-0-C-1] WARN       o.apache.kafka.clients.NetworkClient -----[Consumer clientId=consumer-weekly-sentiment-group-1, groupId=weekly-sentiment-group] Connection to node -1 (localhost/127.0.0.1:9092) could not be established. Node may not be available.  
15:11:14.145 [org.springframework.kafka.KafkaListenerEndpointContainer#0-0-C-1] WARN       o.apache.kafka.clients.NetworkClient -----[Consumer clientId=consumer-weekly-sentiment-group-1, groupId=weekly-sentiment-group] Bootstrap broker localhost:9092 (id: -1 rack: null) disconnected  
15:11:15.149 [org.springframework.kafka.KafkaListenerEndpointContainer#0-0-C-1] INFO       o.apache.kafka.clients.NetworkClient -----[Consumer clientId=consumer-weekly-sentiment-group-1, groupId=weekly-sentiment-group] Node -1 disconnected.  
15:11:15.149 [org.springframework.kafka.KafkaListenerEndpointContainer#0-0-C-1] WARN       o.apache.kafka.clients.NetworkClient -----[Consumer clientId=consumer-weekly-sentiment-group-1, groupId=weekly-sentiment-group] Connection to node -1 (localhost/127.0.0.1:9092) could not be established. Node may not be available.  
15:11:15.150 [org.springframework.kafka.KafkaListenerEndpointContainer#0-0-C-1] WARN       o.apache.kafka.clients.NetworkClient -----[Consumer clientId=consumer-weekly-sentiment-group-1, groupId=weekly-sentiment-group] Bootstrap broker localhost:9092 (id: -1 rack: null) disconnected  
15:11:16.069 [org.springframework.kafka.KafkaListenerEndpointContainer#0-0-C-1] INFO       o.apache.kafka.clients.NetworkClient -----[Consumer clientId=consumer-weekly-sentiment-group-1, groupId=weekly-sentiment-group] Node -1 disconnected.  
15:11:16.070 [org.springframework.kafka.KafkaListenerEndpointContainer#0-0-C-1] WARN       o.apache.kafka.clients.NetworkClient -----[Consumer clientId=consumer-weekly-sentiment-group-1, groupId=weekly-sentiment-group] Connection to node -1 (localhost/127.0.0.1:9092) could not be established. Node may not be available.  
15:11:16.070 [org.springframework.kafka.KafkaListenerEndpointContainer#0-0-C-1] WARN       o.apache.kafka.clients.NetworkClient -----[Consumer clientId=consumer-weekly-sentiment-group-1, groupId=weekly-sentiment-group] Bootstrap broker localhost:9092 (id: -1 rack: null) disconnected  
15:11:17.080 [org.springframework.kafka.KafkaListenerEndpointContainer#0-0-C-1] INFO       o.apache.kafka.clients.NetworkClient -----[Consumer clientId=consumer-weekly-sentiment-group-1, groupId=weekly-sentiment-group] Node -1 disconnected.  
15:11:17.081 [org.springframework.kafka.KafkaListenerEndpointContainer#0-0-C-1] WARN       o.apache.kafka.clients.NetworkClient -----[Consumer clientId=consumer-weekly-sentiment-group-1, groupId=weekly-sentiment-group] Connection to node -1 (localhost/127.0.0.1:9092) could not be established. Node may not be available.  
15:11:17.081 [org.springframework.kafka.KafkaListenerEndpointContainer#0-0-C-1] WARN       o.apache.kafka.clients.NetworkClient -----[Consumer clientId=consumer-weekly-sentiment-group-1, groupId=weekly-sentiment-group] Bootstrap broker localhost:9092 (id: -1 rack: null) disconnected  
15:11:17.942 [org.springframework.kafka.KafkaListenerEndpointContainer#0-0-C-1] INFO       o.apache.kafka.clients.NetworkClient -----[Consumer clientId=consumer-weekly-sentiment-group-1, groupId=weekly-sentiment-group] Node -1 disconnected.  
15:11:17.942 [org.springframework.kafka.KafkaListenerEndpointContainer#0-0-C-1] WARN       o.apache.kafka.clients.NetworkClient -----[Consumer clientId=consumer-weekly-sentiment-group-1, groupId=weekly-sentiment-group] Connection to node -1 (localhost/127.0.0.1:9092) could not be established. Node may not be available.  
15:11:17.942 [org.springframework.kafka.KafkaListenerEndpointContainer#0-0-C-1] WARN       o.apache.kafka.clients.NetworkClient -----[Consumer clientId=consumer-weekly-sentiment-group-1, groupId=weekly-sentiment-group] Bootstrap broker localhost:9092 (id: -1 rack: null) disconnected  
15:11:18.761 [org.springframework.kafka.KafkaListenerEndpointContainer#0-0-C-1] INFO       o.a.k.c.c.i.ConsumerCoordinator -----[Consumer clientId=consumer-weekly-sentiment-group-1, groupId=weekly-sentiment-group] Resetting generation and member id due to: consumer pro-actively leaving the group  
15:11:18.762 [org.springframework.kafka.KafkaListenerEndpointContainer#0-0-C-1] INFO       o.a.k.c.c.i.ConsumerCoordinator -----[Consumer clientId=consumer-weekly-sentiment-group-1, groupId=weekly-sentiment-group] Request joining group due to: consumer pro-actively leaving the group  
15:11:18.762 [org.springframework.kafka.KafkaListenerEndpointContainer#0-0-C-1] INFO       o.a.k.c.c.i.LegacyKafkaConsumer -----[Consumer clientId=consumer-weekly-sentiment-group-1, groupId=weekly-sentiment-group] Unsubscribed all topics or patterns and assigned partitions  
15:11:18.764 [org.springframework.kafka.KafkaListenerEndpointContainer#0-0-C-1] INFO       o.a.k.c.c.i.ConsumerCoordinator -----[Consumer clientId=consumer-weekly-sentiment-group-1, groupId=weekly-sentiment-group] Resetting generation and member id due to: consumer pro-actively leaving the group  
15:11:18.764 [org.springframework.kafka.KafkaListenerEndpointContainer#0-0-C-1] INFO       o.a.k.c.c.i.ConsumerCoordinator -----[Consumer clientId=consumer-weekly-sentiment-group-1, groupId=weekly-sentiment-group] Request joining group due to: consumer pro-actively leaving the group  
15:11:18.772 [org.springframework.kafka.KafkaListenerEndpointContainer#0-0-C-1] INFO       o.a.kafka.common.metrics.Metrics -----Metrics scheduler closed  
15:11:18.773 [org.springframework.kafka.KafkaListenerEndpointContainer#0-0-C-1] INFO       o.a.kafka.common.metrics.Metrics -----Closing reporter org.apache.kafka.common.metrics.JmxReporter  
15:11:18.773 [org.springframework.kafka.KafkaListenerEndpointContainer#0-0-C-1] INFO       o.a.kafka.common.metrics.Metrics -----Closing reporter org.apache.kafka.common.telemetry.internals.ClientTelemetryReporter  
15:11:18.773 [org.springframework.kafka.KafkaListenerEndpointContainer#0-0-C-1] INFO       o.a.kafka.common.metrics.Metrics -----Metrics reporters closed  
15:11:18.788 [org.springframework.kafka.KafkaListenerEndpointContainer#0-0-C-1] INFO       o.a.kafka.common.utils.AppInfoParser -----App info kafka.consumer for consumer-weekly-sentiment-group-1 unregistered  
15:11:18.789 [org.springframework.kafka.KafkaListenerEndpointContainer#0-0-C-1] INFO       o.s.k.l.KafkaMessageListenerContainer -----weekly-sentiment-group: Consumer stopped  
15:11:18.793 [SpringApplicationShutdownHook] INFO       o.s.b.w.e.tomcat.GracefulShutdown -----Commencing graceful shutdown. Waiting for active requests to complete  
15:11:18.802 [tomcat-shutdown] INFO       o.s.b.w.e.tomcat.GracefulShutdown -----Graceful shutdown complete  
