23:39:35.217 [main] INFO       d.a.JournalApp.JournalAppApplication -----Starting JournalAppApplication using Java 21.0.5 with PID 1596 (C:\Users\shank\OneDrive\Desktop\PortfolioWebsite\JournalApp\target\classes started by shank in C:\Users\shank\OneDrive\Desktop\PortfolioWebsite\JournalApp)  
23:39:35.224 [main] INFO       d.a.JournalApp.JournalAppApplication -----The following 1 profile is active: "test"  
23:39:37.200 [main] INFO       o.s.d.r.c.RepositoryConfigurationDelegate -----Multiple Spring Data modules found, entering strict repository configuration mode  
23:39:37.203 [main] INFO       o.s.d.r.c.RepositoryConfigurationDelegate -----Bootstrapping Spring Data MongoDB repositories in DEFAULT mode.  
23:39:37.479 [main] INFO       o.s.d.r.c.RepositoryConfigurationDelegate -----Finished Spring Data repository scanning in 264 ms. Found 3 MongoDB repository interfaces.  
23:39:37.512 [main] INFO       o.s.d.r.c.RepositoryConfigurationDelegate -----Multiple Spring Data modules found, entering strict repository configuration mode  
23:39:37.515 [main] INFO       o.s.d.r.c.RepositoryConfigurationDelegate -----Bootstrapping Spring Data Redis repositories in DEFAULT mode.  
23:39:37.548 [main] INFO       o.s.d.r.c.RepositoryConfigurationExtensionSupport -----Spring Data Redis - Could not safely identify store assignment for repository candidate interface dev.anurag.JournalApp.repository.ConfigJournalRepository; If you want this repository to be a Redis repository, consider annotating your entities with one of these annotations: org.springframework.data.redis.core.RedisHash (preferred), or consider extending one of the following types with your repository: org.springframework.data.keyvalue.repository.KeyValueRepository  
23:39:37.549 [main] INFO       o.s.d.r.c.RepositoryConfigurationExtensionSupport -----Spring Data Redis - Could not safely identify store assignment for repository candidate interface dev.anurag.JournalApp.repository.JournalRepository; If you want this repository to be a Redis repository, consider annotating your entities with one of these annotations: org.springframework.data.redis.core.RedisHash (preferred), or consider extending one of the following types with your repository: org.springframework.data.keyvalue.repository.KeyValueRepository  
23:39:37.549 [main] INFO       o.s.d.r.c.RepositoryConfigurationExtensionSupport -----Spring Data Redis - Could not safely identify store assignment for repository candidate interface dev.anurag.JournalApp.repository.UserRepository; If you want this repository to be a Redis repository, consider annotating your entities with one of these annotations: org.springframework.data.redis.core.RedisHash (preferred), or consider extending one of the following types with your repository: org.springframework.data.keyvalue.repository.KeyValueRepository  
23:39:37.550 [main] INFO       o.s.d.r.c.RepositoryConfigurationDelegate -----Finished Spring Data repository scanning in 16 ms. Found 0 Redis repository interfaces.  
23:39:38.557 [main] INFO       o.s.b.w.e.tomcat.TomcatWebServer -----Tomcat initialized with port 8080 (http)  
23:39:38.575 [main] INFO       o.a.coyote.http11.Http11NioProtocol -----Initializing ProtocolHandler ["http-nio-8080"]  
23:39:38.579 [main] INFO       o.a.catalina.core.StandardService -----Starting service [Tomcat]  
23:39:38.580 [main] INFO       o.a.catalina.core.StandardEngine -----Starting Servlet engine: [Apache Tomcat/10.1.36]  
23:39:38.680 [main] INFO       o.a.c.c.C.[Tomcat].[localhost].[/] -----Initializing Spring embedded WebApplicationContext  
23:39:38.693 [main] INFO       o.s.b.w.s.c.ServletWebServerApplicationContext -----Root WebApplicationContext: initialization completed in 3385 ms  
23:39:39.017 [cluster-ClusterId{value='68939a6276402936e8626641', description='Cluster0'}-srv-cluster0.z7sib.mongodb.net] INFO       org.mongodb.driver.cluster -----Adding discovered server cluster0-shard-00-00.z7sib.mongodb.net:27017 to client view of cluster  
23:39:39.047 [main] INFO       org.mongodb.driver.client -----MongoClient with metadata {"application": {"name": "Cluster0"}, "driver": {"name": "mongo-java-driver|sync|spring-boot", "version": "5.2.1"}, "os": {"type": "Windows", "name": "Windows 11", "architecture": "amd64", "version": "10.0"}, "platform": "Java/Oracle Corporation/21.0.5+9-LTS-jvmci-23.1-b48"} created with settings MongoClientSettings{readPreference=primary, writeConcern=WriteConcern{w=majority, wTimeout=null ms, journal=null}, retryWrites=true, retryReads=true, readConcern=ReadConcern{level=null}, credential=MongoCredential{mechanism=null, userName='jatanurag000', source='admin', password=<hidden>, mechanismProperties=<hidden>}, transportSettings=null, commandListeners=[], codecRegistry=ProvidersCodecRegistry{codecProviders=[ValueCodecProvider{}, BsonValueCodecProvider{}, DBRefCodecProvider{}, DBObjectCodecProvider{}, DocumentCodecProvider{}, CollectionCodecProvider{}, IterableCodecProvider{}, MapCodecProvider{}, GeoJsonCodecProvider{}, GridFSFileCodecProvider{}, Jsr310CodecProvider{}, JsonObjectCodecProvider{}, BsonCodecProvider{}, EnumCodecProvider{}, com.mongodb.client.model.mql.ExpressionCodecProvider@2c2c3947, com.mongodb.Jep395RecordCodecProvider@4a62062a, com.mongodb.KotlinCodecProvider@7ec08115]}, loggerSettings=LoggerSettings{maxDocumentLength=1000}, clusterSettings={hosts=[127.0.0.1:27017], srvHost=cluster0.z7sib.mongodb.net, srvServiceName=mongodb, mode=MULTIPLE, requiredClusterType=REPLICA_SET, requiredReplicaSetName='atlas-3fnet9-shard-0', serverSelector='null', clusterListeners='[]', serverSelectionTimeout='30000 ms', localThreshold='15 ms'}, socketSettings=SocketSettings{connectTimeoutMS=10000, readTimeoutMS=0, receiveBufferSize=0, proxySettings=ProxySettings{host=null, port=null, username=null, password=null}}, heartbeatSocketSettings=SocketSettings{connectTimeoutMS=10000, readTimeoutMS=10000, receiveBufferSize=0, proxySettings=ProxySettings{host=null, port=null, username=null, password=null}}, connectionPoolSettings=ConnectionPoolSettings{maxSize=100, minSize=0, maxWaitTimeMS=120000, maxConnectionLifeTimeMS=0, maxConnectionIdleTimeMS=0, maintenanceInitialDelayMS=0, maintenanceFrequencyMS=60000, connectionPoolListeners=[], maxConnecting=2}, serverSettings=ServerSettings{heartbeatFrequencyMS=10000, minHeartbeatFrequencyMS=500, serverMonitoringMode=AUTO, serverListeners='[]', serverMonitorListeners='[]'}, sslSettings=SslSettings{enabled=true, invalidHostNameAllowed=false, context=null}, applicationName='Cluster0', compressorList=[], uuidRepresentation=JAVA_LEGACY, serverApi=null, autoEncryptionSettings=null, dnsClient=null, inetAddressResolver=null, contextProvider=null, timeoutMS=null}  
23:39:39.069 [cluster-ClusterId{value='68939a6276402936e8626641', description='Cluster0'}-srv-cluster0.z7sib.mongodb.net] INFO       org.mongodb.driver.cluster -----Adding discovered server cluster0-shard-00-01.z7sib.mongodb.net:27017 to client view of cluster  
23:39:39.077 [cluster-ClusterId{value='68939a6276402936e8626641', description='Cluster0'}-srv-cluster0.z7sib.mongodb.net] INFO       org.mongodb.driver.cluster -----Adding discovered server cluster0-shard-00-02.z7sib.mongodb.net:27017 to client view of cluster  
23:39:39.557 [main] INFO       org.mongodb.driver.cluster -----Waiting for server to become available for operation with ID 5. Remaining time: 29988 ms. Selector: WritableServerSelector, topology description: {type=REPLICA_SET, servers=[{address=cluster0-shard-00-01.z7sib.mongodb.net:27017, type=UNKNOWN, state=CONNECTING}, {address=cluster0-shard-00-02.z7sib.mongodb.net:27017, type=UNKNOWN, state=CONNECTING}, {address=cluster0-shard-00-00.z7sib.mongodb.net:27017, type=UNKNOWN, state=CONNECTING}].  
23:39:39.954 [cluster-ClusterId{value='68939a6276402936e8626641', description='Cluster0'}-cluster0-shard-00-02.z7sib.mongodb.net:27017] INFO       org.mongodb.driver.cluster -----Monitor thread successfully connected to server with description ServerDescription{address=cluster0-shard-00-02.z7sib.mongodb.net:27017, type=REPLICA_SET_SECONDARY, cryptd=false, state=CONNECTED, ok=true, minWireVersion=0, maxWireVersion=25, maxDocumentSize=16777216, logicalSessionTimeoutMinutes=30, roundTripTimeNanos=456625300, minRoundTripTimeNanos=0, setName='atlas-3fnet9-shard-0', canonicalAddress=cluster0-shard-00-02.z7sib.mongodb.net:27017, hosts=[cluster0-shard-00-01.z7sib.mongodb.net:27017, cluster0-shard-00-02.z7sib.mongodb.net:27017, cluster0-shard-00-00.z7sib.mongodb.net:27017], passives=[], arbiters=[], primary='cluster0-shard-00-01.z7sib.mongodb.net:27017', tagSet=TagSet{[Tag{name='availabilityZone', value='aps1-az2'}, Tag{name='diskState', value='READY'}, Tag{name='nodeType', value='ELECTABLE'}, Tag{name='provider', value='AWS'}, Tag{name='region', value='AP_SOUTH_1'}, Tag{name='workloadType', value='OPERATIONAL'}]}, electionId=null, setVersion=19, topologyVersion=TopologyVersion{processId=689216d9c665d786278c0c10, counter=3}, lastWriteDate=Wed Aug 06 23:39:38 IST 2025, lastUpdateTimeNanos=215459915408700}  
23:39:39.954 [cluster-ClusterId{value='68939a6276402936e8626641', description='Cluster0'}-cluster0-shard-00-01.z7sib.mongodb.net:27017] INFO       org.mongodb.driver.cluster -----Monitor thread successfully connected to server with description ServerDescription{address=cluster0-shard-00-01.z7sib.mongodb.net:27017, type=REPLICA_SET_PRIMARY, cryptd=false, state=CONNECTED, ok=true, minWireVersion=0, maxWireVersion=25, maxDocumentSize=16777216, logicalSessionTimeoutMinutes=30, roundTripTimeNanos=456628100, minRoundTripTimeNanos=0, setName='atlas-3fnet9-shard-0', canonicalAddress=cluster0-shard-00-01.z7sib.mongodb.net:27017, hosts=[cluster0-shard-00-01.z7sib.mongodb.net:27017, cluster0-shard-00-02.z7sib.mongodb.net:27017, cluster0-shard-00-00.z7sib.mongodb.net:27017], passives=[], arbiters=[], primary='cluster0-shard-00-01.z7sib.mongodb.net:27017', tagSet=TagSet{[Tag{name='availabilityZone', value='aps1-az3'}, Tag{name='diskState', value='READY'}, Tag{name='nodeType', value='ELECTABLE'}, Tag{name='provider', value='AWS'}, Tag{name='region', value='AP_SOUTH_1'}, Tag{name='workloadType', value='OPERATIONAL'}]}, electionId=7fffffff00000000000000b4, setVersion=19, topologyVersion=TopologyVersion{processId=689213ebb59f4cfa5ca30a86, counter=6}, lastWriteDate=Wed Aug 06 23:39:38 IST 2025, lastUpdateTimeNanos=215459915408700}  
23:39:39.954 [cluster-ClusterId{value='68939a6276402936e8626641', description='Cluster0'}-cluster0-shard-00-00.z7sib.mongodb.net:27017] INFO       org.mongodb.driver.cluster -----Monitor thread successfully connected to server with description ServerDescription{address=cluster0-shard-00-00.z7sib.mongodb.net:27017, type=REPLICA_SET_SECONDARY, cryptd=false, state=CONNECTED, ok=true, minWireVersion=0, maxWireVersion=25, maxDocumentSize=16777216, logicalSessionTimeoutMinutes=30, roundTripTimeNanos=456660600, minRoundTripTimeNanos=0, setName='atlas-3fnet9-shard-0', canonicalAddress=cluster0-shard-00-00.z7sib.mongodb.net:27017, hosts=[cluster0-shard-00-01.z7sib.mongodb.net:27017, cluster0-shard-00-02.z7sib.mongodb.net:27017, cluster0-shard-00-00.z7sib.mongodb.net:27017], passives=[], arbiters=[], primary='cluster0-shard-00-01.z7sib.mongodb.net:27017', tagSet=TagSet{[Tag{name='availabilityZone', value='aps1-az1'}, Tag{name='diskState', value='READY'}, Tag{name='nodeType', value='ELECTABLE'}, Tag{name='provider', value='AWS'}, Tag{name='region', value='AP_SOUTH_1'}, Tag{name='workloadType', value='OPERATIONAL'}]}, electionId=null, setVersion=19, topologyVersion=TopologyVersion{processId=689211383e74461b22ddc88d, counter=4}, lastWriteDate=Wed Aug 06 23:39:38 IST 2025, lastUpdateTimeNanos=215459915436800}  
23:39:39.959 [cluster-ClusterId{value='68939a6276402936e8626641', description='Cluster0'}-cluster0-shard-00-01.z7sib.mongodb.net:27017] INFO       org.mongodb.driver.cluster -----Discovered replica set primary cluster0-shard-00-01.z7sib.mongodb.net:27017 with max election id 7fffffff00000000000000b4 and max set version 19  
23:39:40.771 [main] WARN       o.s.s.c.a.a.c.InitializeUserDetailsBeanManagerConfigurer$InitializeUserDetailsManagerConfigurer -----Global AuthenticationManager configured with an AuthenticationProvider bean. UserDetailsService beans will not be used by Spring Security for automatically configuring username/password login. Consider removing the AuthenticationProvider bean. Alternatively, consider using the UserDetailsService in a manually instantiated DaoAuthenticationProvider. If the current configuration is intentional, to turn off this warning, increase the logging level of 'org.springframework.security.config.annotation.authentication.configuration.InitializeUserDetailsBeanManagerConfigurer' to ERROR  
23:39:42.228 [main] INFO       o.a.coyote.http11.Http11NioProtocol -----Starting ProtocolHandler ["http-nio-8080"]  
23:39:42.246 [main] INFO       o.s.b.w.e.tomcat.TomcatWebServer -----Tomcat started on port 8080 (http) with context path '/'  
23:39:42.303 [main] INFO       o.a.k.c.consumer.ConsumerConfig -----ConsumerConfig values: 
	allow.auto.create.topics = true
	auto.commit.interval.ms = 5000
	auto.include.jmx.reporter = true
	auto.offset.reset = latest
	bootstrap.servers = [localhost:9092]
	check.crcs = true
	client.dns.lookup = use_all_dns_ips
	client.id = consumer-weekly-sentiment-group-1
	client.rack = 
	connections.max.idle.ms = 540000
	default.api.timeout.ms = 60000
	enable.auto.commit = false
	enable.metrics.push = true
	exclude.internal.topics = true
	fetch.max.bytes = 52428800
	fetch.max.wait.ms = 500
	fetch.min.bytes = 1
	group.id = weekly-sentiment-group
	group.instance.id = null
	group.protocol = classic
	group.remote.assignor = null
	heartbeat.interval.ms = 3000
	interceptor.classes = []
	internal.leave.group.on.close = true
	internal.throw.on.fetch.stable.offset.unsupported = false
	isolation.level = read_uncommitted
	key.deserializer = class org.apache.kafka.common.serialization.StringDeserializer
	max.partition.fetch.bytes = 1048576
	max.poll.interval.ms = 300000
	max.poll.records = 500
	metadata.max.age.ms = 300000
	metadata.recovery.strategy = none
	metric.reporters = []
	metrics.num.samples = 2
	metrics.recording.level = INFO
	metrics.sample.window.ms = 30000
	partition.assignment.strategy = [class org.apache.kafka.clients.consumer.RangeAssignor, class org.apache.kafka.clients.consumer.CooperativeStickyAssignor]
	receive.buffer.bytes = 65536
	reconnect.backoff.max.ms = 1000
	reconnect.backoff.ms = 50
	request.timeout.ms = 30000
	retry.backoff.max.ms = 1000
	retry.backoff.ms = 100
	sasl.client.callback.handler.class = null
	sasl.jaas.config = null
	sasl.kerberos.kinit.cmd = /usr/bin/kinit
	sasl.kerberos.min.time.before.relogin = 60000
	sasl.kerberos.service.name = null
	sasl.kerberos.ticket.renew.jitter = 0.05
	sasl.kerberos.ticket.renew.window.factor = 0.8
	sasl.login.callback.handler.class = null
	sasl.login.class = null
	sasl.login.connect.timeout.ms = null
	sasl.login.read.timeout.ms = null
	sasl.login.refresh.buffer.seconds = 300
	sasl.login.refresh.min.period.seconds = 60
	sasl.login.refresh.window.factor = 0.8
	sasl.login.refresh.window.jitter = 0.05
	sasl.login.retry.backoff.max.ms = 10000
	sasl.login.retry.backoff.ms = 100
	sasl.mechanism = GSSAPI
	sasl.oauthbearer.clock.skew.seconds = 30
	sasl.oauthbearer.expected.audience = null
	sasl.oauthbearer.expected.issuer = null
	sasl.oauthbearer.jwks.endpoint.refresh.ms = 3600000
	sasl.oauthbearer.jwks.endpoint.retry.backoff.max.ms = 10000
	sasl.oauthbearer.jwks.endpoint.retry.backoff.ms = 100
	sasl.oauthbearer.jwks.endpoint.url = null
	sasl.oauthbearer.scope.claim.name = scope
	sasl.oauthbearer.sub.claim.name = sub
	sasl.oauthbearer.token.endpoint.url = null
	security.protocol = PLAINTEXT
	security.providers = null
	send.buffer.bytes = 131072
	session.timeout.ms = 45000
	socket.connection.setup.timeout.max.ms = 30000
	socket.connection.setup.timeout.ms = 10000
	ssl.cipher.suites = null
	ssl.enabled.protocols = [TLSv1.2, TLSv1.3]
	ssl.endpoint.identification.algorithm = https
	ssl.engine.factory.class = null
	ssl.key.password = null
	ssl.keymanager.algorithm = SunX509
	ssl.keystore.certificate.chain = null
	ssl.keystore.key = null
	ssl.keystore.location = null
	ssl.keystore.password = null
	ssl.keystore.type = JKS
	ssl.protocol = TLSv1.3
	ssl.provider = null
	ssl.secure.random.implementation = null
	ssl.trustmanager.algorithm = PKIX
	ssl.truststore.certificates = null
	ssl.truststore.location = null
	ssl.truststore.password = null
	ssl.truststore.type = JKS
	value.deserializer = class org.apache.kafka.common.serialization.StringDeserializer
  
23:39:42.378 [main] INFO       o.a.k.c.t.i.KafkaMetricsCollector -----initializing Kafka metrics collector  
23:39:42.685 [main] INFO       o.a.kafka.common.utils.AppInfoParser -----Kafka version: 3.8.1  
23:39:42.686 [main] INFO       o.a.kafka.common.utils.AppInfoParser -----Kafka commitId: 70d6ff42debf7e17  
23:39:42.686 [main] INFO       o.a.kafka.common.utils.AppInfoParser -----Kafka startTimeMs: 1754503782683  
23:39:42.692 [main] INFO       o.a.k.c.c.i.LegacyKafkaConsumer -----[Consumer clientId=consumer-weekly-sentiment-group-1, groupId=weekly-sentiment-group] Subscribed to topic(s): weekly-sentiments  
23:39:42.720 [main] INFO       d.a.JournalApp.JournalAppApplication -----Started JournalAppApplication in 8.16 seconds (process running for 13.434)  
